[0.621s] DEBUG:colcon:Command line arguments: ['/usr/bin/colcon', 'build', '--packages-select', 'scara_fk']
[0.622s] DEBUG:colcon:Parsed command line arguments: Namespace(log_base=None, log_level=None, verb_name='build', build_base='build', install_base='install', merge_install=False, symlink_install=False, test_result_base=None, continue_on_error=False, executor='parallel', parallel_workers=16, event_handlers=None, ignore_user_meta=False, metas=['./colcon.meta'], base_paths=['.'], packages_ignore=None, packages_ignore_regex=None, paths=None, packages_up_to=None, packages_up_to_regex=None, packages_above=None, packages_above_and_dependencies=None, packages_above_depth=None, packages_select_by_dep=None, packages_skip_by_dep=None, packages_skip_up_to=None, packages_select_build_failed=False, packages_skip_build_finished=False, packages_select_test_failures=False, packages_skip_test_passed=False, packages_select=['scara_fk'], packages_skip=None, packages_select_regex=None, packages_skip_regex=None, packages_start=None, packages_end=None, allow_overriding=[], cmake_args=None, cmake_target=None, cmake_target_skip_unavailable=False, cmake_clean_cache=False, cmake_clean_first=False, cmake_force_configure=False, ament_cmake_args=None, catkin_cmake_args=None, catkin_skip_building_tests=False, mixin_files=None, mixin=None, verb_parser=<colcon_mixin.mixin.mixin_argument.MixinArgumentDecorator object at 0x7e877aba2b70>, verb_extension=<colcon_core.verb.build.BuildVerb object at 0x7e877aba28a0>, main=<bound method BuildVerb.main of <colcon_core.verb.build.BuildVerb object at 0x7e877aba28a0>>, mixin_verb=('build',))
[0.695s] Level 1:colcon.colcon_core.package_discovery:discover_packages(colcon_meta) check parameters
[0.695s] Level 1:colcon.colcon_core.package_discovery:discover_packages(recursive) check parameters
[0.696s] Level 1:colcon.colcon_core.package_discovery:discover_packages(ignore) check parameters
[0.696s] Level 1:colcon.colcon_core.package_discovery:discover_packages(path) check parameters
[0.696s] Level 1:colcon.colcon_core.package_discovery:discover_packages(colcon_meta) discover
[0.696s] Level 1:colcon.colcon_core.package_discovery:discover_packages(recursive) discover
[0.696s] INFO:colcon.colcon_core.package_discovery:Crawling recursively for packages in '/home/tracy/rbe500/ros2_ws'
[0.696s] Level 1:colcon.colcon_core.package_identification:_identify(.) by extensions ['ignore', 'ignore_ament_install']
[0.696s] Level 1:colcon.colcon_core.package_identification:_identify(.) by extension 'ignore'
[0.696s] Level 1:colcon.colcon_core.package_identification:_identify(.) by extension 'ignore_ament_install'
[0.697s] Level 1:colcon.colcon_core.package_identification:_identify(.) by extensions ['colcon_pkg']
[0.697s] Level 1:colcon.colcon_core.package_identification:_identify(.) by extension 'colcon_pkg'
[0.697s] Level 1:colcon.colcon_core.package_identification:_identify(.) by extensions ['colcon_meta']
[0.697s] Level 1:colcon.colcon_core.package_identification:_identify(.) by extension 'colcon_meta'
[0.697s] Level 1:colcon.colcon_core.package_identification:_identify(.) by extensions ['ros']
[0.697s] Level 1:colcon.colcon_core.package_identification:_identify(.) by extension 'ros'
[0.757s] Level 1:colcon.colcon_core.package_identification:_identify(.) by extensions ['cmake', 'python']
[0.757s] Level 1:colcon.colcon_core.package_identification:_identify(.) by extension 'cmake'
[0.757s] Level 1:colcon.colcon_core.package_identification:_identify(.) by extension 'python'
[0.757s] Level 1:colcon.colcon_core.package_identification:_identify(.) by extensions ['python_setup_py']
[0.758s] Level 1:colcon.colcon_core.package_identification:_identify(.) by extension 'python_setup_py'
[0.758s] Level 1:colcon.colcon_core.package_identification:_identify(build) by extensions ['ignore', 'ignore_ament_install']
[0.758s] Level 1:colcon.colcon_core.package_identification:_identify(build) by extension 'ignore'
[0.758s] Level 1:colcon.colcon_core.package_identification:_identify(build) ignored
[0.758s] Level 1:colcon.colcon_core.package_identification:_identify(install) by extensions ['ignore', 'ignore_ament_install']
[0.759s] Level 1:colcon.colcon_core.package_identification:_identify(install) by extension 'ignore'
[0.759s] Level 1:colcon.colcon_core.package_identification:_identify(install) ignored
[0.759s] Level 1:colcon.colcon_core.package_identification:_identify(log) by extensions ['ignore', 'ignore_ament_install']
[0.759s] Level 1:colcon.colcon_core.package_identification:_identify(log) by extension 'ignore'
[0.759s] Level 1:colcon.colcon_core.package_identification:_identify(log) ignored
[0.759s] Level 1:colcon.colcon_core.package_identification:_identify(src) by extensions ['ignore', 'ignore_ament_install']
[0.759s] Level 1:colcon.colcon_core.package_identification:_identify(src) by extension 'ignore'
[0.760s] Level 1:colcon.colcon_core.package_identification:_identify(src) by extension 'ignore_ament_install'
[0.760s] Level 1:colcon.colcon_core.package_identification:_identify(src) by extensions ['colcon_pkg']
[0.760s] Level 1:colcon.colcon_core.package_identification:_identify(src) by extension 'colcon_pkg'
[0.760s] Level 1:colcon.colcon_core.package_identification:_identify(src) by extensions ['colcon_meta']
[0.760s] Level 1:colcon.colcon_core.package_identification:_identify(src) by extension 'colcon_meta'
[0.760s] Level 1:colcon.colcon_core.package_identification:_identify(src) by extensions ['ros']
[0.760s] Level 1:colcon.colcon_core.package_identification:_identify(src) by extension 'ros'
[0.760s] Level 1:colcon.colcon_core.package_identification:_identify(src) by extensions ['cmake', 'python']
[0.761s] Level 1:colcon.colcon_core.package_identification:_identify(src) by extension 'cmake'
[0.761s] Level 1:colcon.colcon_core.package_identification:_identify(src) by extension 'python'
[0.761s] Level 1:colcon.colcon_core.package_identification:_identify(src) by extensions ['python_setup_py']
[0.761s] Level 1:colcon.colcon_core.package_identification:_identify(src) by extension 'python_setup_py'
[0.761s] Level 1:colcon.colcon_core.package_identification:_identify(src/irb1400_fk) by extensions ['ignore', 'ignore_ament_install']
[0.761s] Level 1:colcon.colcon_core.package_identification:_identify(src/irb1400_fk) by extension 'ignore'
[0.761s] Level 1:colcon.colcon_core.package_identification:_identify(src/irb1400_fk) by extension 'ignore_ament_install'
[0.761s] Level 1:colcon.colcon_core.package_identification:_identify(src/irb1400_fk) by extensions ['colcon_pkg']
[0.762s] Level 1:colcon.colcon_core.package_identification:_identify(src/irb1400_fk) by extension 'colcon_pkg'
[0.762s] Level 1:colcon.colcon_core.package_identification:_identify(src/irb1400_fk) by extensions ['colcon_meta']
[0.762s] Level 1:colcon.colcon_core.package_identification:_identify(src/irb1400_fk) by extension 'colcon_meta'
[0.762s] Level 1:colcon.colcon_core.package_identification:_identify(src/irb1400_fk) by extensions ['ros']
[0.762s] Level 1:colcon.colcon_core.package_identification:_identify(src/irb1400_fk) by extension 'ros'
[0.766s] DEBUG:colcon.colcon_core.package_identification:Package 'src/irb1400_fk' with type 'ros.ament_python' and name 'irb1400_fk'
[0.767s] Level 1:colcon.colcon_core.package_identification:_identify(src/quat_to_euler) by extensions ['ignore', 'ignore_ament_install']
[0.767s] Level 1:colcon.colcon_core.package_identification:_identify(src/quat_to_euler) by extension 'ignore'
[0.767s] Level 1:colcon.colcon_core.package_identification:_identify(src/quat_to_euler) by extension 'ignore_ament_install'
[0.767s] Level 1:colcon.colcon_core.package_identification:_identify(src/quat_to_euler) by extensions ['colcon_pkg']
[0.767s] Level 1:colcon.colcon_core.package_identification:_identify(src/quat_to_euler) by extension 'colcon_pkg'
[0.767s] Level 1:colcon.colcon_core.package_identification:_identify(src/quat_to_euler) by extensions ['colcon_meta']
[0.767s] Level 1:colcon.colcon_core.package_identification:_identify(src/quat_to_euler) by extension 'colcon_meta'
[0.767s] Level 1:colcon.colcon_core.package_identification:_identify(src/quat_to_euler) by extensions ['ros']
[0.767s] Level 1:colcon.colcon_core.package_identification:_identify(src/quat_to_euler) by extension 'ros'
[0.769s] DEBUG:colcon.colcon_core.package_identification:Package 'src/quat_to_euler' with type 'ros.ament_python' and name 'quat_to_euler'
[0.769s] Level 1:colcon.colcon_core.package_identification:_identify(src/rbe500_hw1) by extensions ['ignore', 'ignore_ament_install']
[0.769s] Level 1:colcon.colcon_core.package_identification:_identify(src/rbe500_hw1) by extension 'ignore'
[0.769s] Level 1:colcon.colcon_core.package_identification:_identify(src/rbe500_hw1) by extension 'ignore_ament_install'
[0.769s] Level 1:colcon.colcon_core.package_identification:_identify(src/rbe500_hw1) by extensions ['colcon_pkg']
[0.769s] Level 1:colcon.colcon_core.package_identification:_identify(src/rbe500_hw1) by extension 'colcon_pkg'
[0.769s] Level 1:colcon.colcon_core.package_identification:_identify(src/rbe500_hw1) by extensions ['colcon_meta']
[0.770s] Level 1:colcon.colcon_core.package_identification:_identify(src/rbe500_hw1) by extension 'colcon_meta'
[0.770s] Level 1:colcon.colcon_core.package_identification:_identify(src/rbe500_hw1) by extensions ['ros']
[0.770s] Level 1:colcon.colcon_core.package_identification:_identify(src/rbe500_hw1) by extension 'ros'
[0.771s] DEBUG:colcon.colcon_core.package_identification:Package 'src/rbe500_hw1' with type 'ros.ament_python' and name 'rbe500_hw1'
[0.771s] Level 1:colcon.colcon_core.package_identification:_identify(src/scara_description) by extensions ['ignore', 'ignore_ament_install']
[0.771s] Level 1:colcon.colcon_core.package_identification:_identify(src/scara_description) by extension 'ignore'
[0.772s] Level 1:colcon.colcon_core.package_identification:_identify(src/scara_description) by extension 'ignore_ament_install'
[0.772s] Level 1:colcon.colcon_core.package_identification:_identify(src/scara_description) by extensions ['colcon_pkg']
[0.772s] Level 1:colcon.colcon_core.package_identification:_identify(src/scara_description) by extension 'colcon_pkg'
[0.772s] Level 1:colcon.colcon_core.package_identification:_identify(src/scara_description) by extensions ['colcon_meta']
[0.772s] Level 1:colcon.colcon_core.package_identification:_identify(src/scara_description) by extension 'colcon_meta'
[0.772s] Level 1:colcon.colcon_core.package_identification:_identify(src/scara_description) by extensions ['ros']
[0.772s] Level 1:colcon.colcon_core.package_identification:_identify(src/scara_description) by extension 'ros'
[0.773s] DEBUG:colcon.colcon_core.package_identification:Package 'src/scara_description' with type 'ros.ament_cmake' and name 'scara_description'
[0.773s] Level 1:colcon.colcon_core.package_identification:_identify(src/scara_fk) by extensions ['ignore', 'ignore_ament_install']
[0.773s] Level 1:colcon.colcon_core.package_identification:_identify(src/scara_fk) by extension 'ignore'
[0.773s] Level 1:colcon.colcon_core.package_identification:_identify(src/scara_fk) by extension 'ignore_ament_install'
[0.773s] Level 1:colcon.colcon_core.package_identification:_identify(src/scara_fk) by extensions ['colcon_pkg']
[0.773s] Level 1:colcon.colcon_core.package_identification:_identify(src/scara_fk) by extension 'colcon_pkg'
[0.774s] Level 1:colcon.colcon_core.package_identification:_identify(src/scara_fk) by extensions ['colcon_meta']
[0.774s] Level 1:colcon.colcon_core.package_identification:_identify(src/scara_fk) by extension 'colcon_meta'
[0.774s] Level 1:colcon.colcon_core.package_identification:_identify(src/scara_fk) by extensions ['ros']
[0.774s] Level 1:colcon.colcon_core.package_identification:_identify(src/scara_fk) by extension 'ros'
[0.775s] DEBUG:colcon.colcon_core.package_identification:Package 'src/scara_fk' with type 'ros.ament_python' and name 'scara_fk'
[0.776s] Level 1:colcon.colcon_core.package_identification:_identify(src/scara_ik) by extensions ['ignore', 'ignore_ament_install']
[0.776s] Level 1:colcon.colcon_core.package_identification:_identify(src/scara_ik) by extension 'ignore'
[0.776s] Level 1:colcon.colcon_core.package_identification:_identify(src/scara_ik) by extension 'ignore_ament_install'
[0.776s] Level 1:colcon.colcon_core.package_identification:_identify(src/scara_ik) by extensions ['colcon_pkg']
[0.776s] Level 1:colcon.colcon_core.package_identification:_identify(src/scara_ik) by extension 'colcon_pkg'
[0.776s] Level 1:colcon.colcon_core.package_identification:_identify(src/scara_ik) by extensions ['colcon_meta']
[0.776s] Level 1:colcon.colcon_core.package_identification:_identify(src/scara_ik) by extension 'colcon_meta'
[0.776s] Level 1:colcon.colcon_core.package_identification:_identify(src/scara_ik) by extensions ['ros']
[0.776s] Level 1:colcon.colcon_core.package_identification:_identify(src/scara_ik) by extension 'ros'
[0.777s] DEBUG:colcon.colcon_core.package_identification:Package 'src/scara_ik' with type 'ros.ament_cmake' and name 'scara_ik'
[0.778s] Level 1:colcon.colcon_core.package_discovery:discover_packages(recursive) using defaults
[0.778s] Level 1:colcon.colcon_core.package_discovery:discover_packages(ignore) discover
[0.778s] Level 1:colcon.colcon_core.package_discovery:discover_packages(ignore) using defaults
[0.778s] Level 1:colcon.colcon_core.package_discovery:discover_packages(path) discover
[0.778s] Level 1:colcon.colcon_core.package_discovery:discover_packages(path) using defaults
[0.818s] INFO:colcon.colcon_core.package_selection:Skipping not selected package 'irb1400_fk' in 'src/irb1400_fk'
[0.819s] INFO:colcon.colcon_core.package_selection:Skipping not selected package 'quat_to_euler' in 'src/quat_to_euler'
[0.819s] INFO:colcon.colcon_core.package_selection:Skipping not selected package 'rbe500_hw1' in 'src/rbe500_hw1'
[0.819s] INFO:colcon.colcon_core.package_selection:Skipping not selected package 'scara_description' in 'src/scara_description'
[0.819s] INFO:colcon.colcon_core.package_selection:Skipping not selected package 'scara_ik' in 'src/scara_ik'
[0.820s] Level 1:colcon.colcon_core.package_discovery:discover_packages(prefix_path) check parameters
[0.820s] Level 1:colcon.colcon_core.package_discovery:discover_packages(prefix_path) discover
[0.822s] WARNING:colcon.colcon_ros.prefix_path.ament:The path '/home/tracy/rbe500/ros2_ws/install/scara_fk' in the environment variable AMENT_PREFIX_PATH doesn't exist
[0.825s] DEBUG:colcon.colcon_installed_package_information.package_discovery:Found 5 installed packages in /home/tracy/rbe500/ros2_ws/install
[0.828s] DEBUG:colcon.colcon_installed_package_information.package_discovery:Found 337 installed packages in /opt/ros/jazzy
[0.833s] Level 1:colcon.colcon_core.package_discovery:discover_packages(prefix_path) using defaults
[0.930s] Level 5:colcon.colcon_core.verb:set package 'scara_fk' build argument 'cmake_args' from command line to 'None'
[0.930s] Level 5:colcon.colcon_core.verb:set package 'scara_fk' build argument 'cmake_target' from command line to 'None'
[0.930s] Level 5:colcon.colcon_core.verb:set package 'scara_fk' build argument 'cmake_target_skip_unavailable' from command line to 'False'
[0.930s] Level 5:colcon.colcon_core.verb:set package 'scara_fk' build argument 'cmake_clean_cache' from command line to 'False'
[0.930s] Level 5:colcon.colcon_core.verb:set package 'scara_fk' build argument 'cmake_clean_first' from command line to 'False'
[0.930s] Level 5:colcon.colcon_core.verb:set package 'scara_fk' build argument 'cmake_force_configure' from command line to 'False'
[0.930s] Level 5:colcon.colcon_core.verb:set package 'scara_fk' build argument 'ament_cmake_args' from command line to 'None'
[0.931s] Level 5:colcon.colcon_core.verb:set package 'scara_fk' build argument 'catkin_cmake_args' from command line to 'None'
[0.931s] Level 5:colcon.colcon_core.verb:set package 'scara_fk' build argument 'catkin_skip_building_tests' from command line to 'False'
[0.931s] DEBUG:colcon.colcon_core.verb:Building package 'scara_fk' with the following arguments: {'ament_cmake_args': None, 'build_base': '/home/tracy/rbe500/ros2_ws/build/scara_fk', 'catkin_cmake_args': None, 'catkin_skip_building_tests': False, 'cmake_args': None, 'cmake_clean_cache': False, 'cmake_clean_first': False, 'cmake_force_configure': False, 'cmake_target': None, 'cmake_target_skip_unavailable': False, 'install_base': '/home/tracy/rbe500/ros2_ws/install/scara_fk', 'merge_install': False, 'path': '/home/tracy/rbe500/ros2_ws/src/scara_fk', 'symlink_install': False, 'test_result_base': None}
[0.931s] INFO:colcon.colcon_core.executor:Executing jobs using 'parallel' executor
[0.934s] DEBUG:colcon.colcon_parallel_executor.executor.parallel:run_until_complete
[0.935s] INFO:colcon.colcon_ros.task.ament_python.build:Building ROS package in '/home/tracy/rbe500/ros2_ws/src/scara_fk' with build type 'ament_python'
[0.935s] Level 1:colcon.colcon_core.shell:create_environment_hook('scara_fk', 'ament_prefix_path')
[0.941s] INFO:colcon.colcon_core.plugin_system:Skipping extension 'colcon_core.shell.bat': Not used on non-Windows systems
[0.942s] INFO:colcon.colcon_core.shell:Creating environment hook '/home/tracy/rbe500/ros2_ws/install/scara_fk/share/scara_fk/hook/ament_prefix_path.ps1'
[0.945s] INFO:colcon.colcon_core.shell:Creating environment descriptor '/home/tracy/rbe500/ros2_ws/install/scara_fk/share/scara_fk/hook/ament_prefix_path.dsv'
[0.947s] INFO:colcon.colcon_core.shell:Creating environment hook '/home/tracy/rbe500/ros2_ws/install/scara_fk/share/scara_fk/hook/ament_prefix_path.sh'
[0.951s] INFO:colcon.colcon_core.shell:Skip shell extension 'powershell' for command environment: Not usable outside of PowerShell
[0.951s] DEBUG:colcon.colcon_core.shell:Skip shell extension 'dsv' for command environment
[1.469s] INFO:colcon.colcon_core.task.python.build:Building Python package in '/home/tracy/rbe500/ros2_ws/src/scara_fk'
[1.469s] INFO:colcon.colcon_core.shell:Skip shell extension 'powershell' for command environment: Not usable outside of PowerShell
[1.469s] DEBUG:colcon.colcon_core.shell:Skip shell extension 'dsv' for command environment
[2.716s] DEBUG:colcon.colcon_core.event_handler.log_command:Invoking command in '/home/tracy/rbe500/ros2_ws/src/scara_fk': PYTHONPATH=/home/tracy/rbe500/ros2_ws/build/scara_fk/prefix_override:/usr/lib/python3/dist-packages/colcon_core/task/python/colcon_distutils_commands:/home/tracy/rbe500/ros2_ws/install/scara_fk/lib/python3.12/site-packages:${PYTHONPATH} /usr/bin/python3 -W ignore:setup.py install is deprecated -W ignore:easy_install command is deprecated setup.py egg_info --egg-base ../../build/scara_fk build --build-base /home/tracy/rbe500/ros2_ws/build/scara_fk/build install --record /home/tracy/rbe500/ros2_ws/build/scara_fk/install.log --single-version-externally-managed install_data
[3.670s] DEBUG:colcon.colcon_core.event_handler.log_command:Invoked command in '/home/tracy/rbe500/ros2_ws/src/scara_fk' returned '0': PYTHONPATH=/home/tracy/rbe500/ros2_ws/build/scara_fk/prefix_override:/usr/lib/python3/dist-packages/colcon_core/task/python/colcon_distutils_commands:/home/tracy/rbe500/ros2_ws/install/scara_fk/lib/python3.12/site-packages:${PYTHONPATH} /usr/bin/python3 -W ignore:setup.py install is deprecated -W ignore:easy_install command is deprecated setup.py egg_info --egg-base ../../build/scara_fk build --build-base /home/tracy/rbe500/ros2_ws/build/scara_fk/build install --record /home/tracy/rbe500/ros2_ws/build/scara_fk/install.log --single-version-externally-managed install_data
[3.673s] Level 1:colcon.colcon_core.environment:checking '/home/tracy/rbe500/ros2_ws/install/scara_fk' for CMake module files
[3.674s] Level 1:colcon.colcon_core.environment:checking '/home/tracy/rbe500/ros2_ws/install/scara_fk' for CMake config files
[3.675s] Level 1:colcon.colcon_core.environment:checking '/home/tracy/rbe500/ros2_ws/install/scara_fk/lib'
[3.675s] Level 1:colcon.colcon_core.environment:checking '/home/tracy/rbe500/ros2_ws/install/scara_fk/bin'
[3.675s] Level 1:colcon.colcon_core.environment:checking '/home/tracy/rbe500/ros2_ws/install/scara_fk/lib/pkgconfig/scara_fk.pc'
[3.675s] Level 1:colcon.colcon_core.environment:checking '/home/tracy/rbe500/ros2_ws/install/scara_fk/lib/python3.12/site-packages'
[3.675s] Level 1:colcon.colcon_core.shell:create_environment_hook('scara_fk', 'pythonpath')
[3.676s] INFO:colcon.colcon_core.shell:Creating environment hook '/home/tracy/rbe500/ros2_ws/install/scara_fk/share/scara_fk/hook/pythonpath.ps1'
[3.677s] INFO:colcon.colcon_core.shell:Creating environment descriptor '/home/tracy/rbe500/ros2_ws/install/scara_fk/share/scara_fk/hook/pythonpath.dsv'
[3.677s] INFO:colcon.colcon_core.shell:Creating environment hook '/home/tracy/rbe500/ros2_ws/install/scara_fk/share/scara_fk/hook/pythonpath.sh'
[3.681s] Level 1:colcon.colcon_core.environment:checking '/home/tracy/rbe500/ros2_ws/install/scara_fk/bin'
[3.682s] Level 1:colcon.colcon_core.environment:create_environment_scripts_only(scara_fk)
[3.682s] INFO:colcon.colcon_core.shell:Creating package script '/home/tracy/rbe500/ros2_ws/install/scara_fk/share/scara_fk/package.ps1'
[3.684s] INFO:colcon.colcon_core.shell:Creating package descriptor '/home/tracy/rbe500/ros2_ws/install/scara_fk/share/scara_fk/package.dsv'
[3.685s] INFO:colcon.colcon_core.shell:Creating package script '/home/tracy/rbe500/ros2_ws/install/scara_fk/share/scara_fk/package.sh'
[3.691s] INFO:colcon.colcon_core.shell:Creating package script '/home/tracy/rbe500/ros2_ws/install/scara_fk/share/scara_fk/package.bash'
[3.692s] INFO:colcon.colcon_core.shell:Creating package script '/home/tracy/rbe500/ros2_ws/install/scara_fk/share/scara_fk/package.zsh'
[3.692s] Level 1:colcon.colcon_core.environment:create_file_with_runtime_dependencies(/home/tracy/rbe500/ros2_ws/install/scara_fk/share/colcon-core/packages/scara_fk)
[3.694s] DEBUG:colcon.colcon_parallel_executor.executor.parallel:closing loop
[3.695s] DEBUG:colcon.colcon_parallel_executor.executor.parallel:loop closed
[3.696s] DEBUG:colcon.colcon_parallel_executor.executor.parallel:run_until_complete finished with '0'
[3.696s] DEBUG:colcon.colcon_core.event_reactor:joining thread
[3.863s] INFO:colcon.colcon_core.plugin_system:Skipping extension 'colcon_notification.desktop_notification.notify_send': Could not find 'notify-send'
[3.864s] INFO:colcon.colcon_core.plugin_system:Skipping extension 'colcon_notification.desktop_notification.terminal_notifier': Not used on non-Darwin systems
[3.864s] INFO:colcon.colcon_core.plugin_system:Skipping extension 'colcon_notification.desktop_notification.win32': Not used on non-Windows systems
[3.864s] INFO:colcon.colcon_notification.desktop_notification:Sending desktop notification using 'notify2'
[3.865s] DEBUG:colcon.colcon_notification.desktop_notification.notify2:Failed to initialize notify2: org.freedesktop.DBus.Error.ServiceUnknown: The name org.freedesktop.Notifications was not provided by any .service files
[3.866s] DEBUG:colcon.colcon_core.event_reactor:joined thread
[3.866s] INFO:colcon.colcon_core.shell:Creating prefix script '/home/tracy/rbe500/ros2_ws/install/local_setup.ps1'
[3.867s] INFO:colcon.colcon_core.shell:Creating prefix util module '/home/tracy/rbe500/ros2_ws/install/_local_setup_util_ps1.py'
[3.868s] INFO:colcon.colcon_core.shell:Creating prefix chain script '/home/tracy/rbe500/ros2_ws/install/setup.ps1'
[3.870s] INFO:colcon.colcon_core.shell:Creating prefix script '/home/tracy/rbe500/ros2_ws/install/local_setup.sh'
[3.870s] INFO:colcon.colcon_core.shell:Creating prefix util module '/home/tracy/rbe500/ros2_ws/install/_local_setup_util_sh.py'
[3.871s] INFO:colcon.colcon_core.shell:Creating prefix chain script '/home/tracy/rbe500/ros2_ws/install/setup.sh'
[3.872s] INFO:colcon.colcon_core.shell:Creating prefix script '/home/tracy/rbe500/ros2_ws/install/local_setup.bash'
[3.872s] INFO:colcon.colcon_core.shell:Creating prefix chain script '/home/tracy/rbe500/ros2_ws/install/setup.bash'
[3.873s] INFO:colcon.colcon_core.shell:Creating prefix script '/home/tracy/rbe500/ros2_ws/install/local_setup.zsh'
[3.874s] INFO:colcon.colcon_core.shell:Creating prefix chain script '/home/tracy/rbe500/ros2_ws/install/setup.zsh'
