[0.550s] DEBUG:colcon:Command line arguments: ['/usr/bin/colcon', 'build', '--packages-select', 'scara_ik', 'scara_ik_node']
[0.550s] DEBUG:colcon:Parsed command line arguments: Namespace(log_base=None, log_level=None, verb_name='build', build_base='build', install_base='install', merge_install=False, symlink_install=False, test_result_base=None, continue_on_error=False, executor='parallel', parallel_workers=16, event_handlers=None, ignore_user_meta=False, metas=['./colcon.meta'], base_paths=['.'], packages_ignore=None, packages_ignore_regex=None, paths=None, packages_up_to=None, packages_up_to_regex=None, packages_above=None, packages_above_and_dependencies=None, packages_above_depth=None, packages_select_by_dep=None, packages_skip_by_dep=None, packages_skip_up_to=None, packages_select_build_failed=False, packages_skip_build_finished=False, packages_select_test_failures=False, packages_skip_test_passed=False, packages_select=['scara_ik', 'scara_ik_node'], packages_skip=None, packages_select_regex=None, packages_skip_regex=None, packages_start=None, packages_end=None, allow_overriding=[], cmake_args=None, cmake_target=None, cmake_target_skip_unavailable=False, cmake_clean_cache=False, cmake_clean_first=False, cmake_force_configure=False, ament_cmake_args=None, catkin_cmake_args=None, catkin_skip_building_tests=False, mixin_files=None, mixin=None, verb_parser=<colcon_mixin.mixin.mixin_argument.MixinArgumentDecorator object at 0x7ca275aa6c60>, verb_extension=<colcon_core.verb.build.BuildVerb object at 0x7ca275aa6990>, main=<bound method BuildVerb.main of <colcon_core.verb.build.BuildVerb object at 0x7ca275aa6990>>, mixin_verb=('build',))
[0.623s] Level 1:colcon.colcon_core.package_discovery:discover_packages(colcon_meta) check parameters
[0.624s] Level 1:colcon.colcon_core.package_discovery:discover_packages(recursive) check parameters
[0.624s] Level 1:colcon.colcon_core.package_discovery:discover_packages(ignore) check parameters
[0.624s] Level 1:colcon.colcon_core.package_discovery:discover_packages(path) check parameters
[0.624s] Level 1:colcon.colcon_core.package_discovery:discover_packages(colcon_meta) discover
[0.624s] Level 1:colcon.colcon_core.package_discovery:discover_packages(recursive) discover
[0.624s] INFO:colcon.colcon_core.package_discovery:Crawling recursively for packages in '/home/tracy/rbe500/ros2_ws'
[0.624s] Level 1:colcon.colcon_core.package_identification:_identify(.) by extensions ['ignore', 'ignore_ament_install']
[0.624s] Level 1:colcon.colcon_core.package_identification:_identify(.) by extension 'ignore'
[0.624s] Level 1:colcon.colcon_core.package_identification:_identify(.) by extension 'ignore_ament_install'
[0.624s] Level 1:colcon.colcon_core.package_identification:_identify(.) by extensions ['colcon_pkg']
[0.625s] Level 1:colcon.colcon_core.package_identification:_identify(.) by extension 'colcon_pkg'
[0.625s] Level 1:colcon.colcon_core.package_identification:_identify(.) by extensions ['colcon_meta']
[0.625s] Level 1:colcon.colcon_core.package_identification:_identify(.) by extension 'colcon_meta'
[0.625s] Level 1:colcon.colcon_core.package_identification:_identify(.) by extensions ['ros']
[0.625s] Level 1:colcon.colcon_core.package_identification:_identify(.) by extension 'ros'
[0.680s] Level 1:colcon.colcon_core.package_identification:_identify(.) by extensions ['cmake', 'python']
[0.680s] Level 1:colcon.colcon_core.package_identification:_identify(.) by extension 'cmake'
[0.681s] Level 1:colcon.colcon_core.package_identification:_identify(.) by extension 'python'
[0.681s] Level 1:colcon.colcon_core.package_identification:_identify(.) by extensions ['python_setup_py']
[0.681s] Level 1:colcon.colcon_core.package_identification:_identify(.) by extension 'python_setup_py'
[0.681s] Level 1:colcon.colcon_core.package_identification:_identify(build) by extensions ['ignore', 'ignore_ament_install']
[0.681s] Level 1:colcon.colcon_core.package_identification:_identify(build) by extension 'ignore'
[0.681s] Level 1:colcon.colcon_core.package_identification:_identify(build) ignored
[0.682s] Level 1:colcon.colcon_core.package_identification:_identify(install) by extensions ['ignore', 'ignore_ament_install']
[0.682s] Level 1:colcon.colcon_core.package_identification:_identify(install) by extension 'ignore'
[0.682s] Level 1:colcon.colcon_core.package_identification:_identify(install) ignored
[0.682s] Level 1:colcon.colcon_core.package_identification:_identify(log) by extensions ['ignore', 'ignore_ament_install']
[0.682s] Level 1:colcon.colcon_core.package_identification:_identify(log) by extension 'ignore'
[0.683s] Level 1:colcon.colcon_core.package_identification:_identify(log) ignored
[0.683s] Level 1:colcon.colcon_core.package_identification:_identify(src) by extensions ['ignore', 'ignore_ament_install']
[0.683s] Level 1:colcon.colcon_core.package_identification:_identify(src) by extension 'ignore'
[0.683s] Level 1:colcon.colcon_core.package_identification:_identify(src) by extension 'ignore_ament_install'
[0.683s] Level 1:colcon.colcon_core.package_identification:_identify(src) by extensions ['colcon_pkg']
[0.683s] Level 1:colcon.colcon_core.package_identification:_identify(src) by extension 'colcon_pkg'
[0.683s] Level 1:colcon.colcon_core.package_identification:_identify(src) by extensions ['colcon_meta']
[0.683s] Level 1:colcon.colcon_core.package_identification:_identify(src) by extension 'colcon_meta'
[0.683s] Level 1:colcon.colcon_core.package_identification:_identify(src) by extensions ['ros']
[0.684s] Level 1:colcon.colcon_core.package_identification:_identify(src) by extension 'ros'
[0.684s] Level 1:colcon.colcon_core.package_identification:_identify(src) by extensions ['cmake', 'python']
[0.684s] Level 1:colcon.colcon_core.package_identification:_identify(src) by extension 'cmake'
[0.684s] Level 1:colcon.colcon_core.package_identification:_identify(src) by extension 'python'
[0.684s] Level 1:colcon.colcon_core.package_identification:_identify(src) by extensions ['python_setup_py']
[0.684s] Level 1:colcon.colcon_core.package_identification:_identify(src) by extension 'python_setup_py'
[0.684s] Level 1:colcon.colcon_core.package_identification:_identify(src/irb1400_fk) by extensions ['ignore', 'ignore_ament_install']
[0.685s] Level 1:colcon.colcon_core.package_identification:_identify(src/irb1400_fk) by extension 'ignore'
[0.685s] Level 1:colcon.colcon_core.package_identification:_identify(src/irb1400_fk) by extension 'ignore_ament_install'
[0.685s] Level 1:colcon.colcon_core.package_identification:_identify(src/irb1400_fk) by extensions ['colcon_pkg']
[0.685s] Level 1:colcon.colcon_core.package_identification:_identify(src/irb1400_fk) by extension 'colcon_pkg'
[0.685s] Level 1:colcon.colcon_core.package_identification:_identify(src/irb1400_fk) by extensions ['colcon_meta']
[0.685s] Level 1:colcon.colcon_core.package_identification:_identify(src/irb1400_fk) by extension 'colcon_meta'
[0.685s] Level 1:colcon.colcon_core.package_identification:_identify(src/irb1400_fk) by extensions ['ros']
[0.685s] Level 1:colcon.colcon_core.package_identification:_identify(src/irb1400_fk) by extension 'ros'
[0.690s] DEBUG:colcon.colcon_core.package_identification:Package 'src/irb1400_fk' with type 'ros.ament_python' and name 'irb1400_fk'
[0.690s] Level 1:colcon.colcon_core.package_identification:_identify(src/quat_to_euler) by extensions ['ignore', 'ignore_ament_install']
[0.690s] Level 1:colcon.colcon_core.package_identification:_identify(src/quat_to_euler) by extension 'ignore'
[0.690s] Level 1:colcon.colcon_core.package_identification:_identify(src/quat_to_euler) by extension 'ignore_ament_install'
[0.690s] Level 1:colcon.colcon_core.package_identification:_identify(src/quat_to_euler) by extensions ['colcon_pkg']
[0.691s] Level 1:colcon.colcon_core.package_identification:_identify(src/quat_to_euler) by extension 'colcon_pkg'
[0.691s] Level 1:colcon.colcon_core.package_identification:_identify(src/quat_to_euler) by extensions ['colcon_meta']
[0.691s] Level 1:colcon.colcon_core.package_identification:_identify(src/quat_to_euler) by extension 'colcon_meta'
[0.691s] Level 1:colcon.colcon_core.package_identification:_identify(src/quat_to_euler) by extensions ['ros']
[0.691s] Level 1:colcon.colcon_core.package_identification:_identify(src/quat_to_euler) by extension 'ros'
[0.692s] DEBUG:colcon.colcon_core.package_identification:Package 'src/quat_to_euler' with type 'ros.ament_python' and name 'quat_to_euler'
[0.692s] Level 1:colcon.colcon_core.package_identification:_identify(src/rbe500_hw1) by extensions ['ignore', 'ignore_ament_install']
[0.692s] Level 1:colcon.colcon_core.package_identification:_identify(src/rbe500_hw1) by extension 'ignore'
[0.692s] Level 1:colcon.colcon_core.package_identification:_identify(src/rbe500_hw1) by extension 'ignore_ament_install'
[0.692s] Level 1:colcon.colcon_core.package_identification:_identify(src/rbe500_hw1) by extensions ['colcon_pkg']
[0.692s] Level 1:colcon.colcon_core.package_identification:_identify(src/rbe500_hw1) by extension 'colcon_pkg'
[0.693s] Level 1:colcon.colcon_core.package_identification:_identify(src/rbe500_hw1) by extensions ['colcon_meta']
[0.693s] Level 1:colcon.colcon_core.package_identification:_identify(src/rbe500_hw1) by extension 'colcon_meta'
[0.693s] Level 1:colcon.colcon_core.package_identification:_identify(src/rbe500_hw1) by extensions ['ros']
[0.693s] Level 1:colcon.colcon_core.package_identification:_identify(src/rbe500_hw1) by extension 'ros'
[0.693s] DEBUG:colcon.colcon_core.package_identification:Package 'src/rbe500_hw1' with type 'ros.ament_python' and name 'rbe500_hw1'
[0.693s] Level 1:colcon.colcon_core.package_identification:_identify(src/scara_description) by extensions ['ignore', 'ignore_ament_install']
[0.693s] Level 1:colcon.colcon_core.package_identification:_identify(src/scara_description) by extension 'ignore'
[0.694s] Level 1:colcon.colcon_core.package_identification:_identify(src/scara_description) by extension 'ignore_ament_install'
[0.694s] Level 1:colcon.colcon_core.package_identification:_identify(src/scara_description) by extensions ['colcon_pkg']
[0.694s] Level 1:colcon.colcon_core.package_identification:_identify(src/scara_description) by extension 'colcon_pkg'
[0.694s] Level 1:colcon.colcon_core.package_identification:_identify(src/scara_description) by extensions ['colcon_meta']
[0.694s] Level 1:colcon.colcon_core.package_identification:_identify(src/scara_description) by extension 'colcon_meta'
[0.694s] Level 1:colcon.colcon_core.package_identification:_identify(src/scara_description) by extensions ['ros']
[0.694s] Level 1:colcon.colcon_core.package_identification:_identify(src/scara_description) by extension 'ros'
[0.695s] DEBUG:colcon.colcon_core.package_identification:Package 'src/scara_description' with type 'ros.ament_cmake' and name 'scara_description'
[0.695s] Level 1:colcon.colcon_core.package_identification:_identify(src/scara_fk) by extensions ['ignore', 'ignore_ament_install']
[0.695s] Level 1:colcon.colcon_core.package_identification:_identify(src/scara_fk) by extension 'ignore'
[0.695s] Level 1:colcon.colcon_core.package_identification:_identify(src/scara_fk) by extension 'ignore_ament_install'
[0.695s] Level 1:colcon.colcon_core.package_identification:_identify(src/scara_fk) by extensions ['colcon_pkg']
[0.695s] Level 1:colcon.colcon_core.package_identification:_identify(src/scara_fk) by extension 'colcon_pkg'
[0.695s] Level 1:colcon.colcon_core.package_identification:_identify(src/scara_fk) by extensions ['colcon_meta']
[0.695s] Level 1:colcon.colcon_core.package_identification:_identify(src/scara_fk) by extension 'colcon_meta'
[0.695s] Level 1:colcon.colcon_core.package_identification:_identify(src/scara_fk) by extensions ['ros']
[0.695s] Level 1:colcon.colcon_core.package_identification:_identify(src/scara_fk) by extension 'ros'
[0.696s] DEBUG:colcon.colcon_core.package_identification:Package 'src/scara_fk' with type 'ros.ament_python' and name 'scara_fk'
[0.697s] Level 1:colcon.colcon_core.package_identification:_identify(src/scara_ik) by extensions ['ignore', 'ignore_ament_install']
[0.697s] Level 1:colcon.colcon_core.package_identification:_identify(src/scara_ik) by extension 'ignore'
[0.697s] Level 1:colcon.colcon_core.package_identification:_identify(src/scara_ik) by extension 'ignore_ament_install'
[0.698s] Level 1:colcon.colcon_core.package_identification:_identify(src/scara_ik) by extensions ['colcon_pkg']
[0.698s] Level 1:colcon.colcon_core.package_identification:_identify(src/scara_ik) by extension 'colcon_pkg'
[0.698s] Level 1:colcon.colcon_core.package_identification:_identify(src/scara_ik) by extensions ['colcon_meta']
[0.698s] Level 1:colcon.colcon_core.package_identification:_identify(src/scara_ik) by extension 'colcon_meta'
[0.698s] Level 1:colcon.colcon_core.package_identification:_identify(src/scara_ik) by extensions ['ros']
[0.698s] Level 1:colcon.colcon_core.package_identification:_identify(src/scara_ik) by extension 'ros'
[0.700s] DEBUG:colcon.colcon_core.package_identification:Package 'src/scara_ik' with type 'ros.ament_cmake' and name 'scara_ik'
[0.700s] Level 1:colcon.colcon_core.package_identification:_identify(src/scara_ik_node) by extensions ['ignore', 'ignore_ament_install']
[0.701s] Level 1:colcon.colcon_core.package_identification:_identify(src/scara_ik_node) by extension 'ignore'
[0.701s] Level 1:colcon.colcon_core.package_identification:_identify(src/scara_ik_node) by extension 'ignore_ament_install'
[0.701s] Level 1:colcon.colcon_core.package_identification:_identify(src/scara_ik_node) by extensions ['colcon_pkg']
[0.701s] Level 1:colcon.colcon_core.package_identification:_identify(src/scara_ik_node) by extension 'colcon_pkg'
[0.701s] Level 1:colcon.colcon_core.package_identification:_identify(src/scara_ik_node) by extensions ['colcon_meta']
[0.701s] Level 1:colcon.colcon_core.package_identification:_identify(src/scara_ik_node) by extension 'colcon_meta'
[0.701s] Level 1:colcon.colcon_core.package_identification:_identify(src/scara_ik_node) by extensions ['ros']
[0.702s] Level 1:colcon.colcon_core.package_identification:_identify(src/scara_ik_node) by extension 'ros'
[0.702s] DEBUG:colcon.colcon_core.package_identification:Package 'src/scara_ik_node' with type 'ros.ament_python' and name 'scara_ik_node'
[0.702s] Level 1:colcon.colcon_core.package_discovery:discover_packages(recursive) using defaults
[0.703s] Level 1:colcon.colcon_core.package_discovery:discover_packages(ignore) discover
[0.703s] Level 1:colcon.colcon_core.package_discovery:discover_packages(ignore) using defaults
[0.703s] Level 1:colcon.colcon_core.package_discovery:discover_packages(path) discover
[0.703s] Level 1:colcon.colcon_core.package_discovery:discover_packages(path) using defaults
[0.741s] INFO:colcon.colcon_core.package_selection:Skipping not selected package 'irb1400_fk' in 'src/irb1400_fk'
[0.742s] INFO:colcon.colcon_core.package_selection:Skipping not selected package 'quat_to_euler' in 'src/quat_to_euler'
[0.742s] INFO:colcon.colcon_core.package_selection:Skipping not selected package 'rbe500_hw1' in 'src/rbe500_hw1'
[0.742s] INFO:colcon.colcon_core.package_selection:Skipping not selected package 'scara_description' in 'src/scara_description'
[0.742s] INFO:colcon.colcon_core.package_selection:Skipping not selected package 'scara_fk' in 'src/scara_fk'
[0.742s] Level 1:colcon.colcon_core.package_discovery:discover_packages(prefix_path) check parameters
[0.742s] Level 1:colcon.colcon_core.package_discovery:discover_packages(prefix_path) discover
[0.749s] DEBUG:colcon.colcon_installed_package_information.package_discovery:Found 6 installed packages in /home/tracy/rbe500/ros2_ws/install
[0.753s] DEBUG:colcon.colcon_installed_package_information.package_discovery:Found 337 installed packages in /opt/ros/jazzy
[0.760s] Level 1:colcon.colcon_core.package_discovery:discover_packages(prefix_path) using defaults
[0.857s] Level 5:colcon.colcon_core.verb:set package 'scara_ik' build argument 'cmake_args' from command line to 'None'
[0.857s] Level 5:colcon.colcon_core.verb:set package 'scara_ik' build argument 'cmake_target' from command line to 'None'
[0.857s] Level 5:colcon.colcon_core.verb:set package 'scara_ik' build argument 'cmake_target_skip_unavailable' from command line to 'False'
[0.857s] Level 5:colcon.colcon_core.verb:set package 'scara_ik' build argument 'cmake_clean_cache' from command line to 'False'
[0.857s] Level 5:colcon.colcon_core.verb:set package 'scara_ik' build argument 'cmake_clean_first' from command line to 'False'
[0.857s] Level 5:colcon.colcon_core.verb:set package 'scara_ik' build argument 'cmake_force_configure' from command line to 'False'
[0.857s] Level 5:colcon.colcon_core.verb:set package 'scara_ik' build argument 'ament_cmake_args' from command line to 'None'
[0.857s] Level 5:colcon.colcon_core.verb:set package 'scara_ik' build argument 'catkin_cmake_args' from command line to 'None'
[0.858s] Level 5:colcon.colcon_core.verb:set package 'scara_ik' build argument 'catkin_skip_building_tests' from command line to 'False'
[0.858s] DEBUG:colcon.colcon_core.verb:Building package 'scara_ik' with the following arguments: {'ament_cmake_args': None, 'build_base': '/home/tracy/rbe500/ros2_ws/build/scara_ik', 'catkin_cmake_args': None, 'catkin_skip_building_tests': False, 'cmake_args': None, 'cmake_clean_cache': False, 'cmake_clean_first': False, 'cmake_force_configure': False, 'cmake_target': None, 'cmake_target_skip_unavailable': False, 'install_base': '/home/tracy/rbe500/ros2_ws/install/scara_ik', 'merge_install': False, 'path': '/home/tracy/rbe500/ros2_ws/src/scara_ik', 'symlink_install': False, 'test_result_base': None}
[0.858s] Level 5:colcon.colcon_core.verb:set package 'scara_ik_node' build argument 'cmake_args' from command line to 'None'
[0.858s] Level 5:colcon.colcon_core.verb:set package 'scara_ik_node' build argument 'cmake_target' from command line to 'None'
[0.858s] Level 5:colcon.colcon_core.verb:set package 'scara_ik_node' build argument 'cmake_target_skip_unavailable' from command line to 'False'
[0.858s] Level 5:colcon.colcon_core.verb:set package 'scara_ik_node' build argument 'cmake_clean_cache' from command line to 'False'
[0.858s] Level 5:colcon.colcon_core.verb:set package 'scara_ik_node' build argument 'cmake_clean_first' from command line to 'False'
[0.858s] Level 5:colcon.colcon_core.verb:set package 'scara_ik_node' build argument 'cmake_force_configure' from command line to 'False'
[0.858s] Level 5:colcon.colcon_core.verb:set package 'scara_ik_node' build argument 'ament_cmake_args' from command line to 'None'
[0.858s] Level 5:colcon.colcon_core.verb:set package 'scara_ik_node' build argument 'catkin_cmake_args' from command line to 'None'
[0.858s] Level 5:colcon.colcon_core.verb:set package 'scara_ik_node' build argument 'catkin_skip_building_tests' from command line to 'False'
[0.858s] DEBUG:colcon.colcon_core.verb:Building package 'scara_ik_node' with the following arguments: {'ament_cmake_args': None, 'build_base': '/home/tracy/rbe500/ros2_ws/build/scara_ik_node', 'catkin_cmake_args': None, 'catkin_skip_building_tests': False, 'cmake_args': None, 'cmake_clean_cache': False, 'cmake_clean_first': False, 'cmake_force_configure': False, 'cmake_target': None, 'cmake_target_skip_unavailable': False, 'install_base': '/home/tracy/rbe500/ros2_ws/install/scara_ik_node', 'merge_install': False, 'path': '/home/tracy/rbe500/ros2_ws/src/scara_ik_node', 'symlink_install': False, 'test_result_base': None}
[0.859s] INFO:colcon.colcon_core.executor:Executing jobs using 'parallel' executor
[0.861s] DEBUG:colcon.colcon_parallel_executor.executor.parallel:run_until_complete
[0.861s] INFO:colcon.colcon_ros.task.ament_cmake.build:Building ROS package in '/home/tracy/rbe500/ros2_ws/src/scara_ik' with build type 'ament_cmake'
[0.862s] INFO:colcon.colcon_cmake.task.cmake.build:Building CMake package in '/home/tracy/rbe500/ros2_ws/src/scara_ik'
[0.868s] INFO:colcon.colcon_core.plugin_system:Skipping extension 'colcon_core.shell.bat': Not used on non-Windows systems
[0.868s] INFO:colcon.colcon_core.shell:Skip shell extension 'powershell' for command environment: Not usable outside of PowerShell
[0.868s] DEBUG:colcon.colcon_core.shell:Skip shell extension 'dsv' for command environment
[0.897s] DEBUG:colcon.colcon_core.event_handler.log_command:Invoking command in '/home/tracy/rbe500/ros2_ws/build/scara_ik': CMAKE_PREFIX_PATH=${CMAKE_PREFIX_PATH}:/home/tracy/rbe500/ros2_ws/install/scara_fk:/home/tracy/rbe500/ros2_ws/install/rbe500_hw1:/home/tracy/rbe500/ros2_ws/install/quat_to_euler:/home/tracy/rbe500/ros2_ws/install/irb1400_fk:/opt/ros/jazzy /usr/bin/cmake --build /home/tracy/rbe500/ros2_ws/build/scara_ik -- -j16 -l16
[4.512s] DEBUG:colcon.colcon_core.event_handler.log_command:Invoked command in '/home/tracy/rbe500/ros2_ws/build/scara_ik' returned '0': CMAKE_PREFIX_PATH=${CMAKE_PREFIX_PATH}:/home/tracy/rbe500/ros2_ws/install/scara_fk:/home/tracy/rbe500/ros2_ws/install/rbe500_hw1:/home/tracy/rbe500/ros2_ws/install/quat_to_euler:/home/tracy/rbe500/ros2_ws/install/irb1400_fk:/opt/ros/jazzy /usr/bin/cmake --build /home/tracy/rbe500/ros2_ws/build/scara_ik -- -j16 -l16
[4.537s] DEBUG:colcon.colcon_core.event_handler.log_command:Invoking command in '/home/tracy/rbe500/ros2_ws/build/scara_ik': CMAKE_PREFIX_PATH=${CMAKE_PREFIX_PATH}:/home/tracy/rbe500/ros2_ws/install/scara_fk:/home/tracy/rbe500/ros2_ws/install/rbe500_hw1:/home/tracy/rbe500/ros2_ws/install/quat_to_euler:/home/tracy/rbe500/ros2_ws/install/irb1400_fk:/opt/ros/jazzy /usr/bin/cmake --install /home/tracy/rbe500/ros2_ws/build/scara_ik
[4.663s] Level 1:colcon.colcon_core.environment:create_environment_scripts_only(scara_ik)
[4.668s] DEBUG:colcon.colcon_core.event_handler.log_command:Invoked command in '/home/tracy/rbe500/ros2_ws/build/scara_ik' returned '0': CMAKE_PREFIX_PATH=${CMAKE_PREFIX_PATH}:/home/tracy/rbe500/ros2_ws/install/scara_fk:/home/tracy/rbe500/ros2_ws/install/rbe500_hw1:/home/tracy/rbe500/ros2_ws/install/quat_to_euler:/home/tracy/rbe500/ros2_ws/install/irb1400_fk:/opt/ros/jazzy /usr/bin/cmake --install /home/tracy/rbe500/ros2_ws/build/scara_ik
[4.672s] Level 1:colcon.colcon_core.environment:checking '/home/tracy/rbe500/ros2_ws/install/scara_ik' for CMake module files
[4.673s] Level 1:colcon.colcon_core.environment:checking '/home/tracy/rbe500/ros2_ws/install/scara_ik' for CMake config files
[4.674s] Level 1:colcon.colcon_core.shell:create_environment_hook('scara_ik', 'cmake_prefix_path')
[4.675s] INFO:colcon.colcon_core.shell:Creating environment hook '/home/tracy/rbe500/ros2_ws/install/scara_ik/share/scara_ik/hook/cmake_prefix_path.ps1'
[4.676s] INFO:colcon.colcon_core.shell:Creating environment descriptor '/home/tracy/rbe500/ros2_ws/install/scara_ik/share/scara_ik/hook/cmake_prefix_path.dsv'
[4.677s] INFO:colcon.colcon_core.shell:Creating environment hook '/home/tracy/rbe500/ros2_ws/install/scara_ik/share/scara_ik/hook/cmake_prefix_path.sh'
[4.678s] Level 1:colcon.colcon_core.environment:checking '/home/tracy/rbe500/ros2_ws/install/scara_ik/lib'
[4.678s] Level 1:colcon.colcon_core.shell:create_environment_hook('scara_ik', 'ld_library_path_lib')
[4.679s] INFO:colcon.colcon_core.shell:Creating environment hook '/home/tracy/rbe500/ros2_ws/install/scara_ik/share/scara_ik/hook/ld_library_path_lib.ps1'
[4.680s] INFO:colcon.colcon_core.shell:Creating environment descriptor '/home/tracy/rbe500/ros2_ws/install/scara_ik/share/scara_ik/hook/ld_library_path_lib.dsv'
[4.680s] INFO:colcon.colcon_core.shell:Creating environment hook '/home/tracy/rbe500/ros2_ws/install/scara_ik/share/scara_ik/hook/ld_library_path_lib.sh'
[4.681s] Level 1:colcon.colcon_core.environment:checking '/home/tracy/rbe500/ros2_ws/install/scara_ik/bin'
[4.681s] Level 1:colcon.colcon_core.environment:checking '/home/tracy/rbe500/ros2_ws/install/scara_ik/lib/pkgconfig/scara_ik.pc'
[4.681s] Level 1:colcon.colcon_core.environment:checking '/home/tracy/rbe500/ros2_ws/install/scara_ik/lib/python3.12/site-packages'
[4.682s] Level 1:colcon.colcon_core.shell:create_environment_hook('scara_ik', 'pythonpath')
[4.682s] INFO:colcon.colcon_core.shell:Creating environment hook '/home/tracy/rbe500/ros2_ws/install/scara_ik/share/scara_ik/hook/pythonpath.ps1'
[4.683s] INFO:colcon.colcon_core.shell:Creating environment descriptor '/home/tracy/rbe500/ros2_ws/install/scara_ik/share/scara_ik/hook/pythonpath.dsv'
[4.683s] INFO:colcon.colcon_core.shell:Creating environment hook '/home/tracy/rbe500/ros2_ws/install/scara_ik/share/scara_ik/hook/pythonpath.sh'
[4.684s] Level 1:colcon.colcon_core.environment:checking '/home/tracy/rbe500/ros2_ws/install/scara_ik/bin'
[4.685s] INFO:colcon.colcon_core.shell:Creating package script '/home/tracy/rbe500/ros2_ws/install/scara_ik/share/scara_ik/package.ps1'
[4.686s] INFO:colcon.colcon_core.shell:Creating package descriptor '/home/tracy/rbe500/ros2_ws/install/scara_ik/share/scara_ik/package.dsv'
[4.687s] INFO:colcon.colcon_core.shell:Creating package script '/home/tracy/rbe500/ros2_ws/install/scara_ik/share/scara_ik/package.sh'
[4.688s] INFO:colcon.colcon_core.shell:Creating package script '/home/tracy/rbe500/ros2_ws/install/scara_ik/share/scara_ik/package.bash'
[4.689s] INFO:colcon.colcon_core.shell:Creating package script '/home/tracy/rbe500/ros2_ws/install/scara_ik/share/scara_ik/package.zsh'
[4.690s] Level 1:colcon.colcon_core.environment:create_file_with_runtime_dependencies(/home/tracy/rbe500/ros2_ws/install/scara_ik/share/colcon-core/packages/scara_ik)
[4.690s] Level 1:colcon.colcon_core.environment:create_environment_scripts_only(scara_ik)
[4.691s] Level 1:colcon.colcon_core.environment:checking '/home/tracy/rbe500/ros2_ws/install/scara_ik' for CMake module files
[4.691s] Level 1:colcon.colcon_core.environment:checking '/home/tracy/rbe500/ros2_ws/install/scara_ik' for CMake config files
[4.692s] Level 1:colcon.colcon_core.shell:create_environment_hook('scara_ik', 'cmake_prefix_path')
[4.693s] INFO:colcon.colcon_core.shell:Creating environment hook '/home/tracy/rbe500/ros2_ws/install/scara_ik/share/scara_ik/hook/cmake_prefix_path.ps1'
[4.693s] INFO:colcon.colcon_core.shell:Creating environment descriptor '/home/tracy/rbe500/ros2_ws/install/scara_ik/share/scara_ik/hook/cmake_prefix_path.dsv'
[4.694s] INFO:colcon.colcon_core.shell:Creating environment hook '/home/tracy/rbe500/ros2_ws/install/scara_ik/share/scara_ik/hook/cmake_prefix_path.sh'
[4.694s] Level 1:colcon.colcon_core.environment:checking '/home/tracy/rbe500/ros2_ws/install/scara_ik/lib'
[4.694s] Level 1:colcon.colcon_core.shell:create_environment_hook('scara_ik', 'ld_library_path_lib')
[4.695s] INFO:colcon.colcon_core.shell:Creating environment hook '/home/tracy/rbe500/ros2_ws/install/scara_ik/share/scara_ik/hook/ld_library_path_lib.ps1'
[4.695s] INFO:colcon.colcon_core.shell:Creating environment descriptor '/home/tracy/rbe500/ros2_ws/install/scara_ik/share/scara_ik/hook/ld_library_path_lib.dsv'
[4.695s] INFO:colcon.colcon_core.shell:Creating environment hook '/home/tracy/rbe500/ros2_ws/install/scara_ik/share/scara_ik/hook/ld_library_path_lib.sh'
[4.696s] Level 1:colcon.colcon_core.environment:checking '/home/tracy/rbe500/ros2_ws/install/scara_ik/bin'
[4.696s] Level 1:colcon.colcon_core.environment:checking '/home/tracy/rbe500/ros2_ws/install/scara_ik/lib/pkgconfig/scara_ik.pc'
[4.698s] Level 1:colcon.colcon_core.environment:checking '/home/tracy/rbe500/ros2_ws/install/scara_ik/lib/python3.12/site-packages'
[4.700s] Level 1:colcon.colcon_core.shell:create_environment_hook('scara_ik', 'pythonpath')
[4.701s] INFO:colcon.colcon_core.shell:Creating environment hook '/home/tracy/rbe500/ros2_ws/install/scara_ik/share/scara_ik/hook/pythonpath.ps1'
[4.702s] INFO:colcon.colcon_core.shell:Creating environment descriptor '/home/tracy/rbe500/ros2_ws/install/scara_ik/share/scara_ik/hook/pythonpath.dsv'
[4.702s] INFO:colcon.colcon_core.shell:Creating environment hook '/home/tracy/rbe500/ros2_ws/install/scara_ik/share/scara_ik/hook/pythonpath.sh'
[4.703s] Level 1:colcon.colcon_core.environment:checking '/home/tracy/rbe500/ros2_ws/install/scara_ik/bin'
[4.704s] INFO:colcon.colcon_core.shell:Creating package script '/home/tracy/rbe500/ros2_ws/install/scara_ik/share/scara_ik/package.ps1'
[4.705s] INFO:colcon.colcon_core.shell:Creating package descriptor '/home/tracy/rbe500/ros2_ws/install/scara_ik/share/scara_ik/package.dsv'
[4.706s] INFO:colcon.colcon_core.shell:Creating package script '/home/tracy/rbe500/ros2_ws/install/scara_ik/share/scara_ik/package.sh'
[4.707s] INFO:colcon.colcon_core.shell:Creating package script '/home/tracy/rbe500/ros2_ws/install/scara_ik/share/scara_ik/package.bash'
[4.707s] INFO:colcon.colcon_core.shell:Creating package script '/home/tracy/rbe500/ros2_ws/install/scara_ik/share/scara_ik/package.zsh'
[4.708s] Level 1:colcon.colcon_core.environment:create_file_with_runtime_dependencies(/home/tracy/rbe500/ros2_ws/install/scara_ik/share/colcon-core/packages/scara_ik)
[4.708s] INFO:colcon.colcon_ros.task.ament_python.build:Building ROS package in '/home/tracy/rbe500/ros2_ws/src/scara_ik_node' with build type 'ament_python'
[4.709s] Level 1:colcon.colcon_core.shell:create_environment_hook('scara_ik_node', 'ament_prefix_path')
[4.709s] INFO:colcon.colcon_core.shell:Creating environment hook '/home/tracy/rbe500/ros2_ws/install/scara_ik_node/share/scara_ik_node/hook/ament_prefix_path.ps1'
[4.712s] INFO:colcon.colcon_core.shell:Creating environment descriptor '/home/tracy/rbe500/ros2_ws/install/scara_ik_node/share/scara_ik_node/hook/ament_prefix_path.dsv'
[4.712s] INFO:colcon.colcon_core.shell:Creating environment hook '/home/tracy/rbe500/ros2_ws/install/scara_ik_node/share/scara_ik_node/hook/ament_prefix_path.sh'
[4.713s] INFO:colcon.colcon_core.shell:Skip shell extension 'powershell' for command environment: Not usable outside of PowerShell
[4.714s] DEBUG:colcon.colcon_core.shell:Skip shell extension 'dsv' for command environment
[5.551s] INFO:colcon.colcon_core.task.python.build:Building Python package in '/home/tracy/rbe500/ros2_ws/src/scara_ik_node'
[5.552s] INFO:colcon.colcon_core.shell:Skip shell extension 'powershell' for command environment: Not usable outside of PowerShell
[5.552s] DEBUG:colcon.colcon_core.shell:Skip shell extension 'dsv' for command environment
[7.091s] DEBUG:colcon.colcon_core.event_handler.log_command:Invoking command in '/home/tracy/rbe500/ros2_ws/src/scara_ik_node': PYTHONPATH=/home/tracy/rbe500/ros2_ws/build/scara_ik_node/prefix_override:/usr/lib/python3/dist-packages/colcon_core/task/python/colcon_distutils_commands:/home/tracy/rbe500/ros2_ws/install/scara_ik_node/lib/python3.12/site-packages:${PYTHONPATH} /usr/bin/python3 -W ignore:setup.py install is deprecated -W ignore:easy_install command is deprecated setup.py egg_info --egg-base ../../build/scara_ik_node build --build-base /home/tracy/rbe500/ros2_ws/build/scara_ik_node/build install --record /home/tracy/rbe500/ros2_ws/build/scara_ik_node/install.log --single-version-externally-managed install_data
[8.291s] Level 1:colcon.colcon_core.environment:checking '/home/tracy/rbe500/ros2_ws/install/scara_ik_node' for CMake module files
[8.293s] DEBUG:colcon.colcon_core.event_handler.log_command:Invoked command in '/home/tracy/rbe500/ros2_ws/src/scara_ik_node' returned '0': PYTHONPATH=/home/tracy/rbe500/ros2_ws/build/scara_ik_node/prefix_override:/usr/lib/python3/dist-packages/colcon_core/task/python/colcon_distutils_commands:/home/tracy/rbe500/ros2_ws/install/scara_ik_node/lib/python3.12/site-packages:${PYTHONPATH} /usr/bin/python3 -W ignore:setup.py install is deprecated -W ignore:easy_install command is deprecated setup.py egg_info --egg-base ../../build/scara_ik_node build --build-base /home/tracy/rbe500/ros2_ws/build/scara_ik_node/build install --record /home/tracy/rbe500/ros2_ws/build/scara_ik_node/install.log --single-version-externally-managed install_data
[8.293s] Level 1:colcon.colcon_core.environment:checking '/home/tracy/rbe500/ros2_ws/install/scara_ik_node' for CMake config files
[8.295s] Level 1:colcon.colcon_core.environment:checking '/home/tracy/rbe500/ros2_ws/install/scara_ik_node/lib'
[8.295s] Level 1:colcon.colcon_core.environment:checking '/home/tracy/rbe500/ros2_ws/install/scara_ik_node/bin'
[8.295s] Level 1:colcon.colcon_core.environment:checking '/home/tracy/rbe500/ros2_ws/install/scara_ik_node/lib/pkgconfig/scara_ik_node.pc'
[8.295s] Level 1:colcon.colcon_core.environment:checking '/home/tracy/rbe500/ros2_ws/install/scara_ik_node/lib/python3.12/site-packages'
[8.296s] Level 1:colcon.colcon_core.shell:create_environment_hook('scara_ik_node', 'pythonpath')
[8.296s] INFO:colcon.colcon_core.shell:Creating environment hook '/home/tracy/rbe500/ros2_ws/install/scara_ik_node/share/scara_ik_node/hook/pythonpath.ps1'
[8.297s] INFO:colcon.colcon_core.shell:Creating environment descriptor '/home/tracy/rbe500/ros2_ws/install/scara_ik_node/share/scara_ik_node/hook/pythonpath.dsv'
[8.298s] INFO:colcon.colcon_core.shell:Creating environment hook '/home/tracy/rbe500/ros2_ws/install/scara_ik_node/share/scara_ik_node/hook/pythonpath.sh'
[8.299s] Level 1:colcon.colcon_core.environment:checking '/home/tracy/rbe500/ros2_ws/install/scara_ik_node/bin'
[8.299s] Level 1:colcon.colcon_core.environment:create_environment_scripts_only(scara_ik_node)
[8.300s] INFO:colcon.colcon_core.shell:Creating package script '/home/tracy/rbe500/ros2_ws/install/scara_ik_node/share/scara_ik_node/package.ps1'
[8.301s] INFO:colcon.colcon_core.shell:Creating package descriptor '/home/tracy/rbe500/ros2_ws/install/scara_ik_node/share/scara_ik_node/package.dsv'
[8.302s] INFO:colcon.colcon_core.shell:Creating package script '/home/tracy/rbe500/ros2_ws/install/scara_ik_node/share/scara_ik_node/package.sh'
[8.303s] INFO:colcon.colcon_core.shell:Creating package script '/home/tracy/rbe500/ros2_ws/install/scara_ik_node/share/scara_ik_node/package.bash'
[8.303s] INFO:colcon.colcon_core.shell:Creating package script '/home/tracy/rbe500/ros2_ws/install/scara_ik_node/share/scara_ik_node/package.zsh'
[8.304s] Level 1:colcon.colcon_core.environment:create_file_with_runtime_dependencies(/home/tracy/rbe500/ros2_ws/install/scara_ik_node/share/colcon-core/packages/scara_ik_node)
[8.305s] DEBUG:colcon.colcon_parallel_executor.executor.parallel:closing loop
[8.306s] DEBUG:colcon.colcon_parallel_executor.executor.parallel:loop closed
[8.307s] DEBUG:colcon.colcon_parallel_executor.executor.parallel:run_until_complete finished with '0'
[8.307s] DEBUG:colcon.colcon_core.event_reactor:joining thread
[8.487s] INFO:colcon.colcon_core.plugin_system:Skipping extension 'colcon_notification.desktop_notification.notify_send': Could not find 'notify-send'
[8.487s] INFO:colcon.colcon_core.plugin_system:Skipping extension 'colcon_notification.desktop_notification.terminal_notifier': Not used on non-Darwin systems
[8.488s] INFO:colcon.colcon_core.plugin_system:Skipping extension 'colcon_notification.desktop_notification.win32': Not used on non-Windows systems
[8.488s] INFO:colcon.colcon_notification.desktop_notification:Sending desktop notification using 'notify2'
[8.490s] DEBUG:colcon.colcon_notification.desktop_notification.notify2:Failed to initialize notify2: org.freedesktop.DBus.Error.ServiceUnknown: The name org.freedesktop.Notifications was not provided by any .service files
[8.491s] DEBUG:colcon.colcon_core.event_reactor:joined thread
[8.494s] INFO:colcon.colcon_core.shell:Creating prefix script '/home/tracy/rbe500/ros2_ws/install/local_setup.ps1'
[8.496s] INFO:colcon.colcon_core.shell:Creating prefix util module '/home/tracy/rbe500/ros2_ws/install/_local_setup_util_ps1.py'
[8.497s] INFO:colcon.colcon_core.shell:Creating prefix chain script '/home/tracy/rbe500/ros2_ws/install/setup.ps1'
[8.499s] INFO:colcon.colcon_core.shell:Creating prefix script '/home/tracy/rbe500/ros2_ws/install/local_setup.sh'
[8.501s] INFO:colcon.colcon_core.shell:Creating prefix util module '/home/tracy/rbe500/ros2_ws/install/_local_setup_util_sh.py'
[8.503s] INFO:colcon.colcon_core.shell:Creating prefix chain script '/home/tracy/rbe500/ros2_ws/install/setup.sh'
[8.504s] INFO:colcon.colcon_core.shell:Creating prefix script '/home/tracy/rbe500/ros2_ws/install/local_setup.bash'
[8.505s] INFO:colcon.colcon_core.shell:Creating prefix chain script '/home/tracy/rbe500/ros2_ws/install/setup.bash'
[8.508s] INFO:colcon.colcon_core.shell:Creating prefix script '/home/tracy/rbe500/ros2_ws/install/local_setup.zsh'
[8.509s] INFO:colcon.colcon_core.shell:Creating prefix chain script '/home/tracy/rbe500/ros2_ws/install/setup.zsh'
