[0.232s] Invoking command in '/home/tracy/rbe500/ros2_ws/build/scara_ik': CMAKE_PREFIX_PATH=${CMAKE_PREFIX_PATH}:/opt/ros/jazzy /usr/bin/cmake /home/tracy/rbe500/ros2_ws/src/scara_ik -DCMAKE_INSTALL_PREFIX=/home/tracy/rbe500/ros2_ws/install/scara_ik
[0.612s] -- The C compiler identification is GNU 13.3.0
[1.916s] -- The CXX compiler identification is GNU 13.3.0
[3.064s] -- Detecting C compiler ABI info
[3.492s] -- Detecting C compiler ABI info - done
[3.500s] -- Check for working C compiler: /usr/bin/cc - skipped
[3.500s] -- Detecting C compile features
[3.501s] -- Detecting C compile features - done
[3.676s] -- Detecting CXX compiler ABI info
[4.104s] -- Detecting CXX compiler ABI info - done
[4.112s] -- Check for working CXX compiler: /usr/bin/c++ - skipped
[4.113s] -- Detecting CXX compile features
[4.113s] -- Detecting CXX compile features - done
[4.129s] -- Found ament_cmake: 2.5.6 (/opt/ros/jazzy/share/ament_cmake/cmake)
[4.276s] -- Found Python3: /usr/bin/python3 (found version "3.12.3") found components: Interpreter 
[4.410s] -- Found rosidl_default_generators: 1.6.0 (/opt/ros/jazzy/share/rosidl_default_generators/cmake)
[4.418s] -- Using all available rosidl_typesupport_c: rosidl_typesupport_fastrtps_c;rosidl_typesupport_introspection_c
[4.746s] -- Using all available rosidl_typesupport_cpp: rosidl_typesupport_fastrtps_cpp;rosidl_typesupport_introspection_cpp
[4.818s] -- Found rosidl_adapter: 4.6.7 (/opt/ros/jazzy/share/rosidl_adapter/cmake)
[4.826s] -- Found rclpy: 7.1.11 (/opt/ros/jazzy/share/rclpy/cmake)
[5.160s] [31mCMake Error at /opt/ros/jazzy/share/rosidl_adapter/cmake/rosidl_adapt_interfaces.cmake:57 (message):
[5.161s]   execute_process(/usr/bin/python3 -m rosidl_adapter --package-name scara_ik
[5.161s]   --arguments-file
[5.161s]   /home/tracy/rbe500/ros2_ws/build/scara_ik/rosidl_adapter__arguments__scara_ik.json
[5.161s]   --output-dir
[5.161s]   /home/tracy/rbe500/ros2_ws/build/scara_ik/rosidl_adapter/scara_ik
[5.161s]   --output-file
[5.161s]   /home/tracy/rbe500/ros2_ws/build/scara_ik/rosidl_adapter/scara_ik.idls)
[5.161s]   returned error code 1:
[5.161s] 
[5.161s]   Traceback (most recent call last):
[5.162s] 
[5.162s]     File "<frozen runpy>", line 198, in _run_module_as_main
[5.162s]     File "<frozen runpy>", line 88, in _run_code
[5.162s]     File "/opt/ros/jazzy/lib/python3.12/site-packages/rosidl_adapter/__main__.py", line 19, in <module>
[5.162s]       sys.exit(main())
[5.162s]                ^^^^^^
[5.162s]     File "/opt/ros/jazzy/lib/python3.12/site-packages/rosidl_adapter/main.py", line 53, in main
[5.162s]       abs_idl_file = convert_to_idl(
[5.162s]                      ^^^^^^^^^^^^^^^
[5.162s]     File "/opt/ros/jazzy/lib/python3.12/site-packages/rosidl_adapter/__init__.py", line 24, in convert_to_idl
[5.162s]       return convert_srv_to_idl(
[5.163s]              ^^^^^^^^^^^^^^^^^^^
[5.163s]     File "/opt/ros/jazzy/lib/python3.12/site-packages/rosidl_adapter/srv/__init__.py", line 28, in convert_srv_to_idl
[5.163s]       srv = parse_service_string(package_name, input_file.stem, content)
[5.163s]             ^^^^^^^^^^^^^^^^^^^^^^^^^^^^^^^^^^^^^^^^^^^^^^^^^^^^^^^^^^^^
[5.163s]     File "/opt/ros/jazzy/lib/python3.12/site-packages/rosidl_adapter/parser.py", line 851, in parse_service_string
[5.163s]       raise InvalidServiceSpecification(
[5.163s] 
[5.163s]   rosidl_adapter.parser.InvalidServiceSpecification: Could not find separator
[5.163s]   '---' between request and response
[5.163s] 
[5.164s] Call Stack (most recent call first):
[5.164s]   /opt/ros/jazzy/share/rosidl_cmake/cmake/rosidl_generate_interfaces.cmake:132 (rosidl_adapt_interfaces)
[5.164s]   CMakeLists.txt:9 (rosidl_generate_interfaces)
[5.164s] 
[5.164s] [0m
[5.164s] -- Configuring incomplete, errors occurred!
[5.173s] Invoked command in '/home/tracy/rbe500/ros2_ws/build/scara_ik' returned '1': CMAKE_PREFIX_PATH=${CMAKE_PREFIX_PATH}:/opt/ros/jazzy /usr/bin/cmake /home/tracy/rbe500/ros2_ws/src/scara_ik -DCMAKE_INSTALL_PREFIX=/home/tracy/rbe500/ros2_ws/install/scara_ik
