[1.776s] Invoking command in '/home/tracy/rbe500/ros2_ws/src/scara_fk': PYTHONPATH=/home/tracy/rbe500/ros2_ws/build/scara_fk/prefix_override:/usr/lib/python3/dist-packages/colcon_core/task/python/colcon_distutils_commands:/home/tracy/rbe500/ros2_ws/install/scara_fk/lib/python3.12/site-packages:${PYTHONPATH} /usr/bin/python3 -W ignore:setup.py install is deprecated -W ignore:easy_install command is deprecated setup.py egg_info --egg-base ../../build/scara_fk build --build-base /home/tracy/rbe500/ros2_ws/build/scara_fk/build install --record /home/tracy/rbe500/ros2_ws/build/scara_fk/install.log --single-version-externally-managed install_data
[2.221s] running egg_info
[2.221s] creating ../../build/scara_fk/scara_fk.egg-info
[2.252s] writing ../../build/scara_fk/scara_fk.egg-info/PKG-INFO
[2.253s] writing dependency_links to ../../build/scara_fk/scara_fk.egg-info/dependency_links.txt
[2.254s] writing entry points to ../../build/scara_fk/scara_fk.egg-info/entry_points.txt
[2.254s] writing requirements to ../../build/scara_fk/scara_fk.egg-info/requires.txt
[2.254s] writing top-level names to ../../build/scara_fk/scara_fk.egg-info/top_level.txt
[2.254s] writing manifest file '../../build/scara_fk/scara_fk.egg-info/SOURCES.txt'
[2.319s] reading manifest file '../../build/scara_fk/scara_fk.egg-info/SOURCES.txt'
[2.320s] writing manifest file '../../build/scara_fk/scara_fk.egg-info/SOURCES.txt'
[2.320s] running build
[2.320s] running build_py
[2.321s] creating /home/tracy/rbe500/ros2_ws/build/scara_fk/build
[2.322s] creating /home/tracy/rbe500/ros2_ws/build/scara_fk/build/lib
[2.322s] creating /home/tracy/rbe500/ros2_ws/build/scara_fk/build/lib/scara_fk
[2.323s] copying scara_fk/fk_node.py -> /home/tracy/rbe500/ros2_ws/build/scara_fk/build/lib/scara_fk
[2.323s] copying scara_fk/__init__.py -> /home/tracy/rbe500/ros2_ws/build/scara_fk/build/lib/scara_fk
[2.324s] running install
[2.334s] running install_lib
[2.368s] creating /home/tracy/rbe500/ros2_ws/install/scara_fk/lib/python3.12/site-packages/scara_fk
[2.369s] copying /home/tracy/rbe500/ros2_ws/build/scara_fk/build/lib/scara_fk/fk_node.py -> /home/tracy/rbe500/ros2_ws/install/scara_fk/lib/python3.12/site-packages/scara_fk
[2.369s] copying /home/tracy/rbe500/ros2_ws/build/scara_fk/build/lib/scara_fk/__init__.py -> /home/tracy/rbe500/ros2_ws/install/scara_fk/lib/python3.12/site-packages/scara_fk
[2.370s] byte-compiling /home/tracy/rbe500/ros2_ws/install/scara_fk/lib/python3.12/site-packages/scara_fk/fk_node.py to fk_node.cpython-312.pyc
[2.374s] byte-compiling /home/tracy/rbe500/ros2_ws/install/scara_fk/lib/python3.12/site-packages/scara_fk/__init__.py to __init__.cpython-312.pyc
[2.374s] running install_data
[2.374s] creating /home/tracy/rbe500/ros2_ws/install/scara_fk/share/ament_index
[2.374s] creating /home/tracy/rbe500/ros2_ws/install/scara_fk/share/ament_index/resource_index
[2.374s] creating /home/tracy/rbe500/ros2_ws/install/scara_fk/share/ament_index/resource_index/packages
[2.375s] copying resource/scara_fk -> /home/tracy/rbe500/ros2_ws/install/scara_fk/share/ament_index/resource_index/packages
[2.375s] copying package.xml -> /home/tracy/rbe500/ros2_ws/install/scara_fk/share/scara_fk
[2.375s] running install_egg_info
[2.408s] Copying ../../build/scara_fk/scara_fk.egg-info to /home/tracy/rbe500/ros2_ws/install/scara_fk/lib/python3.12/site-packages/scara_fk-0.0.0-py3.12.egg-info
[2.412s] running install_scripts
[2.632s] Installing fk_node script to /home/tracy/rbe500/ros2_ws/install/scara_fk/lib/scara_fk
[2.633s] writing list of installed files to '/home/tracy/rbe500/ros2_ws/build/scara_fk/install.log'
[2.732s] Invoked command in '/home/tracy/rbe500/ros2_ws/src/scara_fk' returned '0': PYTHONPATH=/home/tracy/rbe500/ros2_ws/build/scara_fk/prefix_override:/usr/lib/python3/dist-packages/colcon_core/task/python/colcon_distutils_commands:/home/tracy/rbe500/ros2_ws/install/scara_fk/lib/python3.12/site-packages:${PYTHONPATH} /usr/bin/python3 -W ignore:setup.py install is deprecated -W ignore:easy_install command is deprecated setup.py egg_info --egg-base ../../build/scara_fk build --build-base /home/tracy/rbe500/ros2_ws/build/scara_fk/build install --record /home/tracy/rbe500/ros2_ws/build/scara_fk/install.log --single-version-externally-managed install_data
