running egg_info
writing ../../build/rbe500_hw1/rbe500_hw1.egg-info/PKG-INFO
writing dependency_links to ../../build/rbe500_hw1/rbe500_hw1.egg-info/dependency_links.txt
writing entry points to ../../build/rbe500_hw1/rbe500_hw1.egg-info/entry_points.txt
writing requirements to ../../build/rbe500_hw1/rbe500_hw1.egg-info/requires.txt
writing top-level names to ../../build/rbe500_hw1/rbe500_hw1.egg-info/top_level.txt
reading manifest file '../../build/rbe500_hw1/rbe500_hw1.egg-info/SOURCES.txt'
writing manifest file '../../build/rbe500_hw1/rbe500_hw1.egg-info/SOURCES.txt'
running build
running build_py
running install
running install_lib
running install_data
running install_egg_info
removing '/home/tracy/rbe500/ros2_ws/install/rbe500_hw1/lib/python3.12/site-packages/rbe500_hw1-0.0.0-py3.12.egg-info' (and everything under it)
Copying ../../build/rbe500_hw1/rbe500_hw1.egg-info to /home/tracy/rbe500/ros2_ws/install/rbe500_hw1/lib/python3.12/site-packages/rbe500_hw1-0.0.0-py3.12.egg-info
running install_scripts
Installing publisher script to /home/tracy/rbe500/ros2_ws/install/rbe500_hw1/lib/rbe500_hw1
Installing subscriber script to /home/tracy/rbe500/ros2_ws/install/rbe500_hw1/lib/rbe500_hw1
writing list of installed files to '/home/tracy/rbe500/ros2_ws/build/rbe500_hw1/install.log'
