[2.056s] Invoking command in '/home/tracy/rbe500/ros2_ws/src/rbe500_hw1': PYTHONPATH=/home/tracy/rbe500/ros2_ws/build/rbe500_hw1/prefix_override:/usr/lib/python3/dist-packages/colcon_core/task/python/colcon_distutils_commands:/home/tracy/rbe500/ros2_ws/install/rbe500_hw1/lib/python3.12/site-packages:${PYTHONPATH} /usr/bin/python3 -W ignore:setup.py install is deprecated -W ignore:easy_install command is deprecated setup.py egg_info --egg-base ../../build/rbe500_hw1 build --build-base /home/tracy/rbe500/ros2_ws/build/rbe500_hw1/build install --record /home/tracy/rbe500/ros2_ws/build/rbe500_hw1/install.log --single-version-externally-managed install_data
[2.367s] running egg_info
[2.393s] writing ../../build/rbe500_hw1/rbe500_hw1.egg-info/PKG-INFO
[2.393s] writing dependency_links to ../../build/rbe500_hw1/rbe500_hw1.egg-info/dependency_links.txt
[2.394s] writing entry points to ../../build/rbe500_hw1/rbe500_hw1.egg-info/entry_points.txt
[2.394s] writing requirements to ../../build/rbe500_hw1/rbe500_hw1.egg-info/requires.txt
[2.394s] writing top-level names to ../../build/rbe500_hw1/rbe500_hw1.egg-info/top_level.txt
[2.438s] reading manifest file '../../build/rbe500_hw1/rbe500_hw1.egg-info/SOURCES.txt'
[2.439s] writing manifest file '../../build/rbe500_hw1/rbe500_hw1.egg-info/SOURCES.txt'
[2.440s] running build
[2.440s] running build_py
[2.440s] running install
[2.446s] running install_lib
[2.466s] running install_data
[2.466s] running install_egg_info
[2.490s] removing '/home/tracy/rbe500/ros2_ws/install/rbe500_hw1/lib/python3.12/site-packages/rbe500_hw1-0.0.0-py3.12.egg-info' (and everything under it)
[2.491s] Copying ../../build/rbe500_hw1/rbe500_hw1.egg-info to /home/tracy/rbe500/ros2_ws/install/rbe500_hw1/lib/python3.12/site-packages/rbe500_hw1-0.0.0-py3.12.egg-info
[2.493s] running install_scripts
[2.642s] Installing publisher script to /home/tracy/rbe500/ros2_ws/install/rbe500_hw1/lib/rbe500_hw1
[2.642s] Installing subscriber script to /home/tracy/rbe500/ros2_ws/install/rbe500_hw1/lib/rbe500_hw1
[2.642s] writing list of installed files to '/home/tracy/rbe500/ros2_ws/build/rbe500_hw1/install.log'
[2.710s] Invoked command in '/home/tracy/rbe500/ros2_ws/src/rbe500_hw1' returned '0': PYTHONPATH=/home/tracy/rbe500/ros2_ws/build/rbe500_hw1/prefix_override:/usr/lib/python3/dist-packages/colcon_core/task/python/colcon_distutils_commands:/home/tracy/rbe500/ros2_ws/install/rbe500_hw1/lib/python3.12/site-packages:${PYTHONPATH} /usr/bin/python3 -W ignore:setup.py install is deprecated -W ignore:easy_install command is deprecated setup.py egg_info --egg-base ../../build/rbe500_hw1 build --build-base /home/tracy/rbe500/ros2_ws/build/rbe500_hw1/build install --record /home/tracy/rbe500/ros2_ws/build/rbe500_hw1/install.log --single-version-externally-managed install_data
