[0.653s] Invoking command in '/home/tracy/rbe500/ros2_ws/build/scara_description': CMAKE_PREFIX_PATH=${CMAKE_PREFIX_PATH}:/home/tracy/rbe500/ros2_ws/install/scara_fk:/home/tracy/rbe500/ros2_ws/install/rbe500_hw1:/home/tracy/rbe500/ros2_ws/install/quat_to_euler:/home/tracy/rbe500/ros2_ws/install/irb1400_fk:/opt/ros/jazzy /usr/bin/cmake /home/tracy/rbe500/ros2_ws/src/scara_description/scara_description -DCMAKE_INSTALL_PREFIX=/home/tracy/rbe500/ros2_ws/install/scara_description
[1.069s] -- The C compiler identification is GNU 13.3.0
[2.602s] -- The CXX compiler identification is GNU 13.3.0
[3.828s] -- Detecting C compiler ABI info
[4.251s] -- Detecting C compiler ABI info - done
[4.260s] -- Check for working C compiler: /usr/bin/cc - skipped
[4.260s] -- Detecting C compile features
[4.261s] -- Detecting C compile features - done
[4.436s] -- Detecting CXX compiler ABI info
[4.921s] -- Detecting CXX compiler ABI info - done
[4.930s] -- Check for working CXX compiler: /usr/bin/c++ - skipped
[4.930s] -- Detecting CXX compile features
[4.931s] -- Detecting CXX compile features - done
[4.943s] -- Found ament_cmake: 2.5.6 (/opt/ros/jazzy/share/ament_cmake/cmake)
[5.111s] -- Found Python3: /usr/bin/python3 (found version "3.12.3") found components: Interpreter 
[5.245s] -- Found ament_lint_auto: 0.17.5 (/opt/ros/jazzy/share/ament_lint_auto/cmake)
[5.364s] -- Added test 'flake8' to check Python code syntax and style conventions
[5.364s] -- Configured 'flake8' exclude dirs and/or files: 
[5.365s] -- Added test 'lint_cmake' to check CMake code style
[5.367s] -- Added test 'pep257' to check Python code against some of the docstring style conventions in PEP 257
[5.369s] -- Added test 'xmllint' to check XML markup files
[5.375s] -- Configuring done (4.7s)
[5.381s] -- Generating done (0.0s)
[5.384s] -- Build files have been written to: /home/tracy/rbe500/ros2_ws/build/scara_description
[5.391s] Invoked command in '/home/tracy/rbe500/ros2_ws/build/scara_description' returned '0': CMAKE_PREFIX_PATH=${CMAKE_PREFIX_PATH}:/home/tracy/rbe500/ros2_ws/install/scara_fk:/home/tracy/rbe500/ros2_ws/install/rbe500_hw1:/home/tracy/rbe500/ros2_ws/install/quat_to_euler:/home/tracy/rbe500/ros2_ws/install/irb1400_fk:/opt/ros/jazzy /usr/bin/cmake /home/tracy/rbe500/ros2_ws/src/scara_description/scara_description -DCMAKE_INSTALL_PREFIX=/home/tracy/rbe500/ros2_ws/install/scara_description
[5.392s] Invoking command in '/home/tracy/rbe500/ros2_ws/build/scara_description': CMAKE_PREFIX_PATH=${CMAKE_PREFIX_PATH}:/home/tracy/rbe500/ros2_ws/install/scara_fk:/home/tracy/rbe500/ros2_ws/install/rbe500_hw1:/home/tracy/rbe500/ros2_ws/install/quat_to_euler:/home/tracy/rbe500/ros2_ws/install/irb1400_fk:/opt/ros/jazzy /usr/bin/cmake --build /home/tracy/rbe500/ros2_ws/build/scara_description -- -j16 -l16
[5.436s] Invoked command in '/home/tracy/rbe500/ros2_ws/build/scara_description' returned '0': CMAKE_PREFIX_PATH=${CMAKE_PREFIX_PATH}:/home/tracy/rbe500/ros2_ws/install/scara_fk:/home/tracy/rbe500/ros2_ws/install/rbe500_hw1:/home/tracy/rbe500/ros2_ws/install/quat_to_euler:/home/tracy/rbe500/ros2_ws/install/irb1400_fk:/opt/ros/jazzy /usr/bin/cmake --build /home/tracy/rbe500/ros2_ws/build/scara_description -- -j16 -l16
[5.437s] Invoking command in '/home/tracy/rbe500/ros2_ws/build/scara_description': CMAKE_PREFIX_PATH=${CMAKE_PREFIX_PATH}:/home/tracy/rbe500/ros2_ws/install/scara_fk:/home/tracy/rbe500/ros2_ws/install/rbe500_hw1:/home/tracy/rbe500/ros2_ws/install/quat_to_euler:/home/tracy/rbe500/ros2_ws/install/irb1400_fk:/opt/ros/jazzy /usr/bin/cmake --install /home/tracy/rbe500/ros2_ws/build/scara_description
[5.447s] -- Install configuration: ""
[5.447s] -- Installing: /home/tracy/rbe500/ros2_ws/install/scara_description/share/scara_description/config
[5.448s] -- Installing: /home/tracy/rbe500/ros2_ws/install/scara_description/share/scara_description/config/scara.config.xacro
[5.448s] -- Installing: /home/tracy/rbe500/ros2_ws/install/scara_description/share/scara_description/config/scara.config.xacro:Zone.Identifier
[5.449s] -- Installing: /home/tracy/rbe500/ros2_ws/install/scara_description/share/scara_description/config/materials.urdf
[5.449s] -- Installing: /home/tracy/rbe500/ros2_ws/install/scara_description/share/scara_description/config/materials.urdf:Zone.Identifier
[5.450s] -- Installing: /home/tracy/rbe500/ros2_ws/install/scara_description/share/scara_description/urdf
[5.450s] -- Installing: /home/tracy/rbe500/ros2_ws/install/scara_description/share/scara_description/urdf/scara.urdf:Zone.Identifier
[5.451s] -- Installing: /home/tracy/rbe500/ros2_ws/install/scara_description/share/scara_description/urdf/scara.urdf
[5.451s] -- Installing: /home/tracy/rbe500/ros2_ws/install/scara_description/share/scara_description/ros2_control
[5.451s] -- Installing: /home/tracy/rbe500/ros2_ws/install/scara_description/share/scara_description/ros2_control/scara.ros2_control.urdf:Zone.Identifier
[5.452s] -- Installing: /home/tracy/rbe500/ros2_ws/install/scara_description/share/scara_description/ros2_control/scara.ros2_control.urdf
[5.452s] -- Installing: /home/tracy/rbe500/ros2_ws/install/scara_description/share/scara_description/launch
[5.452s] -- Installing: /home/tracy/rbe500/ros2_ws/install/scara_description/share/scara_description/launch/scara.launch.py:Zone.Identifier
[5.453s] -- Installing: /home/tracy/rbe500/ros2_ws/install/scara_description/share/scara_description/launch/scara.launch.py
[5.454s] -- Installing: /home/tracy/rbe500/ros2_ws/install/scara_description/share/ament_index/resource_index/package_run_dependencies/scara_description
[5.454s] -- Installing: /home/tracy/rbe500/ros2_ws/install/scara_description/share/ament_index/resource_index/parent_prefix_path/scara_description
[5.455s] -- Installing: /home/tracy/rbe500/ros2_ws/install/scara_description/share/scara_description/environment/ament_prefix_path.sh
[5.455s] -- Installing: /home/tracy/rbe500/ros2_ws/install/scara_description/share/scara_description/environment/ament_prefix_path.dsv
[5.455s] -- Installing: /home/tracy/rbe500/ros2_ws/install/scara_description/share/scara_description/environment/path.sh
[5.455s] -- Installing: /home/tracy/rbe500/ros2_ws/install/scara_description/share/scara_description/environment/path.dsv
[5.455s] -- Installing: /home/tracy/rbe500/ros2_ws/install/scara_description/share/scara_description/local_setup.bash
[5.456s] -- Installing: /home/tracy/rbe500/ros2_ws/install/scara_description/share/scara_description/local_setup.sh
[5.456s] -- Installing: /home/tracy/rbe500/ros2_ws/install/scara_description/share/scara_description/local_setup.zsh
[5.456s] -- Installing: /home/tracy/rbe500/ros2_ws/install/scara_description/share/scara_description/local_setup.dsv
[5.456s] -- Installing: /home/tracy/rbe500/ros2_ws/install/scara_description/share/scara_description/package.dsv
[5.457s] -- Installing: /home/tracy/rbe500/ros2_ws/install/scara_description/share/ament_index/resource_index/packages/scara_description
[5.457s] -- Installing: /home/tracy/rbe500/ros2_ws/install/scara_description/share/scara_description/cmake/scara_descriptionConfig.cmake
[5.458s] -- Installing: /home/tracy/rbe500/ros2_ws/install/scara_description/share/scara_description/cmake/scara_descriptionConfig-version.cmake
[5.458s] -- Installing: /home/tracy/rbe500/ros2_ws/install/scara_description/share/scara_description/package.xml
[5.461s] Invoked command in '/home/tracy/rbe500/ros2_ws/build/scara_description' returned '0': CMAKE_PREFIX_PATH=${CMAKE_PREFIX_PATH}:/home/tracy/rbe500/ros2_ws/install/scara_fk:/home/tracy/rbe500/ros2_ws/install/rbe500_hw1:/home/tracy/rbe500/ros2_ws/install/quat_to_euler:/home/tracy/rbe500/ros2_ws/install/irb1400_fk:/opt/ros/jazzy /usr/bin/cmake --install /home/tracy/rbe500/ros2_ws/build/scara_description
