[1.882s] Invoking command in '/home/tracy/rbe500/ros2_ws/src/irb1400_fk': PYTHONPATH=/home/tracy/rbe500/ros2_ws/build/irb1400_fk/prefix_override:/usr/lib/python3/dist-packages/colcon_core/task/python/colcon_distutils_commands:/home/tracy/rbe500/ros2_ws/install/irb1400_fk/lib/python3.12/site-packages:${PYTHONPATH} /usr/bin/python3 -W ignore:setup.py install is deprecated -W ignore:easy_install command is deprecated setup.py egg_info --egg-base ../../build/irb1400_fk build --build-base /home/tracy/rbe500/ros2_ws/build/irb1400_fk/build install --record /home/tracy/rbe500/ros2_ws/build/irb1400_fk/install.log --single-version-externally-managed install_data
[2.324s] running egg_info
[2.356s] writing ../../build/irb1400_fk/irb1400_fk.egg-info/PKG-INFO
[2.357s] writing dependency_links to ../../build/irb1400_fk/irb1400_fk.egg-info/dependency_links.txt
[2.357s] writing entry points to ../../build/irb1400_fk/irb1400_fk.egg-info/entry_points.txt
[2.358s] writing requirements to ../../build/irb1400_fk/irb1400_fk.egg-info/requires.txt
[2.358s] writing top-level names to ../../build/irb1400_fk/irb1400_fk.egg-info/top_level.txt
[2.417s] reading manifest file '../../build/irb1400_fk/irb1400_fk.egg-info/SOURCES.txt'
[2.421s] writing manifest file '../../build/irb1400_fk/irb1400_fk.egg-info/SOURCES.txt'
[2.421s] running build
[2.421s] running build_py
[2.421s] copying irb1400_fk/fk_node.py -> /home/tracy/rbe500/ros2_ws/build/irb1400_fk/build/lib/irb1400_fk
[2.421s] running install
[2.432s] running install_lib
[2.462s] copying /home/tracy/rbe500/ros2_ws/build/irb1400_fk/build/lib/irb1400_fk/fk_node.py -> /home/tracy/rbe500/ros2_ws/install/irb1400_fk/lib/python3.12/site-packages/irb1400_fk
[2.463s] byte-compiling /home/tracy/rbe500/ros2_ws/install/irb1400_fk/lib/python3.12/site-packages/irb1400_fk/fk_node.py to fk_node.cpython-312.pyc
[2.468s] running install_data
[2.469s] running install_egg_info
[2.504s] removing '/home/tracy/rbe500/ros2_ws/install/irb1400_fk/lib/python3.12/site-packages/irb1400_fk-0.0.0-py3.12.egg-info' (and everything under it)
[2.505s] Copying ../../build/irb1400_fk/irb1400_fk.egg-info to /home/tracy/rbe500/ros2_ws/install/irb1400_fk/lib/python3.12/site-packages/irb1400_fk-0.0.0-py3.12.egg-info
[2.507s] running install_scripts
[2.755s] Installing fk_node script to /home/tracy/rbe500/ros2_ws/install/irb1400_fk/lib/irb1400_fk
[2.756s] writing list of installed files to '/home/tracy/rbe500/ros2_ws/build/irb1400_fk/install.log'
[2.830s] Invoked command in '/home/tracy/rbe500/ros2_ws/src/irb1400_fk' returned '0': PYTHONPATH=/home/tracy/rbe500/ros2_ws/build/irb1400_fk/prefix_override:/usr/lib/python3/dist-packages/colcon_core/task/python/colcon_distutils_commands:/home/tracy/rbe500/ros2_ws/install/irb1400_fk/lib/python3.12/site-packages:${PYTHONPATH} /usr/bin/python3 -W ignore:setup.py install is deprecated -W ignore:easy_install command is deprecated setup.py egg_info --egg-base ../../build/irb1400_fk build --build-base /home/tracy/rbe500/ros2_ws/build/irb1400_fk/build install --record /home/tracy/rbe500/ros2_ws/build/irb1400_fk/install.log --single-version-externally-managed install_data
