[0.463s] DEBUG:colcon:Command line arguments: ['/usr/bin/colcon', 'build', '--packages-select', 'scara_ik']
[0.464s] DEBUG:colcon:Parsed command line arguments: Namespace(log_base=None, log_level=None, verb_name='build', build_base='build', install_base='install', merge_install=False, symlink_install=False, test_result_base=None, continue_on_error=False, executor='parallel', parallel_workers=16, event_handlers=None, ignore_user_meta=False, metas=['./colcon.meta'], base_paths=['.'], packages_ignore=None, packages_ignore_regex=None, paths=None, packages_up_to=None, packages_up_to_regex=None, packages_above=None, packages_above_and_dependencies=None, packages_above_depth=None, packages_select_by_dep=None, packages_skip_by_dep=None, packages_skip_up_to=None, packages_select_build_failed=False, packages_skip_build_finished=False, packages_select_test_failures=False, packages_skip_test_passed=False, packages_select=['scara_ik'], packages_skip=None, packages_select_regex=None, packages_skip_regex=None, packages_start=None, packages_end=None, allow_overriding=[], cmake_args=None, cmake_target=None, cmake_target_skip_unavailable=False, cmake_clean_cache=False, cmake_clean_first=False, cmake_force_configure=False, ament_cmake_args=None, catkin_cmake_args=None, catkin_skip_building_tests=False, mixin_files=None, mixin=None, verb_parser=<colcon_mixin.mixin.mixin_argument.MixinArgumentDecorator object at 0x7f1b984968d0>, verb_extension=<colcon_core.verb.build.BuildVerb object at 0x7f1b98496660>, main=<bound method BuildVerb.main of <colcon_core.verb.build.BuildVerb object at 0x7f1b98496660>>, mixin_verb=('build',))
[0.534s] Level 1:colcon.colcon_core.package_discovery:discover_packages(colcon_meta) check parameters
[0.535s] Level 1:colcon.colcon_core.package_discovery:discover_packages(recursive) check parameters
[0.535s] Level 1:colcon.colcon_core.package_discovery:discover_packages(ignore) check parameters
[0.535s] Level 1:colcon.colcon_core.package_discovery:discover_packages(path) check parameters
[0.535s] Level 1:colcon.colcon_core.package_discovery:discover_packages(colcon_meta) discover
[0.535s] Level 1:colcon.colcon_core.package_discovery:discover_packages(recursive) discover
[0.535s] INFO:colcon.colcon_core.package_discovery:Crawling recursively for packages in '/home/tracy/rbe500/ros2_ws'
[0.535s] Level 1:colcon.colcon_core.package_identification:_identify(.) by extensions ['ignore', 'ignore_ament_install']
[0.535s] Level 1:colcon.colcon_core.package_identification:_identify(.) by extension 'ignore'
[0.535s] Level 1:colcon.colcon_core.package_identification:_identify(.) by extension 'ignore_ament_install'
[0.535s] Level 1:colcon.colcon_core.package_identification:_identify(.) by extensions ['colcon_pkg']
[0.535s] Level 1:colcon.colcon_core.package_identification:_identify(.) by extension 'colcon_pkg'
[0.536s] Level 1:colcon.colcon_core.package_identification:_identify(.) by extensions ['colcon_meta']
[0.536s] Level 1:colcon.colcon_core.package_identification:_identify(.) by extension 'colcon_meta'
[0.536s] Level 1:colcon.colcon_core.package_identification:_identify(.) by extensions ['ros']
[0.536s] Level 1:colcon.colcon_core.package_identification:_identify(.) by extension 'ros'
[0.572s] Level 1:colcon.colcon_core.package_identification:_identify(.) by extensions ['cmake', 'python']
[0.572s] Level 1:colcon.colcon_core.package_identification:_identify(.) by extension 'cmake'
[0.572s] Level 1:colcon.colcon_core.package_identification:_identify(.) by extension 'python'
[0.572s] Level 1:colcon.colcon_core.package_identification:_identify(.) by extensions ['python_setup_py']
[0.572s] Level 1:colcon.colcon_core.package_identification:_identify(.) by extension 'python_setup_py'
[0.572s] Level 1:colcon.colcon_core.package_identification:_identify(build) by extensions ['ignore', 'ignore_ament_install']
[0.572s] Level 1:colcon.colcon_core.package_identification:_identify(build) by extension 'ignore'
[0.572s] Level 1:colcon.colcon_core.package_identification:_identify(build) ignored
[0.572s] Level 1:colcon.colcon_core.package_identification:_identify(install) by extensions ['ignore', 'ignore_ament_install']
[0.572s] Level 1:colcon.colcon_core.package_identification:_identify(install) by extension 'ignore'
[0.573s] Level 1:colcon.colcon_core.package_identification:_identify(install) ignored
[0.573s] Level 1:colcon.colcon_core.package_identification:_identify(log) by extensions ['ignore', 'ignore_ament_install']
[0.573s] Level 1:colcon.colcon_core.package_identification:_identify(log) by extension 'ignore'
[0.573s] Level 1:colcon.colcon_core.package_identification:_identify(log) ignored
[0.573s] Level 1:colcon.colcon_core.package_identification:_identify(src) by extensions ['ignore', 'ignore_ament_install']
[0.573s] Level 1:colcon.colcon_core.package_identification:_identify(src) by extension 'ignore'
[0.573s] Level 1:colcon.colcon_core.package_identification:_identify(src) by extension 'ignore_ament_install'
[0.573s] Level 1:colcon.colcon_core.package_identification:_identify(src) by extensions ['colcon_pkg']
[0.573s] Level 1:colcon.colcon_core.package_identification:_identify(src) by extension 'colcon_pkg'
[0.573s] Level 1:colcon.colcon_core.package_identification:_identify(src) by extensions ['colcon_meta']
[0.573s] Level 1:colcon.colcon_core.package_identification:_identify(src) by extension 'colcon_meta'
[0.573s] Level 1:colcon.colcon_core.package_identification:_identify(src) by extensions ['ros']
[0.573s] Level 1:colcon.colcon_core.package_identification:_identify(src) by extension 'ros'
[0.574s] Level 1:colcon.colcon_core.package_identification:_identify(src) by extensions ['cmake', 'python']
[0.574s] Level 1:colcon.colcon_core.package_identification:_identify(src) by extension 'cmake'
[0.574s] Level 1:colcon.colcon_core.package_identification:_identify(src) by extension 'python'
[0.574s] Level 1:colcon.colcon_core.package_identification:_identify(src) by extensions ['python_setup_py']
[0.574s] Level 1:colcon.colcon_core.package_identification:_identify(src) by extension 'python_setup_py'
[0.574s] Level 1:colcon.colcon_core.package_identification:_identify(src/irb1400_fk) by extensions ['ignore', 'ignore_ament_install']
[0.574s] Level 1:colcon.colcon_core.package_identification:_identify(src/irb1400_fk) by extension 'ignore'
[0.574s] Level 1:colcon.colcon_core.package_identification:_identify(src/irb1400_fk) by extension 'ignore_ament_install'
[0.574s] Level 1:colcon.colcon_core.package_identification:_identify(src/irb1400_fk) by extensions ['colcon_pkg']
[0.574s] Level 1:colcon.colcon_core.package_identification:_identify(src/irb1400_fk) by extension 'colcon_pkg'
[0.574s] Level 1:colcon.colcon_core.package_identification:_identify(src/irb1400_fk) by extensions ['colcon_meta']
[0.574s] Level 1:colcon.colcon_core.package_identification:_identify(src/irb1400_fk) by extension 'colcon_meta'
[0.574s] Level 1:colcon.colcon_core.package_identification:_identify(src/irb1400_fk) by extensions ['ros']
[0.575s] Level 1:colcon.colcon_core.package_identification:_identify(src/irb1400_fk) by extension 'ros'
[0.578s] DEBUG:colcon.colcon_core.package_identification:Package 'src/irb1400_fk' with type 'ros.ament_python' and name 'irb1400_fk'
[0.578s] Level 1:colcon.colcon_core.package_identification:_identify(src/quat_to_euler) by extensions ['ignore', 'ignore_ament_install']
[0.578s] Level 1:colcon.colcon_core.package_identification:_identify(src/quat_to_euler) by extension 'ignore'
[0.578s] Level 1:colcon.colcon_core.package_identification:_identify(src/quat_to_euler) by extension 'ignore_ament_install'
[0.578s] Level 1:colcon.colcon_core.package_identification:_identify(src/quat_to_euler) by extensions ['colcon_pkg']
[0.578s] Level 1:colcon.colcon_core.package_identification:_identify(src/quat_to_euler) by extension 'colcon_pkg'
[0.578s] Level 1:colcon.colcon_core.package_identification:_identify(src/quat_to_euler) by extensions ['colcon_meta']
[0.578s] Level 1:colcon.colcon_core.package_identification:_identify(src/quat_to_euler) by extension 'colcon_meta'
[0.579s] Level 1:colcon.colcon_core.package_identification:_identify(src/quat_to_euler) by extensions ['ros']
[0.579s] Level 1:colcon.colcon_core.package_identification:_identify(src/quat_to_euler) by extension 'ros'
[0.579s] DEBUG:colcon.colcon_core.package_identification:Package 'src/quat_to_euler' with type 'ros.ament_python' and name 'quat_to_euler'
[0.579s] Level 1:colcon.colcon_core.package_identification:_identify(src/rbe500_hw1) by extensions ['ignore', 'ignore_ament_install']
[0.579s] Level 1:colcon.colcon_core.package_identification:_identify(src/rbe500_hw1) by extension 'ignore'
[0.580s] Level 1:colcon.colcon_core.package_identification:_identify(src/rbe500_hw1) by extension 'ignore_ament_install'
[0.580s] Level 1:colcon.colcon_core.package_identification:_identify(src/rbe500_hw1) by extensions ['colcon_pkg']
[0.580s] Level 1:colcon.colcon_core.package_identification:_identify(src/rbe500_hw1) by extension 'colcon_pkg'
[0.580s] Level 1:colcon.colcon_core.package_identification:_identify(src/rbe500_hw1) by extensions ['colcon_meta']
[0.580s] Level 1:colcon.colcon_core.package_identification:_identify(src/rbe500_hw1) by extension 'colcon_meta'
[0.580s] Level 1:colcon.colcon_core.package_identification:_identify(src/rbe500_hw1) by extensions ['ros']
[0.580s] Level 1:colcon.colcon_core.package_identification:_identify(src/rbe500_hw1) by extension 'ros'
[0.581s] DEBUG:colcon.colcon_core.package_identification:Package 'src/rbe500_hw1' with type 'ros.ament_python' and name 'rbe500_hw1'
[0.581s] Level 1:colcon.colcon_core.package_identification:_identify(src/scara_description) by extensions ['ignore', 'ignore_ament_install']
[0.581s] Level 1:colcon.colcon_core.package_identification:_identify(src/scara_description) by extension 'ignore'
[0.581s] Level 1:colcon.colcon_core.package_identification:_identify(src/scara_description) by extension 'ignore_ament_install'
[0.581s] Level 1:colcon.colcon_core.package_identification:_identify(src/scara_description) by extensions ['colcon_pkg']
[0.581s] Level 1:colcon.colcon_core.package_identification:_identify(src/scara_description) by extension 'colcon_pkg'
[0.581s] Level 1:colcon.colcon_core.package_identification:_identify(src/scara_description) by extensions ['colcon_meta']
[0.581s] Level 1:colcon.colcon_core.package_identification:_identify(src/scara_description) by extension 'colcon_meta'
[0.581s] Level 1:colcon.colcon_core.package_identification:_identify(src/scara_description) by extensions ['ros']
[0.581s] Level 1:colcon.colcon_core.package_identification:_identify(src/scara_description) by extension 'ros'
[0.581s] Level 1:colcon.colcon_core.package_identification:_identify(src/scara_description) by extensions ['cmake', 'python']
[0.582s] Level 1:colcon.colcon_core.package_identification:_identify(src/scara_description) by extension 'cmake'
[0.582s] Level 1:colcon.colcon_core.package_identification:_identify(src/scara_description) by extension 'python'
[0.582s] Level 1:colcon.colcon_core.package_identification:_identify(src/scara_description) by extensions ['python_setup_py']
[0.582s] Level 1:colcon.colcon_core.package_identification:_identify(src/scara_description) by extension 'python_setup_py'
[0.582s] Level 1:colcon.colcon_core.package_identification:_identify(src/scara_description/scara_description) by extensions ['ignore', 'ignore_ament_install']
[0.582s] Level 1:colcon.colcon_core.package_identification:_identify(src/scara_description/scara_description) by extension 'ignore'
[0.582s] Level 1:colcon.colcon_core.package_identification:_identify(src/scara_description/scara_description) by extension 'ignore_ament_install'
[0.582s] Level 1:colcon.colcon_core.package_identification:_identify(src/scara_description/scara_description) by extensions ['colcon_pkg']
[0.582s] Level 1:colcon.colcon_core.package_identification:_identify(src/scara_description/scara_description) by extension 'colcon_pkg'
[0.582s] Level 1:colcon.colcon_core.package_identification:_identify(src/scara_description/scara_description) by extensions ['colcon_meta']
[0.582s] Level 1:colcon.colcon_core.package_identification:_identify(src/scara_description/scara_description) by extension 'colcon_meta'
[0.582s] Level 1:colcon.colcon_core.package_identification:_identify(src/scara_description/scara_description) by extensions ['ros']
[0.582s] Level 1:colcon.colcon_core.package_identification:_identify(src/scara_description/scara_description) by extension 'ros'
[0.583s] DEBUG:colcon.colcon_core.package_identification:Package 'src/scara_description/scara_description' with type 'ros.ament_cmake' and name 'scara_description'
[0.583s] Level 1:colcon.colcon_core.package_identification:_identify(src/scara_fk) by extensions ['ignore', 'ignore_ament_install']
[0.583s] Level 1:colcon.colcon_core.package_identification:_identify(src/scara_fk) by extension 'ignore'
[0.583s] Level 1:colcon.colcon_core.package_identification:_identify(src/scara_fk) by extension 'ignore_ament_install'
[0.584s] Level 1:colcon.colcon_core.package_identification:_identify(src/scara_fk) by extensions ['colcon_pkg']
[0.584s] Level 1:colcon.colcon_core.package_identification:_identify(src/scara_fk) by extension 'colcon_pkg'
[0.584s] Level 1:colcon.colcon_core.package_identification:_identify(src/scara_fk) by extensions ['colcon_meta']
[0.584s] Level 1:colcon.colcon_core.package_identification:_identify(src/scara_fk) by extension 'colcon_meta'
[0.584s] Level 1:colcon.colcon_core.package_identification:_identify(src/scara_fk) by extensions ['ros']
[0.584s] Level 1:colcon.colcon_core.package_identification:_identify(src/scara_fk) by extension 'ros'
[0.585s] DEBUG:colcon.colcon_core.package_identification:Package 'src/scara_fk' with type 'ros.ament_python' and name 'scara_fk'
[0.585s] Level 1:colcon.colcon_core.package_identification:_identify(src/scara_ik) by extensions ['ignore', 'ignore_ament_install']
[0.585s] Level 1:colcon.colcon_core.package_identification:_identify(src/scara_ik) by extension 'ignore'
[0.585s] Level 1:colcon.colcon_core.package_identification:_identify(src/scara_ik) by extension 'ignore_ament_install'
[0.585s] Level 1:colcon.colcon_core.package_identification:_identify(src/scara_ik) by extensions ['colcon_pkg']
[0.585s] Level 1:colcon.colcon_core.package_identification:_identify(src/scara_ik) by extension 'colcon_pkg'
[0.585s] Level 1:colcon.colcon_core.package_identification:_identify(src/scara_ik) by extensions ['colcon_meta']
[0.585s] Level 1:colcon.colcon_core.package_identification:_identify(src/scara_ik) by extension 'colcon_meta'
[0.585s] Level 1:colcon.colcon_core.package_identification:_identify(src/scara_ik) by extensions ['ros']
[0.585s] Level 1:colcon.colcon_core.package_identification:_identify(src/scara_ik) by extension 'ros'
[0.586s] DEBUG:colcon.colcon_core.package_identification:Package 'src/scara_ik' with type 'ros.ament_cmake' and name 'scara_ik'
[0.586s] Level 1:colcon.colcon_core.package_discovery:discover_packages(recursive) using defaults
[0.586s] Level 1:colcon.colcon_core.package_discovery:discover_packages(ignore) discover
[0.586s] Level 1:colcon.colcon_core.package_discovery:discover_packages(ignore) using defaults
[0.586s] Level 1:colcon.colcon_core.package_discovery:discover_packages(path) discover
[0.586s] Level 1:colcon.colcon_core.package_discovery:discover_packages(path) using defaults
[0.615s] INFO:colcon.colcon_core.package_selection:Skipping not selected package 'irb1400_fk' in 'src/irb1400_fk'
[0.615s] INFO:colcon.colcon_core.package_selection:Skipping not selected package 'quat_to_euler' in 'src/quat_to_euler'
[0.615s] INFO:colcon.colcon_core.package_selection:Skipping not selected package 'rbe500_hw1' in 'src/rbe500_hw1'
[0.615s] INFO:colcon.colcon_core.package_selection:Skipping not selected package 'scara_description' in 'src/scara_description/scara_description'
[0.615s] INFO:colcon.colcon_core.package_selection:Skipping not selected package 'scara_fk' in 'src/scara_fk'
[0.616s] Level 1:colcon.colcon_core.package_discovery:discover_packages(prefix_path) check parameters
[0.616s] Level 1:colcon.colcon_core.package_discovery:discover_packages(prefix_path) discover
[0.620s] DEBUG:colcon.colcon_installed_package_information.package_discovery:Found 5 installed packages in /home/tracy/rbe500/ros2_ws/install
[0.622s] DEBUG:colcon.colcon_installed_package_information.package_discovery:Found 287 installed packages in /opt/ros/jazzy
[0.623s] Level 1:colcon.colcon_core.package_discovery:discover_packages(prefix_path) using defaults
[0.723s] Level 5:colcon.colcon_core.verb:set package 'scara_ik' build argument 'cmake_args' from command line to 'None'
[0.723s] Level 5:colcon.colcon_core.verb:set package 'scara_ik' build argument 'cmake_target' from command line to 'None'
[0.723s] Level 5:colcon.colcon_core.verb:set package 'scara_ik' build argument 'cmake_target_skip_unavailable' from command line to 'False'
[0.723s] Level 5:colcon.colcon_core.verb:set package 'scara_ik' build argument 'cmake_clean_cache' from command line to 'False'
[0.723s] Level 5:colcon.colcon_core.verb:set package 'scara_ik' build argument 'cmake_clean_first' from command line to 'False'
[0.723s] Level 5:colcon.colcon_core.verb:set package 'scara_ik' build argument 'cmake_force_configure' from command line to 'False'
[0.723s] Level 5:colcon.colcon_core.verb:set package 'scara_ik' build argument 'ament_cmake_args' from command line to 'None'
[0.723s] Level 5:colcon.colcon_core.verb:set package 'scara_ik' build argument 'catkin_cmake_args' from command line to 'None'
[0.723s] Level 5:colcon.colcon_core.verb:set package 'scara_ik' build argument 'catkin_skip_building_tests' from command line to 'False'
[0.723s] DEBUG:colcon.colcon_core.verb:Building package 'scara_ik' with the following arguments: {'ament_cmake_args': None, 'build_base': '/home/tracy/rbe500/ros2_ws/build/scara_ik', 'catkin_cmake_args': None, 'catkin_skip_building_tests': False, 'cmake_args': None, 'cmake_clean_cache': False, 'cmake_clean_first': False, 'cmake_force_configure': False, 'cmake_target': None, 'cmake_target_skip_unavailable': False, 'install_base': '/home/tracy/rbe500/ros2_ws/install/scara_ik', 'merge_install': False, 'path': '/home/tracy/rbe500/ros2_ws/src/scara_ik', 'symlink_install': False, 'test_result_base': None}
[0.723s] INFO:colcon.colcon_core.executor:Executing jobs using 'parallel' executor
[0.724s] DEBUG:colcon.colcon_parallel_executor.executor.parallel:run_until_complete
[0.725s] INFO:colcon.colcon_ros.task.ament_cmake.build:Building ROS package in '/home/tracy/rbe500/ros2_ws/src/scara_ik' with build type 'ament_cmake'
[0.725s] INFO:colcon.colcon_cmake.task.cmake.build:Building CMake package in '/home/tracy/rbe500/ros2_ws/src/scara_ik'
[0.731s] INFO:colcon.colcon_core.plugin_system:Skipping extension 'colcon_core.shell.bat': Not used on non-Windows systems
[0.731s] INFO:colcon.colcon_core.shell:Skip shell extension 'powershell' for command environment: Not usable outside of PowerShell
[0.731s] DEBUG:colcon.colcon_core.shell:Skip shell extension 'dsv' for command environment
[0.742s] DEBUG:colcon.colcon_core.event_handler.log_command:Invoking command in '/home/tracy/rbe500/ros2_ws/build/scara_ik': CMAKE_PREFIX_PATH=${CMAKE_PREFIX_PATH}:/home/tracy/rbe500/ros2_ws/install/scara_fk:/home/tracy/rbe500/ros2_ws/install/rbe500_hw1:/home/tracy/rbe500/ros2_ws/install/quat_to_euler:/home/tracy/rbe500/ros2_ws/install/irb1400_fk:/opt/ros/jazzy /usr/bin/cmake /home/tracy/rbe500/ros2_ws/src/scara_ik -DCMAKE_INSTALL_PREFIX=/home/tracy/rbe500/ros2_ws/install/scara_ik
[1.480s] DEBUG:colcon.colcon_core.event_handler.log_command:Invoked command in '/home/tracy/rbe500/ros2_ws/build/scara_ik' returned '0': CMAKE_PREFIX_PATH=${CMAKE_PREFIX_PATH}:/home/tracy/rbe500/ros2_ws/install/scara_fk:/home/tracy/rbe500/ros2_ws/install/rbe500_hw1:/home/tracy/rbe500/ros2_ws/install/quat_to_euler:/home/tracy/rbe500/ros2_ws/install/irb1400_fk:/opt/ros/jazzy /usr/bin/cmake /home/tracy/rbe500/ros2_ws/src/scara_ik -DCMAKE_INSTALL_PREFIX=/home/tracy/rbe500/ros2_ws/install/scara_ik
[1.481s] DEBUG:colcon.colcon_core.event_handler.log_command:Invoking command in '/home/tracy/rbe500/ros2_ws/build/scara_ik': CMAKE_PREFIX_PATH=${CMAKE_PREFIX_PATH}:/home/tracy/rbe500/ros2_ws/install/scara_fk:/home/tracy/rbe500/ros2_ws/install/rbe500_hw1:/home/tracy/rbe500/ros2_ws/install/quat_to_euler:/home/tracy/rbe500/ros2_ws/install/irb1400_fk:/opt/ros/jazzy /usr/bin/cmake --build /home/tracy/rbe500/ros2_ws/build/scara_ik -- -j16 -l16
[6.051s] DEBUG:colcon.colcon_core.event_handler.log_command:Invoked command in '/home/tracy/rbe500/ros2_ws/build/scara_ik' returned '0': CMAKE_PREFIX_PATH=${CMAKE_PREFIX_PATH}:/home/tracy/rbe500/ros2_ws/install/scara_fk:/home/tracy/rbe500/ros2_ws/install/rbe500_hw1:/home/tracy/rbe500/ros2_ws/install/quat_to_euler:/home/tracy/rbe500/ros2_ws/install/irb1400_fk:/opt/ros/jazzy /usr/bin/cmake --build /home/tracy/rbe500/ros2_ws/build/scara_ik -- -j16 -l16
[6.063s] DEBUG:colcon.colcon_core.event_handler.log_command:Invoking command in '/home/tracy/rbe500/ros2_ws/build/scara_ik': CMAKE_PREFIX_PATH=${CMAKE_PREFIX_PATH}:/home/tracy/rbe500/ros2_ws/install/scara_fk:/home/tracy/rbe500/ros2_ws/install/rbe500_hw1:/home/tracy/rbe500/ros2_ws/install/quat_to_euler:/home/tracy/rbe500/ros2_ws/install/irb1400_fk:/opt/ros/jazzy /usr/bin/cmake --install /home/tracy/rbe500/ros2_ws/build/scara_ik
[6.160s] Level 1:colcon.colcon_core.environment:create_environment_scripts_only(scara_ik)
[6.161s] DEBUG:colcon.colcon_core.event_handler.log_command:Invoked command in '/home/tracy/rbe500/ros2_ws/build/scara_ik' returned '0': CMAKE_PREFIX_PATH=${CMAKE_PREFIX_PATH}:/home/tracy/rbe500/ros2_ws/install/scara_fk:/home/tracy/rbe500/ros2_ws/install/rbe500_hw1:/home/tracy/rbe500/ros2_ws/install/quat_to_euler:/home/tracy/rbe500/ros2_ws/install/irb1400_fk:/opt/ros/jazzy /usr/bin/cmake --install /home/tracy/rbe500/ros2_ws/build/scara_ik
[6.169s] Level 1:colcon.colcon_core.environment:checking '/home/tracy/rbe500/ros2_ws/install/scara_ik' for CMake module files
[6.170s] Level 1:colcon.colcon_core.environment:checking '/home/tracy/rbe500/ros2_ws/install/scara_ik' for CMake config files
[6.171s] Level 1:colcon.colcon_core.shell:create_environment_hook('scara_ik', 'cmake_prefix_path')
[6.171s] INFO:colcon.colcon_core.shell:Creating environment hook '/home/tracy/rbe500/ros2_ws/install/scara_ik/share/scara_ik/hook/cmake_prefix_path.ps1'
[6.173s] INFO:colcon.colcon_core.shell:Creating environment descriptor '/home/tracy/rbe500/ros2_ws/install/scara_ik/share/scara_ik/hook/cmake_prefix_path.dsv'
[6.173s] INFO:colcon.colcon_core.shell:Creating environment hook '/home/tracy/rbe500/ros2_ws/install/scara_ik/share/scara_ik/hook/cmake_prefix_path.sh'
[6.175s] Level 1:colcon.colcon_core.environment:checking '/home/tracy/rbe500/ros2_ws/install/scara_ik/lib'
[6.175s] Level 1:colcon.colcon_core.shell:create_environment_hook('scara_ik', 'ld_library_path_lib')
[6.175s] INFO:colcon.colcon_core.shell:Creating environment hook '/home/tracy/rbe500/ros2_ws/install/scara_ik/share/scara_ik/hook/ld_library_path_lib.ps1'
[6.175s] INFO:colcon.colcon_core.shell:Creating environment descriptor '/home/tracy/rbe500/ros2_ws/install/scara_ik/share/scara_ik/hook/ld_library_path_lib.dsv'
[6.176s] INFO:colcon.colcon_core.shell:Creating environment hook '/home/tracy/rbe500/ros2_ws/install/scara_ik/share/scara_ik/hook/ld_library_path_lib.sh'
[6.176s] Level 1:colcon.colcon_core.environment:checking '/home/tracy/rbe500/ros2_ws/install/scara_ik/bin'
[6.176s] Level 1:colcon.colcon_core.environment:checking '/home/tracy/rbe500/ros2_ws/install/scara_ik/lib/pkgconfig/scara_ik.pc'
[6.176s] Level 1:colcon.colcon_core.environment:checking '/home/tracy/rbe500/ros2_ws/install/scara_ik/lib/python3.12/site-packages'
[6.177s] Level 1:colcon.colcon_core.shell:create_environment_hook('scara_ik', 'pythonpath')
[6.177s] INFO:colcon.colcon_core.shell:Creating environment hook '/home/tracy/rbe500/ros2_ws/install/scara_ik/share/scara_ik/hook/pythonpath.ps1'
[6.177s] INFO:colcon.colcon_core.shell:Creating environment descriptor '/home/tracy/rbe500/ros2_ws/install/scara_ik/share/scara_ik/hook/pythonpath.dsv'
[6.178s] INFO:colcon.colcon_core.shell:Creating environment hook '/home/tracy/rbe500/ros2_ws/install/scara_ik/share/scara_ik/hook/pythonpath.sh'
[6.178s] Level 1:colcon.colcon_core.environment:checking '/home/tracy/rbe500/ros2_ws/install/scara_ik/bin'
[6.178s] INFO:colcon.colcon_core.shell:Creating package script '/home/tracy/rbe500/ros2_ws/install/scara_ik/share/scara_ik/package.ps1'
[6.180s] INFO:colcon.colcon_core.shell:Creating package descriptor '/home/tracy/rbe500/ros2_ws/install/scara_ik/share/scara_ik/package.dsv'
[6.181s] INFO:colcon.colcon_core.shell:Creating package script '/home/tracy/rbe500/ros2_ws/install/scara_ik/share/scara_ik/package.sh'
[6.182s] INFO:colcon.colcon_core.shell:Creating package script '/home/tracy/rbe500/ros2_ws/install/scara_ik/share/scara_ik/package.bash'
[6.183s] INFO:colcon.colcon_core.shell:Creating package script '/home/tracy/rbe500/ros2_ws/install/scara_ik/share/scara_ik/package.zsh'
[6.184s] Level 1:colcon.colcon_core.environment:create_file_with_runtime_dependencies(/home/tracy/rbe500/ros2_ws/install/scara_ik/share/colcon-core/packages/scara_ik)
[6.184s] Level 1:colcon.colcon_core.environment:create_environment_scripts_only(scara_ik)
[6.185s] Level 1:colcon.colcon_core.environment:checking '/home/tracy/rbe500/ros2_ws/install/scara_ik' for CMake module files
[6.185s] Level 1:colcon.colcon_core.environment:checking '/home/tracy/rbe500/ros2_ws/install/scara_ik' for CMake config files
[6.186s] Level 1:colcon.colcon_core.shell:create_environment_hook('scara_ik', 'cmake_prefix_path')
[6.186s] INFO:colcon.colcon_core.shell:Creating environment hook '/home/tracy/rbe500/ros2_ws/install/scara_ik/share/scara_ik/hook/cmake_prefix_path.ps1'
[6.186s] INFO:colcon.colcon_core.shell:Creating environment descriptor '/home/tracy/rbe500/ros2_ws/install/scara_ik/share/scara_ik/hook/cmake_prefix_path.dsv'
[6.187s] INFO:colcon.colcon_core.shell:Creating environment hook '/home/tracy/rbe500/ros2_ws/install/scara_ik/share/scara_ik/hook/cmake_prefix_path.sh'
[6.187s] Level 1:colcon.colcon_core.environment:checking '/home/tracy/rbe500/ros2_ws/install/scara_ik/lib'
[6.187s] Level 1:colcon.colcon_core.shell:create_environment_hook('scara_ik', 'ld_library_path_lib')
[6.188s] INFO:colcon.colcon_core.shell:Creating environment hook '/home/tracy/rbe500/ros2_ws/install/scara_ik/share/scara_ik/hook/ld_library_path_lib.ps1'
[6.188s] INFO:colcon.colcon_core.shell:Creating environment descriptor '/home/tracy/rbe500/ros2_ws/install/scara_ik/share/scara_ik/hook/ld_library_path_lib.dsv'
[6.189s] INFO:colcon.colcon_core.shell:Creating environment hook '/home/tracy/rbe500/ros2_ws/install/scara_ik/share/scara_ik/hook/ld_library_path_lib.sh'
[6.189s] Level 1:colcon.colcon_core.environment:checking '/home/tracy/rbe500/ros2_ws/install/scara_ik/bin'
[6.189s] Level 1:colcon.colcon_core.environment:checking '/home/tracy/rbe500/ros2_ws/install/scara_ik/lib/pkgconfig/scara_ik.pc'
[6.190s] Level 1:colcon.colcon_core.environment:checking '/home/tracy/rbe500/ros2_ws/install/scara_ik/lib/python3.12/site-packages'
[6.190s] Level 1:colcon.colcon_core.shell:create_environment_hook('scara_ik', 'pythonpath')
[6.190s] INFO:colcon.colcon_core.shell:Creating environment hook '/home/tracy/rbe500/ros2_ws/install/scara_ik/share/scara_ik/hook/pythonpath.ps1'
[6.190s] INFO:colcon.colcon_core.shell:Creating environment descriptor '/home/tracy/rbe500/ros2_ws/install/scara_ik/share/scara_ik/hook/pythonpath.dsv'
[6.191s] INFO:colcon.colcon_core.shell:Creating environment hook '/home/tracy/rbe500/ros2_ws/install/scara_ik/share/scara_ik/hook/pythonpath.sh'
[6.191s] Level 1:colcon.colcon_core.environment:checking '/home/tracy/rbe500/ros2_ws/install/scara_ik/bin'
[6.191s] INFO:colcon.colcon_core.shell:Creating package script '/home/tracy/rbe500/ros2_ws/install/scara_ik/share/scara_ik/package.ps1'
[6.192s] INFO:colcon.colcon_core.shell:Creating package descriptor '/home/tracy/rbe500/ros2_ws/install/scara_ik/share/scara_ik/package.dsv'
[6.193s] INFO:colcon.colcon_core.shell:Creating package script '/home/tracy/rbe500/ros2_ws/install/scara_ik/share/scara_ik/package.sh'
[6.193s] INFO:colcon.colcon_core.shell:Creating package script '/home/tracy/rbe500/ros2_ws/install/scara_ik/share/scara_ik/package.bash'
[6.193s] INFO:colcon.colcon_core.shell:Creating package script '/home/tracy/rbe500/ros2_ws/install/scara_ik/share/scara_ik/package.zsh'
[6.194s] Level 1:colcon.colcon_core.environment:create_file_with_runtime_dependencies(/home/tracy/rbe500/ros2_ws/install/scara_ik/share/colcon-core/packages/scara_ik)
[6.194s] DEBUG:colcon.colcon_parallel_executor.executor.parallel:closing loop
[6.195s] DEBUG:colcon.colcon_parallel_executor.executor.parallel:loop closed
[6.195s] DEBUG:colcon.colcon_parallel_executor.executor.parallel:run_until_complete finished with '0'
[6.195s] DEBUG:colcon.colcon_core.event_reactor:joining thread
[6.292s] INFO:colcon.colcon_core.plugin_system:Skipping extension 'colcon_notification.desktop_notification.notify_send': Could not find 'notify-send'
[6.292s] INFO:colcon.colcon_core.plugin_system:Skipping extension 'colcon_notification.desktop_notification.terminal_notifier': Not used on non-Darwin systems
[6.292s] INFO:colcon.colcon_core.plugin_system:Skipping extension 'colcon_notification.desktop_notification.win32': Not used on non-Windows systems
[6.292s] INFO:colcon.colcon_notification.desktop_notification:Sending desktop notification using 'notify2'
[6.294s] DEBUG:colcon.colcon_notification.desktop_notification.notify2:Failed to initialize notify2: org.freedesktop.DBus.Error.ServiceUnknown: The name org.freedesktop.Notifications was not provided by any .service files
[6.294s] DEBUG:colcon.colcon_core.event_reactor:joined thread
[6.295s] INFO:colcon.colcon_core.shell:Creating prefix script '/home/tracy/rbe500/ros2_ws/install/local_setup.ps1'
[6.296s] INFO:colcon.colcon_core.shell:Creating prefix util module '/home/tracy/rbe500/ros2_ws/install/_local_setup_util_ps1.py'
[6.298s] INFO:colcon.colcon_core.shell:Creating prefix chain script '/home/tracy/rbe500/ros2_ws/install/setup.ps1'
[6.299s] INFO:colcon.colcon_core.shell:Creating prefix script '/home/tracy/rbe500/ros2_ws/install/local_setup.sh'
[6.300s] INFO:colcon.colcon_core.shell:Creating prefix util module '/home/tracy/rbe500/ros2_ws/install/_local_setup_util_sh.py'
[6.300s] INFO:colcon.colcon_core.shell:Creating prefix chain script '/home/tracy/rbe500/ros2_ws/install/setup.sh'
[6.302s] INFO:colcon.colcon_core.shell:Creating prefix script '/home/tracy/rbe500/ros2_ws/install/local_setup.bash'
[6.303s] INFO:colcon.colcon_core.shell:Creating prefix chain script '/home/tracy/rbe500/ros2_ws/install/setup.bash'
[6.304s] INFO:colcon.colcon_core.shell:Creating prefix script '/home/tracy/rbe500/ros2_ws/install/local_setup.zsh'
[6.305s] INFO:colcon.colcon_core.shell:Creating prefix chain script '/home/tracy/rbe500/ros2_ws/install/setup.zsh'
