[1.009s] Invoking command in '/home/tracy/rbe500/ros2_ws/src/quat_to_euler': PYTHONPATH=/home/tracy/rbe500/ros2_ws/build/quat_to_euler/prefix_override:/usr/lib/python3/dist-packages/colcon_core/task/python/colcon_distutils_commands:/home/tracy/rbe500/ros2_ws/install/quat_to_euler/lib/python3.12/site-packages:${PYTHONPATH} /usr/bin/python3 -W ignore:setup.py install is deprecated -W ignore:easy_install command is deprecated setup.py egg_info --egg-base ../../build/quat_to_euler build --build-base /home/tracy/rbe500/ros2_ws/build/quat_to_euler/build install --record /home/tracy/rbe500/ros2_ws/build/quat_to_euler/install.log --single-version-externally-managed install_data
[1.216s] running egg_info
[1.216s] creating ../../build/quat_to_euler/quat_to_euler.egg-info
[1.233s] writing ../../build/quat_to_euler/quat_to_euler.egg-info/PKG-INFO
[1.233s] writing dependency_links to ../../build/quat_to_euler/quat_to_euler.egg-info/dependency_links.txt
[1.233s] writing entry points to ../../build/quat_to_euler/quat_to_euler.egg-info/entry_points.txt
[1.234s] writing requirements to ../../build/quat_to_euler/quat_to_euler.egg-info/requires.txt
[1.234s] writing top-level names to ../../build/quat_to_euler/quat_to_euler.egg-info/top_level.txt
[1.234s] writing manifest file '../../build/quat_to_euler/quat_to_euler.egg-info/SOURCES.txt'
[1.267s] reading manifest file '../../build/quat_to_euler/quat_to_euler.egg-info/SOURCES.txt'
[1.268s] writing manifest file '../../build/quat_to_euler/quat_to_euler.egg-info/SOURCES.txt'
[1.268s] running build
[1.268s] running build_py
[1.268s] creating /home/tracy/rbe500/ros2_ws/build/quat_to_euler/build
[1.268s] creating /home/tracy/rbe500/ros2_ws/build/quat_to_euler/build/lib
[1.269s] creating /home/tracy/rbe500/ros2_ws/build/quat_to_euler/build/lib/quat_to_euler
[1.270s] copying quat_to_euler/quat_to_euler_node.py -> /home/tracy/rbe500/ros2_ws/build/quat_to_euler/build/lib/quat_to_euler
[1.270s] copying quat_to_euler/__init__.py -> /home/tracy/rbe500/ros2_ws/build/quat_to_euler/build/lib/quat_to_euler
[1.270s] running install
[1.275s] running install_lib
[1.291s] creating /home/tracy/rbe500/ros2_ws/install/quat_to_euler/lib/python3.12/site-packages/quat_to_euler
[1.292s] copying /home/tracy/rbe500/ros2_ws/build/quat_to_euler/build/lib/quat_to_euler/quat_to_euler_node.py -> /home/tracy/rbe500/ros2_ws/install/quat_to_euler/lib/python3.12/site-packages/quat_to_euler
[1.292s] copying /home/tracy/rbe500/ros2_ws/build/quat_to_euler/build/lib/quat_to_euler/__init__.py -> /home/tracy/rbe500/ros2_ws/install/quat_to_euler/lib/python3.12/site-packages/quat_to_euler
[1.292s] byte-compiling /home/tracy/rbe500/ros2_ws/install/quat_to_euler/lib/python3.12/site-packages/quat_to_euler/quat_to_euler_node.py to quat_to_euler_node.cpython-312.pyc
[1.293s] byte-compiling /home/tracy/rbe500/ros2_ws/install/quat_to_euler/lib/python3.12/site-packages/quat_to_euler/__init__.py to __init__.cpython-312.pyc
[1.294s] running install_data
[1.294s] creating /home/tracy/rbe500/ros2_ws/install/quat_to_euler/share/ament_index
[1.295s] creating /home/tracy/rbe500/ros2_ws/install/quat_to_euler/share/ament_index/resource_index
[1.296s] creating /home/tracy/rbe500/ros2_ws/install/quat_to_euler/share/ament_index/resource_index/packages
[1.296s] copying resource/quat_to_euler -> /home/tracy/rbe500/ros2_ws/install/quat_to_euler/share/ament_index/resource_index/packages
[1.296s] copying package.xml -> /home/tracy/rbe500/ros2_ws/install/quat_to_euler/share/quat_to_euler
[1.296s] running install_egg_info
[1.314s] Copying ../../build/quat_to_euler/quat_to_euler.egg-info to /home/tracy/rbe500/ros2_ws/install/quat_to_euler/lib/python3.12/site-packages/quat_to_euler-0.0.0-py3.12.egg-info
[1.316s] running install_scripts
[1.416s] Installing quat_to_euler_node script to /home/tracy/rbe500/ros2_ws/install/quat_to_euler/lib/quat_to_euler
[1.418s] writing list of installed files to '/home/tracy/rbe500/ros2_ws/build/quat_to_euler/install.log'
[1.454s] Invoked command in '/home/tracy/rbe500/ros2_ws/src/quat_to_euler' returned '0': PYTHONPATH=/home/tracy/rbe500/ros2_ws/build/quat_to_euler/prefix_override:/usr/lib/python3/dist-packages/colcon_core/task/python/colcon_distutils_commands:/home/tracy/rbe500/ros2_ws/install/quat_to_euler/lib/python3.12/site-packages:${PYTHONPATH} /usr/bin/python3 -W ignore:setup.py install is deprecated -W ignore:easy_install command is deprecated setup.py egg_info --egg-base ../../build/quat_to_euler build --build-base /home/tracy/rbe500/ros2_ws/build/quat_to_euler/build install --record /home/tracy/rbe500/ros2_ws/build/quat_to_euler/install.log --single-version-externally-managed install_data
