-- Found ament_cmake: 2.5.6 (/opt/ros/jazzy/share/ament_cmake/cmake)
-- Found rosidl_default_generators: 1.6.0 (/opt/ros/jazzy/share/rosidl_default_generators/cmake)
-- Using all available rosidl_typesupport_c: rosidl_typesupport_fastrtps_c;rosidl_typesupport_introspection_c
-- Using all available rosidl_typesupport_cpp: rosidl_typesupport_fastrtps_cpp;rosidl_typesupport_introspection_cpp
-- Found rosidl_adapter: 4.6.7 (/opt/ros/jazzy/share/rosidl_adapter/cmake)
-- Found rclpy: 7.1.11 (/opt/ros/jazzy/share/rclpy/cmake)
-- Found ament_cmake_ros: 0.12.0 (/opt/ros/jazzy/share/ament_cmake_ros/cmake)
-- Using all available rosidl_typesupport_c: rosidl_typesupport_fastrtps_c;rosidl_typesupport_introspection_c
-- Using all available rosidl_typesupport_cpp: rosidl_typesupport_fastrtps_cpp;rosidl_typesupport_introspection_cpp
-- Found python_cmake_module: 0.11.1 (/opt/ros/jazzy/share/python_cmake_module/cmake)
-- Found PythonExtra: /usr/bin/python3  
-- Found Python3: /usr/bin/python3 (found version "3.12.3") found components: Interpreter Development NumPy Development.Module Development.Embed 
-- Found Python3: /usr/bin/python3 (found version "3.12.3") found components: Interpreter 
-- Configuring done (2.9s)
-- Generating done (0.0s)
-- Build files have been written to: /home/tracy/rbe500/ros2_ws/build/scara_ik
-- Found ament_cmake: 2.5.6 (/opt/ros/jazzy/share/ament_cmake/cmake)
-- Found rosidl_default_generators: 1.6.0 (/opt/ros/jazzy/share/rosidl_default_generators/cmake)
-- Using all available rosidl_typesupport_c: rosidl_typesupport_fastrtps_c;rosidl_typesupport_introspection_c
-- Using all available rosidl_typesupport_cpp: rosidl_typesupport_fastrtps_cpp;rosidl_typesupport_introspection_cpp
-- Found rosidl_adapter: 4.6.7 (/opt/ros/jazzy/share/rosidl_adapter/cmake)
-- Found rclpy: 7.1.11 (/opt/ros/jazzy/share/rclpy/cmake)
-- Found ament_cmake_ros: 0.12.0 (/opt/ros/jazzy/share/ament_cmake_ros/cmake)
-- Using all available rosidl_typesupport_c: rosidl_typesupport_fastrtps_c;rosidl_typesupport_introspection_c
-- Using all available rosidl_typesupport_cpp: rosidl_typesupport_fastrtps_cpp;rosidl_typesupport_introspection_cpp
-- Found python_cmake_module: 0.11.1 (/opt/ros/jazzy/share/python_cmake_module/cmake)
-- Found Python3: /usr/bin/python3 (found version "3.12.3") found components: Interpreter Development NumPy Development.Module Development.Embed 
-- Found Python3: /usr/bin/python3 (found version "3.12.3") found components: Interpreter 
-- Configuring done (1.2s)
-- Generating done (0.0s)
-- Build files have been written to: /home/tracy/rbe500/ros2_ws/build/scara_ik
[  5%] [34m[1mGenerating Rust code for ROS interfaces[0m
[  5%] [34m[1mGenerating type hashes for ROS interfaces[0m
[  5%] Built target ament_cmake_python_copy_scara_ik
[  5%] Built target scara_ik__rosidl_generator_type_description
[  8%] [34m[1mGenerating C code for ROS interfaces[0m
[ 11%] [34m[1mGenerating C++ code for ROS interfaces[0m
running egg_info
creating scara_ik.egg-info
[ 11%] Built target scara_ik__rs
writing scara_ik.egg-info/PKG-INFO
writing dependency_links to scara_ik.egg-info/dependency_links.txt
writing top-level names to scara_ik.egg-info/top_level.txt
writing manifest file 'scara_ik.egg-info/SOURCES.txt'
reading manifest file 'scara_ik.egg-info/SOURCES.txt'
writing manifest file 'scara_ik.egg-info/SOURCES.txt'
[ 11%] Built target ament_cmake_python_build_scara_ik_egg
[ 11%] Built target scara_ik__cpp
[ 20%] [32mBuilding C object CMakeFiles/scara_ik__rosidl_generator_c.dir/rosidl_generator_c/scara_ik/srv/detail/scara_ik__description.c.o[0m
[ 20%] [32mBuilding C object CMakeFiles/scara_ik__rosidl_generator_c.dir/rosidl_generator_c/scara_ik/srv/detail/scara_ik__type_support.c.o[0m
[ 20%] [32mBuilding C object CMakeFiles/scara_ik__rosidl_generator_c.dir/rosidl_generator_c/scara_ik/srv/detail/scara_ik__functions.c.o[0m
[ 22%] [32m[1mLinking C shared library libscara_ik__rosidl_generator_c.so[0m
[ 22%] Built target scara_ik__rosidl_generator_c
[ 40%] [34m[1mGenerating C type support for eProsima Fast-RTPS[0m
[ 40%] [34m[1mGenerating C++ type support dispatch for ROS interfaces[0m
[ 40%] [34m[1mGenerating C introspection for ROS interfaces[0m
[ 40%] [34m[1mGenerating C++ introspection for ROS interfaces[0m
[ 40%] [34m[1mGenerating C++ type support for eProsima Fast-RTPS[0m
[ 40%] [34m[1mGenerating C type support dispatch for ROS interfaces[0m
[ 42%] [32mBuilding CXX object CMakeFiles/scara_ik__rosidl_typesupport_c.dir/rosidl_typesupport_c/scara_ik/srv/scara_ik__type_support.cpp.o[0m
[ 45%] [32mBuilding CXX object CMakeFiles/scara_ik__rosidl_typesupport_cpp.dir/rosidl_typesupport_cpp/scara_ik/srv/scara_ik__type_support.cpp.o[0m
[ 48%] [32mBuilding C object CMakeFiles/scara_ik__rosidl_typesupport_introspection_c.dir/rosidl_typesupport_introspection_c/scara_ik/srv/detail/scara_ik__type_support.c.o[0m
[ 51%] [32mBuilding CXX object CMakeFiles/scara_ik__rosidl_typesupport_introspection_cpp.dir/rosidl_typesupport_introspection_cpp/scara_ik/srv/detail/scara_ik__type_support.cpp.o[0m
[ 54%] [32mBuilding CXX object CMakeFiles/scara_ik__rosidl_typesupport_fastrtps_c.dir/rosidl_typesupport_fastrtps_c/scara_ik/srv/detail/scara_ik__type_support_c.cpp.o[0m
[ 57%] [32m[1mLinking C shared library libscara_ik__rosidl_typesupport_introspection_c.so[0m
[ 62%] [32m[1mLinking CXX shared library libscara_ik__rosidl_typesupport_c.so[0m
[ 62%] [32mBuilding CXX object CMakeFiles/scara_ik__rosidl_typesupport_fastrtps_cpp.dir/rosidl_typesupport_fastrtps_cpp/scara_ik/srv/detail/dds_fastrtps/scara_ik__type_support.cpp.o[0m
[ 62%] Built target scara_ik__rosidl_typesupport_introspection_c
[ 62%] Built target scara_ik__rosidl_typesupport_c
[ 65%] [32m[1mLinking CXX shared library libscara_ik__rosidl_typesupport_cpp.so[0m
[ 68%] [32m[1mLinking CXX shared library libscara_ik__rosidl_typesupport_introspection_cpp.so[0m
[ 71%] [32m[1mLinking CXX shared library libscara_ik__rosidl_typesupport_fastrtps_c.so[0m
[ 71%] Built target scara_ik__rosidl_typesupport_cpp
[ 74%] [32m[1mLinking CXX shared library libscara_ik__rosidl_typesupport_fastrtps_cpp.so[0m
[ 74%] Built target scara_ik__rosidl_typesupport_introspection_cpp
[ 74%] Built target scara_ik__rosidl_typesupport_fastrtps_c
[ 74%] Built target scara_ik__rosidl_typesupport_fastrtps_cpp
[ 74%] Built target scara_ik
[ 77%] [34m[1mGenerating Python code for ROS interfaces[0m
[ 77%] Built target scara_ik__py
[ 80%] [32mBuilding C object CMakeFiles/scara_ik__rosidl_generator_py.dir/rosidl_generator_py/scara_ik/srv/_scara_ik_s.c.o[0m
[ 82%] [32m[1mLinking C shared library libscara_ik__rosidl_generator_py.so[0m
[ 82%] Built target scara_ik__rosidl_generator_py
[ 91%] [32mBuilding C object CMakeFiles/scara_ik_s__rosidl_typesupport_c.dir/rosidl_generator_py/scara_ik/_scara_ik_s.ep.rosidl_typesupport_c.c.o[0m
[ 91%] [32mBuilding C object CMakeFiles/scara_ik_s__rosidl_typesupport_introspection_c.dir/rosidl_generator_py/scara_ik/_scara_ik_s.ep.rosidl_typesupport_introspection_c.c.o[0m
[ 91%] [32mBuilding C object CMakeFiles/scara_ik_s__rosidl_typesupport_fastrtps_c.dir/rosidl_generator_py/scara_ik/_scara_ik_s.ep.rosidl_typesupport_fastrtps_c.c.o[0m
[ 97%] [32m[1mLinking C shared module rosidl_generator_py/scara_ik/scara_ik_s__rosidl_typesupport_c.so[0m
[ 97%] [32m[1mLinking C shared module rosidl_generator_py/scara_ik/scara_ik_s__rosidl_typesupport_introspection_c.so[0m
[100%] [32m[1mLinking C shared module rosidl_generator_py/scara_ik/scara_ik_s__rosidl_typesupport_fastrtps_c.so[0m
[100%] Built target scara_ik_s__rosidl_typesupport_c
[100%] Built target scara_ik_s__rosidl_typesupport_introspection_c
[100%] Built target scara_ik_s__rosidl_typesupport_fastrtps_c
-- Install configuration: ""
-- Installing: /home/tracy/rbe500/ros2_ws/install/scara_ik/share/ament_index/resource_index/rosidl_interfaces/scara_ik
-- Installing: /home/tracy/rbe500/ros2_ws/install/scara_ik/share/scara_ik/srv/ScaraIK.json
-- Installing: /home/tracy/rbe500/ros2_ws/install/scara_ik/include/scara_ik/scara_ik
-- Installing: /home/tracy/rbe500/ros2_ws/install/scara_ik/include/scara_ik/scara_ik/srv
-- Installing: /home/tracy/rbe500/ros2_ws/install/scara_ik/include/scara_ik/scara_ik/srv/scara_ik.h
-- Installing: /home/tracy/rbe500/ros2_ws/install/scara_ik/include/scara_ik/scara_ik/srv/detail
-- Installing: /home/tracy/rbe500/ros2_ws/install/scara_ik/include/scara_ik/scara_ik/srv/detail/scara_ik__type_support.c
-- Installing: /home/tracy/rbe500/ros2_ws/install/scara_ik/include/scara_ik/scara_ik/srv/detail/scara_ik__functions.h
-- Installing: /home/tracy/rbe500/ros2_ws/install/scara_ik/include/scara_ik/scara_ik/srv/detail/scara_ik__functions.c
-- Installing: /home/tracy/rbe500/ros2_ws/install/scara_ik/include/scara_ik/scara_ik/srv/detail/scara_ik__description.c
-- Installing: /home/tracy/rbe500/ros2_ws/install/scara_ik/include/scara_ik/scara_ik/srv/detail/scara_ik__type_support.h
-- Installing: /home/tracy/rbe500/ros2_ws/install/scara_ik/include/scara_ik/scara_ik/srv/detail/scara_ik__struct.h
-- Installing: /home/tracy/rbe500/ros2_ws/install/scara_ik/include/scara_ik/scara_ik/msg
-- Installing: /home/tracy/rbe500/ros2_ws/install/scara_ik/include/scara_ik/scara_ik/msg/rosidl_generator_c__visibility_control.h
-- Installing: /home/tracy/rbe500/ros2_ws/install/scara_ik/share/scara_ik/environment/library_path.sh
-- Installing: /home/tracy/rbe500/ros2_ws/install/scara_ik/share/scara_ik/environment/library_path.dsv
-- Installing: /home/tracy/rbe500/ros2_ws/install/scara_ik/lib/libscara_ik__rosidl_generator_c.so
-- Set non-toolchain portion of runtime path of "/home/tracy/rbe500/ros2_ws/install/scara_ik/lib/libscara_ik__rosidl_generator_c.so" to ""
-- Up-to-date: /home/tracy/rbe500/ros2_ws/install/scara_ik/include/scara_ik/scara_ik
-- Up-to-date: /home/tracy/rbe500/ros2_ws/install/scara_ik/include/scara_ik/scara_ik/srv
-- Up-to-date: /home/tracy/rbe500/ros2_ws/install/scara_ik/include/scara_ik/scara_ik/srv/detail
-- Installing: /home/tracy/rbe500/ros2_ws/install/scara_ik/include/scara_ik/scara_ik/srv/detail/scara_ik__rosidl_typesupport_fastrtps_c.h
-- Up-to-date: /home/tracy/rbe500/ros2_ws/install/scara_ik/include/scara_ik/scara_ik/msg
-- Installing: /home/tracy/rbe500/ros2_ws/install/scara_ik/include/scara_ik/scara_ik/msg/rosidl_typesupport_fastrtps_c__visibility_control.h
-- Installing: /home/tracy/rbe500/ros2_ws/install/scara_ik/lib/libscara_ik__rosidl_typesupport_fastrtps_c.so
-- Set non-toolchain portion of runtime path of "/home/tracy/rbe500/ros2_ws/install/scara_ik/lib/libscara_ik__rosidl_typesupport_fastrtps_c.so" to ""
-- Up-to-date: /home/tracy/rbe500/ros2_ws/install/scara_ik/include/scara_ik/scara_ik
-- Up-to-date: /home/tracy/rbe500/ros2_ws/install/scara_ik/include/scara_ik/scara_ik/srv
-- Up-to-date: /home/tracy/rbe500/ros2_ws/install/scara_ik/include/scara_ik/scara_ik/srv/detail
-- Up-to-date: /home/tracy/rbe500/ros2_ws/install/scara_ik/include/scara_ik/scara_ik/srv/detail/scara_ik__type_support.c
-- Installing: /home/tracy/rbe500/ros2_ws/install/scara_ik/include/scara_ik/scara_ik/srv/detail/scara_ik__rosidl_typesupport_introspection_c.h
-- Up-to-date: /home/tracy/rbe500/ros2_ws/install/scara_ik/include/scara_ik/scara_ik/msg
-- Installing: /home/tracy/rbe500/ros2_ws/install/scara_ik/include/scara_ik/scara_ik/msg/rosidl_typesupport_introspection_c__visibility_control.h
-- Installing: /home/tracy/rbe500/ros2_ws/install/scara_ik/lib/libscara_ik__rosidl_typesupport_introspection_c.so
-- Set non-toolchain portion of runtime path of "/home/tracy/rbe500/ros2_ws/install/scara_ik/lib/libscara_ik__rosidl_typesupport_introspection_c.so" to ""
-- Installing: /home/tracy/rbe500/ros2_ws/install/scara_ik/lib/libscara_ik__rosidl_typesupport_c.so
-- Set non-toolchain portion of runtime path of "/home/tracy/rbe500/ros2_ws/install/scara_ik/lib/libscara_ik__rosidl_typesupport_c.so" to ""
-- Up-to-date: /home/tracy/rbe500/ros2_ws/install/scara_ik/include/scara_ik/scara_ik
-- Up-to-date: /home/tracy/rbe500/ros2_ws/install/scara_ik/include/scara_ik/scara_ik/srv
-- Installing: /home/tracy/rbe500/ros2_ws/install/scara_ik/include/scara_ik/scara_ik/srv/scara_ik.hpp
-- Up-to-date: /home/tracy/rbe500/ros2_ws/install/scara_ik/include/scara_ik/scara_ik/srv/detail
-- Installing: /home/tracy/rbe500/ros2_ws/install/scara_ik/include/scara_ik/scara_ik/srv/detail/scara_ik__builder.hpp
-- Installing: /home/tracy/rbe500/ros2_ws/install/scara_ik/include/scara_ik/scara_ik/srv/detail/scara_ik__type_support.hpp
-- Installing: /home/tracy/rbe500/ros2_ws/install/scara_ik/include/scara_ik/scara_ik/srv/detail/scara_ik__struct.hpp
-- Installing: /home/tracy/rbe500/ros2_ws/install/scara_ik/include/scara_ik/scara_ik/srv/detail/scara_ik__traits.hpp
-- Up-to-date: /home/tracy/rbe500/ros2_ws/install/scara_ik/include/scara_ik/scara_ik/msg
-- Installing: /home/tracy/rbe500/ros2_ws/install/scara_ik/include/scara_ik/scara_ik/msg/rosidl_generator_cpp__visibility_control.hpp
-- Up-to-date: /home/tracy/rbe500/ros2_ws/install/scara_ik/include/scara_ik/scara_ik
-- Up-to-date: /home/tracy/rbe500/ros2_ws/install/scara_ik/include/scara_ik/scara_ik/srv
-- Up-to-date: /home/tracy/rbe500/ros2_ws/install/scara_ik/include/scara_ik/scara_ik/srv/detail
-- Installing: /home/tracy/rbe500/ros2_ws/install/scara_ik/include/scara_ik/scara_ik/srv/detail/scara_ik__rosidl_typesupport_fastrtps_cpp.hpp
-- Installing: /home/tracy/rbe500/ros2_ws/install/scara_ik/include/scara_ik/scara_ik/srv/detail/dds_fastrtps
-- Up-to-date: /home/tracy/rbe500/ros2_ws/install/scara_ik/include/scara_ik/scara_ik/msg
-- Installing: /home/tracy/rbe500/ros2_ws/install/scara_ik/include/scara_ik/scara_ik/msg/rosidl_typesupport_fastrtps_cpp__visibility_control.h
-- Installing: /home/tracy/rbe500/ros2_ws/install/scara_ik/lib/libscara_ik__rosidl_typesupport_fastrtps_cpp.so
-- Set non-toolchain portion of runtime path of "/home/tracy/rbe500/ros2_ws/install/scara_ik/lib/libscara_ik__rosidl_typesupport_fastrtps_cpp.so" to ""
-- Up-to-date: /home/tracy/rbe500/ros2_ws/install/scara_ik/include/scara_ik/scara_ik
-- Up-to-date: /home/tracy/rbe500/ros2_ws/install/scara_ik/include/scara_ik/scara_ik/srv
-- Up-to-date: /home/tracy/rbe500/ros2_ws/install/scara_ik/include/scara_ik/scara_ik/srv/detail
-- Installing: /home/tracy/rbe500/ros2_ws/install/scara_ik/include/scara_ik/scara_ik/srv/detail/scara_ik__rosidl_typesupport_introspection_cpp.hpp
-- Installing: /home/tracy/rbe500/ros2_ws/install/scara_ik/include/scara_ik/scara_ik/srv/detail/scara_ik__type_support.cpp
-- Installing: /home/tracy/rbe500/ros2_ws/install/scara_ik/lib/libscara_ik__rosidl_typesupport_introspection_cpp.so
-- Set non-toolchain portion of runtime path of "/home/tracy/rbe500/ros2_ws/install/scara_ik/lib/libscara_ik__rosidl_typesupport_introspection_cpp.so" to ""
-- Installing: /home/tracy/rbe500/ros2_ws/install/scara_ik/lib/libscara_ik__rosidl_typesupport_cpp.so
-- Set non-toolchain portion of runtime path of "/home/tracy/rbe500/ros2_ws/install/scara_ik/lib/libscara_ik__rosidl_typesupport_cpp.so" to ""
-- Installing: /home/tracy/rbe500/ros2_ws/install/scara_ik/share/scara_ik/environment/pythonpath.sh
-- Installing: /home/tracy/rbe500/ros2_ws/install/scara_ik/share/scara_ik/environment/pythonpath.dsv
-- Installing: /home/tracy/rbe500/ros2_ws/install/scara_ik/lib/python3.12/site-packages/scara_ik-0.0.0-py3.12.egg-info
-- Installing: /home/tracy/rbe500/ros2_ws/install/scara_ik/lib/python3.12/site-packages/scara_ik-0.0.0-py3.12.egg-info/top_level.txt
-- Installing: /home/tracy/rbe500/ros2_ws/install/scara_ik/lib/python3.12/site-packages/scara_ik-0.0.0-py3.12.egg-info/dependency_links.txt
-- Installing: /home/tracy/rbe500/ros2_ws/install/scara_ik/lib/python3.12/site-packages/scara_ik-0.0.0-py3.12.egg-info/SOURCES.txt
-- Installing: /home/tracy/rbe500/ros2_ws/install/scara_ik/lib/python3.12/site-packages/scara_ik-0.0.0-py3.12.egg-info/PKG-INFO
-- Installing: /home/tracy/rbe500/ros2_ws/install/scara_ik/lib/python3.12/site-packages/scara_ik
-- Installing: /home/tracy/rbe500/ros2_ws/install/scara_ik/lib/python3.12/site-packages/scara_ik/scara_ik_s__rosidl_typesupport_c.so
-- Installing: /home/tracy/rbe500/ros2_ws/install/scara_ik/lib/python3.12/site-packages/scara_ik/srv
-- Installing: /home/tracy/rbe500/ros2_ws/install/scara_ik/lib/python3.12/site-packages/scara_ik/srv/_scara_ik.py
-- Installing: /home/tracy/rbe500/ros2_ws/install/scara_ik/lib/python3.12/site-packages/scara_ik/srv/_scara_ik_s.c
-- Installing: /home/tracy/rbe500/ros2_ws/install/scara_ik/lib/python3.12/site-packages/scara_ik/srv/__init__.py
-- Installing: /home/tracy/rbe500/ros2_ws/install/scara_ik/lib/python3.12/site-packages/scara_ik/scara_ik_s__rosidl_typesupport_introspection_c.so
-- Installing: /home/tracy/rbe500/ros2_ws/install/scara_ik/lib/python3.12/site-packages/scara_ik/scara_ik_s__rosidl_typesupport_fastrtps_c.so
-- Installing: /home/tracy/rbe500/ros2_ws/install/scara_ik/lib/python3.12/site-packages/scara_ik/_scara_ik_s.ep.rosidl_typesupport_introspection_c.c
-- Installing: /home/tracy/rbe500/ros2_ws/install/scara_ik/lib/python3.12/site-packages/scara_ik/_scara_ik_s.ep.rosidl_typesupport_fastrtps_c.c
-- Installing: /home/tracy/rbe500/ros2_ws/install/scara_ik/lib/python3.12/site-packages/scara_ik/__init__.py
-- Installing: /home/tracy/rbe500/ros2_ws/install/scara_ik/lib/python3.12/site-packages/scara_ik/_scara_ik_s.ep.rosidl_typesupport_c.c
Listing '/home/tracy/rbe500/ros2_ws/install/scara_ik/lib/python3.12/site-packages/scara_ik'...
Compiling '/home/tracy/rbe500/ros2_ws/install/scara_ik/lib/python3.12/site-packages/scara_ik/__init__.py'...
Listing '/home/tracy/rbe500/ros2_ws/install/scara_ik/lib/python3.12/site-packages/scara_ik/srv'...
Compiling '/home/tracy/rbe500/ros2_ws/install/scara_ik/lib/python3.12/site-packages/scara_ik/srv/__init__.py'...
Compiling '/home/tracy/rbe500/ros2_ws/install/scara_ik/lib/python3.12/site-packages/scara_ik/srv/_scara_ik.py'...
-- Installing: /home/tracy/rbe500/ros2_ws/install/scara_ik/lib/python3.12/site-packages/scara_ik/scara_ik_s__rosidl_typesupport_fastrtps_c.so
-- Set non-toolchain portion of runtime path of "/home/tracy/rbe500/ros2_ws/install/scara_ik/lib/python3.12/site-packages/scara_ik/scara_ik_s__rosidl_typesupport_fastrtps_c.so" to ""
-- Installing: /home/tracy/rbe500/ros2_ws/install/scara_ik/lib/python3.12/site-packages/scara_ik/scara_ik_s__rosidl_typesupport_introspection_c.so
-- Set non-toolchain portion of runtime path of "/home/tracy/rbe500/ros2_ws/install/scara_ik/lib/python3.12/site-packages/scara_ik/scara_ik_s__rosidl_typesupport_introspection_c.so" to ""
-- Installing: /home/tracy/rbe500/ros2_ws/install/scara_ik/lib/python3.12/site-packages/scara_ik/scara_ik_s__rosidl_typesupport_c.so
-- Set non-toolchain portion of runtime path of "/home/tracy/rbe500/ros2_ws/install/scara_ik/lib/python3.12/site-packages/scara_ik/scara_ik_s__rosidl_typesupport_c.so" to ""
-- Installing: /home/tracy/rbe500/ros2_ws/install/scara_ik/lib/libscara_ik__rosidl_generator_py.so
-- Set non-toolchain portion of runtime path of "/home/tracy/rbe500/ros2_ws/install/scara_ik/lib/libscara_ik__rosidl_generator_py.so" to ""
-- Installing: /home/tracy/rbe500/ros2_ws/install/scara_ik/share/ament_index/resource_index/rust_packages/scara_ik
-- Installing: /home/tracy/rbe500/ros2_ws/install/scara_ik/share/scara_ik/rust
-- Installing: /home/tracy/rbe500/ros2_ws/install/scara_ik/share/scara_ik/rust/src
-- Installing: /home/tracy/rbe500/ros2_ws/install/scara_ik/share/scara_ik/rust/src/srv
-- Installing: /home/tracy/rbe500/ros2_ws/install/scara_ik/share/scara_ik/rust/src/srv/rmw.rs
-- Installing: /home/tracy/rbe500/ros2_ws/install/scara_ik/share/scara_ik/rust/src/srv.rs
-- Installing: /home/tracy/rbe500/ros2_ws/install/scara_ik/share/scara_ik/rust/src/lib.rs
-- Installing: /home/tracy/rbe500/ros2_ws/install/scara_ik/share/scara_ik/rust/Cargo.toml
-- Installing: /home/tracy/rbe500/ros2_ws/install/scara_ik/share/scara_ik/rust/build.rs
-- Installing: /home/tracy/rbe500/ros2_ws/install/scara_ik/share/scara_ik/srv/ScaraIK.idl
-- Installing: /home/tracy/rbe500/ros2_ws/install/scara_ik/share/scara_ik/srv/ScaraIK.srv
-- Installing: /home/tracy/rbe500/ros2_ws/install/scara_ik/lib/scara_ik/ik_node.py
-- Up-to-date: /home/tracy/rbe500/ros2_ws/install/scara_ik/lib/scara_ik
-- Up-to-date: /home/tracy/rbe500/ros2_ws/install/scara_ik/lib/scara_ik/ik_node.py
-- Installing: /home/tracy/rbe500/ros2_ws/install/scara_ik/lib/scara_ik/__init__.py
-- Installing: /home/tracy/rbe500/ros2_ws/install/scara_ik/share/ament_index/resource_index/package_run_dependencies/scara_ik
-- Installing: /home/tracy/rbe500/ros2_ws/install/scara_ik/share/ament_index/resource_index/parent_prefix_path/scara_ik
-- Installing: /home/tracy/rbe500/ros2_ws/install/scara_ik/share/scara_ik/environment/ament_prefix_path.sh
-- Installing: /home/tracy/rbe500/ros2_ws/install/scara_ik/share/scara_ik/environment/ament_prefix_path.dsv
-- Installing: /home/tracy/rbe500/ros2_ws/install/scara_ik/share/scara_ik/environment/path.sh
-- Installing: /home/tracy/rbe500/ros2_ws/install/scara_ik/share/scara_ik/environment/path.dsv
-- Installing: /home/tracy/rbe500/ros2_ws/install/scara_ik/share/scara_ik/local_setup.bash
-- Installing: /home/tracy/rbe500/ros2_ws/install/scara_ik/share/scara_ik/local_setup.sh
-- Installing: /home/tracy/rbe500/ros2_ws/install/scara_ik/share/scara_ik/local_setup.zsh
-- Installing: /home/tracy/rbe500/ros2_ws/install/scara_ik/share/scara_ik/local_setup.dsv
-- Installing: /home/tracy/rbe500/ros2_ws/install/scara_ik/share/scara_ik/package.dsv
-- Installing: /home/tracy/rbe500/ros2_ws/install/scara_ik/share/ament_index/resource_index/packages/scara_ik
-- Installing: /home/tracy/rbe500/ros2_ws/install/scara_ik/share/scara_ik/cmake/export_scara_ik__rosidl_generator_cExport.cmake
-- Installing: /home/tracy/rbe500/ros2_ws/install/scara_ik/share/scara_ik/cmake/export_scara_ik__rosidl_generator_cExport-noconfig.cmake
-- Installing: /home/tracy/rbe500/ros2_ws/install/scara_ik/share/scara_ik/cmake/export_scara_ik__rosidl_typesupport_fastrtps_cExport.cmake
-- Installing: /home/tracy/rbe500/ros2_ws/install/scara_ik/share/scara_ik/cmake/export_scara_ik__rosidl_typesupport_fastrtps_cExport-noconfig.cmake
-- Installing: /home/tracy/rbe500/ros2_ws/install/scara_ik/share/scara_ik/cmake/scara_ik__rosidl_typesupport_introspection_cExport.cmake
-- Installing: /home/tracy/rbe500/ros2_ws/install/scara_ik/share/scara_ik/cmake/scara_ik__rosidl_typesupport_introspection_cExport-noconfig.cmake
-- Installing: /home/tracy/rbe500/ros2_ws/install/scara_ik/share/scara_ik/cmake/scara_ik__rosidl_typesupport_cExport.cmake
-- Installing: /home/tracy/rbe500/ros2_ws/install/scara_ik/share/scara_ik/cmake/scara_ik__rosidl_typesupport_cExport-noconfig.cmake
-- Installing: /home/tracy/rbe500/ros2_ws/install/scara_ik/share/scara_ik/cmake/export_scara_ik__rosidl_generator_cppExport.cmake
-- Installing: /home/tracy/rbe500/ros2_ws/install/scara_ik/share/scara_ik/cmake/export_scara_ik__rosidl_typesupport_fastrtps_cppExport.cmake
-- Installing: /home/tracy/rbe500/ros2_ws/install/scara_ik/share/scara_ik/cmake/export_scara_ik__rosidl_typesupport_fastrtps_cppExport-noconfig.cmake
-- Installing: /home/tracy/rbe500/ros2_ws/install/scara_ik/share/scara_ik/cmake/scara_ik__rosidl_typesupport_introspection_cppExport.cmake
-- Installing: /home/tracy/rbe500/ros2_ws/install/scara_ik/share/scara_ik/cmake/scara_ik__rosidl_typesupport_introspection_cppExport-noconfig.cmake
-- Installing: /home/tracy/rbe500/ros2_ws/install/scara_ik/share/scara_ik/cmake/scara_ik__rosidl_typesupport_cppExport.cmake
-- Installing: /home/tracy/rbe500/ros2_ws/install/scara_ik/share/scara_ik/cmake/scara_ik__rosidl_typesupport_cppExport-noconfig.cmake
-- Installing: /home/tracy/rbe500/ros2_ws/install/scara_ik/share/scara_ik/cmake/export_scara_ik__rosidl_generator_pyExport.cmake
-- Installing: /home/tracy/rbe500/ros2_ws/install/scara_ik/share/scara_ik/cmake/export_scara_ik__rosidl_generator_pyExport-noconfig.cmake
-- Installing: /home/tracy/rbe500/ros2_ws/install/scara_ik/share/scara_ik/cmake/rosidl_cmake-extras.cmake
-- Installing: /home/tracy/rbe500/ros2_ws/install/scara_ik/share/scara_ik/cmake/ament_cmake_export_dependencies-extras.cmake
-- Installing: /home/tracy/rbe500/ros2_ws/install/scara_ik/share/scara_ik/cmake/ament_cmake_export_include_directories-extras.cmake
-- Installing: /home/tracy/rbe500/ros2_ws/install/scara_ik/share/scara_ik/cmake/ament_cmake_export_libraries-extras.cmake
-- Installing: /home/tracy/rbe500/ros2_ws/install/scara_ik/share/scara_ik/cmake/ament_cmake_export_targets-extras.cmake
-- Installing: /home/tracy/rbe500/ros2_ws/install/scara_ik/share/scara_ik/cmake/rosidl_cmake_export_typesupport_targets-extras.cmake
-- Installing: /home/tracy/rbe500/ros2_ws/install/scara_ik/share/scara_ik/cmake/rosidl_cmake_export_typesupport_libraries-extras.cmake
-- Installing: /home/tracy/rbe500/ros2_ws/install/scara_ik/share/scara_ik/cmake/scara_ikConfig.cmake
-- Installing: /home/tracy/rbe500/ros2_ws/install/scara_ik/share/scara_ik/cmake/scara_ikConfig-version.cmake
-- Installing: /home/tracy/rbe500/ros2_ws/install/scara_ik/share/scara_ik/package.xml
