[0.017s] Invoking command in '/home/tracy/rbe500/ros2_ws/build/scara_ik': CMAKE_PREFIX_PATH=${CMAKE_PREFIX_PATH}:/home/tracy/rbe500/ros2_ws/install/scara_fk:/home/tracy/rbe500/ros2_ws/install/rbe500_hw1:/home/tracy/rbe500/ros2_ws/install/quat_to_euler:/home/tracy/rbe500/ros2_ws/install/irb1400_fk:/opt/ros/jazzy /usr/bin/cmake /home/tracy/rbe500/ros2_ws/src/scara_ik -DCMAKE_INSTALL_PREFIX=/home/tracy/rbe500/ros2_ws/install/scara_ik
[0.103s] -- Found ament_cmake: 2.5.6 (/opt/ros/jazzy/share/ament_cmake/cmake)
[0.355s] -- Found rosidl_default_generators: 1.6.0 (/opt/ros/jazzy/share/rosidl_default_generators/cmake)
[0.361s] -- Using all available rosidl_typesupport_c: rosidl_typesupport_fastrtps_c;rosidl_typesupport_introspection_c
[0.686s] -- Using all available rosidl_typesupport_cpp: rosidl_typesupport_fastrtps_cpp;rosidl_typesupport_introspection_cpp
[0.737s] -- Found rosidl_adapter: 4.6.7 (/opt/ros/jazzy/share/rosidl_adapter/cmake)
[0.742s] -- Found rclpy: 7.1.11 (/opt/ros/jazzy/share/rclpy/cmake)
[1.359s] -- Found ament_cmake_ros: 0.12.0 (/opt/ros/jazzy/share/ament_cmake_ros/cmake)
[1.788s] -- Using all available rosidl_typesupport_c: rosidl_typesupport_fastrtps_c;rosidl_typesupport_introspection_c
[2.331s] -- Using all available rosidl_typesupport_cpp: rosidl_typesupport_fastrtps_cpp;rosidl_typesupport_introspection_cpp
[2.336s] -- Found python_cmake_module: 0.11.1 (/opt/ros/jazzy/share/python_cmake_module/cmake)
[2.465s] -- Found PythonExtra: /usr/bin/python3  
[2.952s] -- Found Python3: /usr/bin/python3 (found version "3.12.3") found components: Interpreter Development NumPy Development.Module Development.Embed 
[3.016s] -- Found Python3: /usr/bin/python3 (found version "3.12.3") found components: Interpreter 
[3.035s] -- Configuring done (2.9s)
[3.090s] -- Generating done (0.0s)
[3.104s] -- Build files have been written to: /home/tracy/rbe500/ros2_ws/build/scara_ik
[3.114s] Invoked command in '/home/tracy/rbe500/ros2_ws/build/scara_ik' returned '0': CMAKE_PREFIX_PATH=${CMAKE_PREFIX_PATH}:/home/tracy/rbe500/ros2_ws/install/scara_fk:/home/tracy/rbe500/ros2_ws/install/rbe500_hw1:/home/tracy/rbe500/ros2_ws/install/quat_to_euler:/home/tracy/rbe500/ros2_ws/install/irb1400_fk:/opt/ros/jazzy /usr/bin/cmake /home/tracy/rbe500/ros2_ws/src/scara_ik -DCMAKE_INSTALL_PREFIX=/home/tracy/rbe500/ros2_ws/install/scara_ik
[3.116s] Invoking command in '/home/tracy/rbe500/ros2_ws/build/scara_ik': CMAKE_PREFIX_PATH=${CMAKE_PREFIX_PATH}:/home/tracy/rbe500/ros2_ws/install/scara_fk:/home/tracy/rbe500/ros2_ws/install/rbe500_hw1:/home/tracy/rbe500/ros2_ws/install/quat_to_euler:/home/tracy/rbe500/ros2_ws/install/irb1400_fk:/opt/ros/jazzy /usr/bin/cmake --build /home/tracy/rbe500/ros2_ws/build/scara_ik -- -j16 -l16
[3.140s] -- Found ament_cmake: 2.5.6 (/opt/ros/jazzy/share/ament_cmake/cmake)
[3.231s] -- Found rosidl_default_generators: 1.6.0 (/opt/ros/jazzy/share/rosidl_default_generators/cmake)
[3.233s] -- Using all available rosidl_typesupport_c: rosidl_typesupport_fastrtps_c;rosidl_typesupport_introspection_c
[3.494s] -- Using all available rosidl_typesupport_cpp: rosidl_typesupport_fastrtps_cpp;rosidl_typesupport_introspection_cpp
[3.520s] -- Found rosidl_adapter: 4.6.7 (/opt/ros/jazzy/share/rosidl_adapter/cmake)
[3.521s] -- Found rclpy: 7.1.11 (/opt/ros/jazzy/share/rclpy/cmake)
[3.758s] -- Found ament_cmake_ros: 0.12.0 (/opt/ros/jazzy/share/ament_cmake_ros/cmake)
[3.847s] -- Using all available rosidl_typesupport_c: rosidl_typesupport_fastrtps_c;rosidl_typesupport_introspection_c
[3.981s] -- Using all available rosidl_typesupport_cpp: rosidl_typesupport_fastrtps_cpp;rosidl_typesupport_introspection_cpp
[3.982s] -- Found python_cmake_module: 0.11.1 (/opt/ros/jazzy/share/python_cmake_module/cmake)
[4.265s] -- Found Python3: /usr/bin/python3 (found version "3.12.3") found components: Interpreter Development NumPy Development.Module Development.Embed 
[4.302s] -- Found Python3: /usr/bin/python3 (found version "3.12.3") found components: Interpreter 
[4.309s] -- Configuring done (1.2s)
[4.347s] -- Generating done (0.0s)
[4.361s] -- Build files have been written to: /home/tracy/rbe500/ros2_ws/build/scara_ik
[4.399s] [  5%] [34m[1mGenerating Rust code for ROS interfaces[0m
[4.399s] [  5%] [34m[1mGenerating type hashes for ROS interfaces[0m
[4.407s] [  5%] Built target ament_cmake_python_copy_scara_ik
[4.586s] [  5%] Built target scara_ik__rosidl_generator_type_description
[4.598s] [  8%] [34m[1mGenerating C code for ROS interfaces[0m
[4.608s] [ 11%] [34m[1mGenerating C++ code for ROS interfaces[0m
[4.609s] running egg_info
[4.609s] creating scara_ik.egg-info
[4.612s] [ 11%] Built target scara_ik__rs
[4.628s] writing scara_ik.egg-info/PKG-INFO
[4.629s] writing dependency_links to scara_ik.egg-info/dependency_links.txt
[4.629s] writing top-level names to scara_ik.egg-info/top_level.txt
[4.629s] writing manifest file 'scara_ik.egg-info/SOURCES.txt'
[4.685s] reading manifest file 'scara_ik.egg-info/SOURCES.txt'
[4.685s] writing manifest file 'scara_ik.egg-info/SOURCES.txt'
[4.712s] [ 11%] Built target ament_cmake_python_build_scara_ik_egg
[4.866s] [ 11%] Built target scara_ik__cpp
[4.885s] [ 20%] [32mBuilding C object CMakeFiles/scara_ik__rosidl_generator_c.dir/rosidl_generator_c/scara_ik/srv/detail/scara_ik__description.c.o[0m
[4.885s] [ 20%] [32mBuilding C object CMakeFiles/scara_ik__rosidl_generator_c.dir/rosidl_generator_c/scara_ik/srv/detail/scara_ik__type_support.c.o[0m
[4.885s] [ 20%] [32mBuilding C object CMakeFiles/scara_ik__rosidl_generator_c.dir/rosidl_generator_c/scara_ik/srv/detail/scara_ik__functions.c.o[0m
[4.997s] [ 22%] [32m[1mLinking C shared library libscara_ik__rosidl_generator_c.so[0m
[5.213s] [ 22%] Built target scara_ik__rosidl_generator_c
[5.223s] [ 40%] [34m[1mGenerating C type support for eProsima Fast-RTPS[0m
[5.224s] [ 40%] [34m[1mGenerating C++ type support dispatch for ROS interfaces[0m
[5.224s] [ 40%] [34m[1mGenerating C introspection for ROS interfaces[0m
[5.224s] [ 40%] [34m[1mGenerating C++ introspection for ROS interfaces[0m
[5.224s] [ 40%] [34m[1mGenerating C++ type support for eProsima Fast-RTPS[0m
[5.224s] [ 40%] [34m[1mGenerating C type support dispatch for ROS interfaces[0m
[5.459s] [ 42%] [32mBuilding CXX object CMakeFiles/scara_ik__rosidl_typesupport_c.dir/rosidl_typesupport_c/scara_ik/srv/scara_ik__type_support.cpp.o[0m
[5.465s] [ 45%] [32mBuilding CXX object CMakeFiles/scara_ik__rosidl_typesupport_cpp.dir/rosidl_typesupport_cpp/scara_ik/srv/scara_ik__type_support.cpp.o[0m
[5.488s] [ 48%] [32mBuilding C object CMakeFiles/scara_ik__rosidl_typesupport_introspection_c.dir/rosidl_typesupport_introspection_c/scara_ik/srv/detail/scara_ik__type_support.c.o[0m
[5.500s] [ 51%] [32mBuilding CXX object CMakeFiles/scara_ik__rosidl_typesupport_introspection_cpp.dir/rosidl_typesupport_introspection_cpp/scara_ik/srv/detail/scara_ik__type_support.cpp.o[0m
[5.539s] [ 54%] [32mBuilding CXX object CMakeFiles/scara_ik__rosidl_typesupport_fastrtps_c.dir/rosidl_typesupport_fastrtps_c/scara_ik/srv/detail/scara_ik__type_support_c.cpp.o[0m
[5.542s] [ 57%] [32m[1mLinking C shared library libscara_ik__rosidl_typesupport_introspection_c.so[0m
[5.544s] [ 62%] [32m[1mLinking CXX shared library libscara_ik__rosidl_typesupport_c.so[0m
[5.544s] [ 62%] [32mBuilding CXX object CMakeFiles/scara_ik__rosidl_typesupport_fastrtps_cpp.dir/rosidl_typesupport_fastrtps_cpp/scara_ik/srv/detail/dds_fastrtps/scara_ik__type_support.cpp.o[0m
[5.687s] [ 62%] Built target scara_ik__rosidl_typesupport_introspection_c
[5.700s] [ 62%] Built target scara_ik__rosidl_typesupport_c
[5.932s] [ 65%] [32m[1mLinking CXX shared library libscara_ik__rosidl_typesupport_cpp.so[0m
[6.020s] [ 68%] [32m[1mLinking CXX shared library libscara_ik__rosidl_typesupport_introspection_cpp.so[0m
[6.119s] [ 71%] [32m[1mLinking CXX shared library libscara_ik__rosidl_typesupport_fastrtps_c.so[0m
[6.168s] [ 71%] Built target scara_ik__rosidl_typesupport_cpp
[6.254s] [ 74%] [32m[1mLinking CXX shared library libscara_ik__rosidl_typesupport_fastrtps_cpp.so[0m
[6.256s] [ 74%] Built target scara_ik__rosidl_typesupport_introspection_cpp
[6.375s] [ 74%] Built target scara_ik__rosidl_typesupport_fastrtps_c
[6.507s] [ 74%] Built target scara_ik__rosidl_typesupport_fastrtps_cpp
[6.527s] [ 74%] Built target scara_ik
[6.546s] [ 77%] [34m[1mGenerating Python code for ROS interfaces[0m
[6.880s] [ 77%] Built target scara_ik__py
[6.902s] [ 80%] [32mBuilding C object CMakeFiles/scara_ik__rosidl_generator_py.dir/rosidl_generator_py/scara_ik/srv/_scara_ik_s.c.o[0m
[7.101s] [ 82%] [32m[1mLinking C shared library libscara_ik__rosidl_generator_py.so[0m
[7.325s] [ 82%] Built target scara_ik__rosidl_generator_py
[7.346s] [ 91%] [32mBuilding C object CMakeFiles/scara_ik_s__rosidl_typesupport_c.dir/rosidl_generator_py/scara_ik/_scara_ik_s.ep.rosidl_typesupport_c.c.o[0m
[7.346s] [ 91%] [32mBuilding C object CMakeFiles/scara_ik_s__rosidl_typesupport_introspection_c.dir/rosidl_generator_py/scara_ik/_scara_ik_s.ep.rosidl_typesupport_introspection_c.c.o[0m
[7.347s] [ 91%] [32mBuilding C object CMakeFiles/scara_ik_s__rosidl_typesupport_fastrtps_c.dir/rosidl_generator_py/scara_ik/_scara_ik_s.ep.rosidl_typesupport_fastrtps_c.c.o[0m
[7.448s] [ 97%] [32m[1mLinking C shared module rosidl_generator_py/scara_ik/scara_ik_s__rosidl_typesupport_c.so[0m
[7.449s] [ 97%] [32m[1mLinking C shared module rosidl_generator_py/scara_ik/scara_ik_s__rosidl_typesupport_introspection_c.so[0m
[7.456s] [100%] [32m[1mLinking C shared module rosidl_generator_py/scara_ik/scara_ik_s__rosidl_typesupport_fastrtps_c.so[0m
[7.610s] [100%] Built target scara_ik_s__rosidl_typesupport_c
[7.611s] [100%] Built target scara_ik_s__rosidl_typesupport_introspection_c
[7.673s] [100%] Built target scara_ik_s__rosidl_typesupport_fastrtps_c
[7.686s] Invoked command in '/home/tracy/rbe500/ros2_ws/build/scara_ik' returned '0': CMAKE_PREFIX_PATH=${CMAKE_PREFIX_PATH}:/home/tracy/rbe500/ros2_ws/install/scara_fk:/home/tracy/rbe500/ros2_ws/install/rbe500_hw1:/home/tracy/rbe500/ros2_ws/install/quat_to_euler:/home/tracy/rbe500/ros2_ws/install/irb1400_fk:/opt/ros/jazzy /usr/bin/cmake --build /home/tracy/rbe500/ros2_ws/build/scara_ik -- -j16 -l16
[7.697s] Invoking command in '/home/tracy/rbe500/ros2_ws/build/scara_ik': CMAKE_PREFIX_PATH=${CMAKE_PREFIX_PATH}:/home/tracy/rbe500/ros2_ws/install/scara_fk:/home/tracy/rbe500/ros2_ws/install/rbe500_hw1:/home/tracy/rbe500/ros2_ws/install/quat_to_euler:/home/tracy/rbe500/ros2_ws/install/irb1400_fk:/opt/ros/jazzy /usr/bin/cmake --install /home/tracy/rbe500/ros2_ws/build/scara_ik
[7.705s] -- Install configuration: ""
[7.706s] -- Installing: /home/tracy/rbe500/ros2_ws/install/scara_ik/share/ament_index/resource_index/rosidl_interfaces/scara_ik
[7.706s] -- Installing: /home/tracy/rbe500/ros2_ws/install/scara_ik/share/scara_ik/srv/ScaraIK.json
[7.706s] -- Installing: /home/tracy/rbe500/ros2_ws/install/scara_ik/include/scara_ik/scara_ik
[7.707s] -- Installing: /home/tracy/rbe500/ros2_ws/install/scara_ik/include/scara_ik/scara_ik/srv
[7.708s] -- Installing: /home/tracy/rbe500/ros2_ws/install/scara_ik/include/scara_ik/scara_ik/srv/scara_ik.h
[7.708s] -- Installing: /home/tracy/rbe500/ros2_ws/install/scara_ik/include/scara_ik/scara_ik/srv/detail
[7.708s] -- Installing: /home/tracy/rbe500/ros2_ws/install/scara_ik/include/scara_ik/scara_ik/srv/detail/scara_ik__type_support.c
[7.708s] -- Installing: /home/tracy/rbe500/ros2_ws/install/scara_ik/include/scara_ik/scara_ik/srv/detail/scara_ik__functions.h
[7.708s] -- Installing: /home/tracy/rbe500/ros2_ws/install/scara_ik/include/scara_ik/scara_ik/srv/detail/scara_ik__functions.c
[7.709s] -- Installing: /home/tracy/rbe500/ros2_ws/install/scara_ik/include/scara_ik/scara_ik/srv/detail/scara_ik__description.c
[7.709s] -- Installing: /home/tracy/rbe500/ros2_ws/install/scara_ik/include/scara_ik/scara_ik/srv/detail/scara_ik__type_support.h
[7.709s] -- Installing: /home/tracy/rbe500/ros2_ws/install/scara_ik/include/scara_ik/scara_ik/srv/detail/scara_ik__struct.h
[7.709s] -- Installing: /home/tracy/rbe500/ros2_ws/install/scara_ik/include/scara_ik/scara_ik/msg
[7.710s] -- Installing: /home/tracy/rbe500/ros2_ws/install/scara_ik/include/scara_ik/scara_ik/msg/rosidl_generator_c__visibility_control.h
[7.710s] -- Installing: /home/tracy/rbe500/ros2_ws/install/scara_ik/share/scara_ik/environment/library_path.sh
[7.710s] -- Installing: /home/tracy/rbe500/ros2_ws/install/scara_ik/share/scara_ik/environment/library_path.dsv
[7.711s] -- Installing: /home/tracy/rbe500/ros2_ws/install/scara_ik/lib/libscara_ik__rosidl_generator_c.so
[7.712s] -- Set non-toolchain portion of runtime path of "/home/tracy/rbe500/ros2_ws/install/scara_ik/lib/libscara_ik__rosidl_generator_c.so" to ""
[7.712s] -- Up-to-date: /home/tracy/rbe500/ros2_ws/install/scara_ik/include/scara_ik/scara_ik
[7.712s] -- Up-to-date: /home/tracy/rbe500/ros2_ws/install/scara_ik/include/scara_ik/scara_ik/srv
[7.712s] -- Up-to-date: /home/tracy/rbe500/ros2_ws/install/scara_ik/include/scara_ik/scara_ik/srv/detail
[7.712s] -- Installing: /home/tracy/rbe500/ros2_ws/install/scara_ik/include/scara_ik/scara_ik/srv/detail/scara_ik__rosidl_typesupport_fastrtps_c.h
[7.712s] -- Up-to-date: /home/tracy/rbe500/ros2_ws/install/scara_ik/include/scara_ik/scara_ik/msg
[7.712s] -- Installing: /home/tracy/rbe500/ros2_ws/install/scara_ik/include/scara_ik/scara_ik/msg/rosidl_typesupport_fastrtps_c__visibility_control.h
[7.712s] -- Installing: /home/tracy/rbe500/ros2_ws/install/scara_ik/lib/libscara_ik__rosidl_typesupport_fastrtps_c.so
[7.713s] -- Set non-toolchain portion of runtime path of "/home/tracy/rbe500/ros2_ws/install/scara_ik/lib/libscara_ik__rosidl_typesupport_fastrtps_c.so" to ""
[7.714s] -- Up-to-date: /home/tracy/rbe500/ros2_ws/install/scara_ik/include/scara_ik/scara_ik
[7.714s] -- Up-to-date: /home/tracy/rbe500/ros2_ws/install/scara_ik/include/scara_ik/scara_ik/srv
[7.714s] -- Up-to-date: /home/tracy/rbe500/ros2_ws/install/scara_ik/include/scara_ik/scara_ik/srv/detail
[7.714s] -- Up-to-date: /home/tracy/rbe500/ros2_ws/install/scara_ik/include/scara_ik/scara_ik/srv/detail/scara_ik__type_support.c
[7.714s] -- Installing: /home/tracy/rbe500/ros2_ws/install/scara_ik/include/scara_ik/scara_ik/srv/detail/scara_ik__rosidl_typesupport_introspection_c.h
[7.715s] -- Up-to-date: /home/tracy/rbe500/ros2_ws/install/scara_ik/include/scara_ik/scara_ik/msg
[7.715s] -- Installing: /home/tracy/rbe500/ros2_ws/install/scara_ik/include/scara_ik/scara_ik/msg/rosidl_typesupport_introspection_c__visibility_control.h
[7.715s] -- Installing: /home/tracy/rbe500/ros2_ws/install/scara_ik/lib/libscara_ik__rosidl_typesupport_introspection_c.so
[7.715s] -- Set non-toolchain portion of runtime path of "/home/tracy/rbe500/ros2_ws/install/scara_ik/lib/libscara_ik__rosidl_typesupport_introspection_c.so" to ""
[7.715s] -- Installing: /home/tracy/rbe500/ros2_ws/install/scara_ik/lib/libscara_ik__rosidl_typesupport_c.so
[7.715s] -- Set non-toolchain portion of runtime path of "/home/tracy/rbe500/ros2_ws/install/scara_ik/lib/libscara_ik__rosidl_typesupport_c.so" to ""
[7.715s] -- Up-to-date: /home/tracy/rbe500/ros2_ws/install/scara_ik/include/scara_ik/scara_ik
[7.716s] -- Up-to-date: /home/tracy/rbe500/ros2_ws/install/scara_ik/include/scara_ik/scara_ik/srv
[7.716s] -- Installing: /home/tracy/rbe500/ros2_ws/install/scara_ik/include/scara_ik/scara_ik/srv/scara_ik.hpp
[7.716s] -- Up-to-date: /home/tracy/rbe500/ros2_ws/install/scara_ik/include/scara_ik/scara_ik/srv/detail
[7.716s] -- Installing: /home/tracy/rbe500/ros2_ws/install/scara_ik/include/scara_ik/scara_ik/srv/detail/scara_ik__builder.hpp
[7.716s] -- Installing: /home/tracy/rbe500/ros2_ws/install/scara_ik/include/scara_ik/scara_ik/srv/detail/scara_ik__type_support.hpp
[7.716s] -- Installing: /home/tracy/rbe500/ros2_ws/install/scara_ik/include/scara_ik/scara_ik/srv/detail/scara_ik__struct.hpp
[7.716s] -- Installing: /home/tracy/rbe500/ros2_ws/install/scara_ik/include/scara_ik/scara_ik/srv/detail/scara_ik__traits.hpp
[7.717s] -- Up-to-date: /home/tracy/rbe500/ros2_ws/install/scara_ik/include/scara_ik/scara_ik/msg
[7.717s] -- Installing: /home/tracy/rbe500/ros2_ws/install/scara_ik/include/scara_ik/scara_ik/msg/rosidl_generator_cpp__visibility_control.hpp
[7.717s] -- Up-to-date: /home/tracy/rbe500/ros2_ws/install/scara_ik/include/scara_ik/scara_ik
[7.717s] -- Up-to-date: /home/tracy/rbe500/ros2_ws/install/scara_ik/include/scara_ik/scara_ik/srv
[7.717s] -- Up-to-date: /home/tracy/rbe500/ros2_ws/install/scara_ik/include/scara_ik/scara_ik/srv/detail
[7.717s] -- Installing: /home/tracy/rbe500/ros2_ws/install/scara_ik/include/scara_ik/scara_ik/srv/detail/scara_ik__rosidl_typesupport_fastrtps_cpp.hpp
[7.718s] -- Installing: /home/tracy/rbe500/ros2_ws/install/scara_ik/include/scara_ik/scara_ik/srv/detail/dds_fastrtps
[7.718s] -- Up-to-date: /home/tracy/rbe500/ros2_ws/install/scara_ik/include/scara_ik/scara_ik/msg
[7.718s] -- Installing: /home/tracy/rbe500/ros2_ws/install/scara_ik/include/scara_ik/scara_ik/msg/rosidl_typesupport_fastrtps_cpp__visibility_control.h
[7.718s] -- Installing: /home/tracy/rbe500/ros2_ws/install/scara_ik/lib/libscara_ik__rosidl_typesupport_fastrtps_cpp.so
[7.719s] -- Set non-toolchain portion of runtime path of "/home/tracy/rbe500/ros2_ws/install/scara_ik/lib/libscara_ik__rosidl_typesupport_fastrtps_cpp.so" to ""
[7.719s] -- Up-to-date: /home/tracy/rbe500/ros2_ws/install/scara_ik/include/scara_ik/scara_ik
[7.719s] -- Up-to-date: /home/tracy/rbe500/ros2_ws/install/scara_ik/include/scara_ik/scara_ik/srv
[7.719s] -- Up-to-date: /home/tracy/rbe500/ros2_ws/install/scara_ik/include/scara_ik/scara_ik/srv/detail
[7.720s] -- Installing: /home/tracy/rbe500/ros2_ws/install/scara_ik/include/scara_ik/scara_ik/srv/detail/scara_ik__rosidl_typesupport_introspection_cpp.hpp
[7.720s] -- Installing: /home/tracy/rbe500/ros2_ws/install/scara_ik/include/scara_ik/scara_ik/srv/detail/scara_ik__type_support.cpp
[7.720s] -- Installing: /home/tracy/rbe500/ros2_ws/install/scara_ik/lib/libscara_ik__rosidl_typesupport_introspection_cpp.so
[7.720s] -- Set non-toolchain portion of runtime path of "/home/tracy/rbe500/ros2_ws/install/scara_ik/lib/libscara_ik__rosidl_typesupport_introspection_cpp.so" to ""
[7.720s] -- Installing: /home/tracy/rbe500/ros2_ws/install/scara_ik/lib/libscara_ik__rosidl_typesupport_cpp.so
[7.721s] -- Set non-toolchain portion of runtime path of "/home/tracy/rbe500/ros2_ws/install/scara_ik/lib/libscara_ik__rosidl_typesupport_cpp.so" to ""
[7.721s] -- Installing: /home/tracy/rbe500/ros2_ws/install/scara_ik/share/scara_ik/environment/pythonpath.sh
[7.721s] -- Installing: /home/tracy/rbe500/ros2_ws/install/scara_ik/share/scara_ik/environment/pythonpath.dsv
[7.721s] -- Installing: /home/tracy/rbe500/ros2_ws/install/scara_ik/lib/python3.12/site-packages/scara_ik-0.0.0-py3.12.egg-info
[7.722s] -- Installing: /home/tracy/rbe500/ros2_ws/install/scara_ik/lib/python3.12/site-packages/scara_ik-0.0.0-py3.12.egg-info/top_level.txt
[7.722s] -- Installing: /home/tracy/rbe500/ros2_ws/install/scara_ik/lib/python3.12/site-packages/scara_ik-0.0.0-py3.12.egg-info/dependency_links.txt
[7.722s] -- Installing: /home/tracy/rbe500/ros2_ws/install/scara_ik/lib/python3.12/site-packages/scara_ik-0.0.0-py3.12.egg-info/SOURCES.txt
[7.723s] -- Installing: /home/tracy/rbe500/ros2_ws/install/scara_ik/lib/python3.12/site-packages/scara_ik-0.0.0-py3.12.egg-info/PKG-INFO
[7.723s] -- Installing: /home/tracy/rbe500/ros2_ws/install/scara_ik/lib/python3.12/site-packages/scara_ik
[7.723s] -- Installing: /home/tracy/rbe500/ros2_ws/install/scara_ik/lib/python3.12/site-packages/scara_ik/scara_ik_s__rosidl_typesupport_c.so
[7.723s] -- Installing: /home/tracy/rbe500/ros2_ws/install/scara_ik/lib/python3.12/site-packages/scara_ik/srv
[7.724s] -- Installing: /home/tracy/rbe500/ros2_ws/install/scara_ik/lib/python3.12/site-packages/scara_ik/srv/_scara_ik.py
[7.724s] -- Installing: /home/tracy/rbe500/ros2_ws/install/scara_ik/lib/python3.12/site-packages/scara_ik/srv/_scara_ik_s.c
[7.724s] -- Installing: /home/tracy/rbe500/ros2_ws/install/scara_ik/lib/python3.12/site-packages/scara_ik/srv/__init__.py
[7.725s] -- Installing: /home/tracy/rbe500/ros2_ws/install/scara_ik/lib/python3.12/site-packages/scara_ik/scara_ik_s__rosidl_typesupport_introspection_c.so
[7.725s] -- Installing: /home/tracy/rbe500/ros2_ws/install/scara_ik/lib/python3.12/site-packages/scara_ik/scara_ik_s__rosidl_typesupport_fastrtps_c.so
[7.725s] -- Installing: /home/tracy/rbe500/ros2_ws/install/scara_ik/lib/python3.12/site-packages/scara_ik/_scara_ik_s.ep.rosidl_typesupport_introspection_c.c
[7.725s] -- Installing: /home/tracy/rbe500/ros2_ws/install/scara_ik/lib/python3.12/site-packages/scara_ik/_scara_ik_s.ep.rosidl_typesupport_fastrtps_c.c
[7.725s] -- Installing: /home/tracy/rbe500/ros2_ws/install/scara_ik/lib/python3.12/site-packages/scara_ik/__init__.py
[7.725s] -- Installing: /home/tracy/rbe500/ros2_ws/install/scara_ik/lib/python3.12/site-packages/scara_ik/_scara_ik_s.ep.rosidl_typesupport_c.c
[7.768s] Listing '/home/tracy/rbe500/ros2_ws/install/scara_ik/lib/python3.12/site-packages/scara_ik'...
[7.768s] Compiling '/home/tracy/rbe500/ros2_ws/install/scara_ik/lib/python3.12/site-packages/scara_ik/__init__.py'...
[7.769s] Listing '/home/tracy/rbe500/ros2_ws/install/scara_ik/lib/python3.12/site-packages/scara_ik/srv'...
[7.769s] Compiling '/home/tracy/rbe500/ros2_ws/install/scara_ik/lib/python3.12/site-packages/scara_ik/srv/__init__.py'...
[7.769s] Compiling '/home/tracy/rbe500/ros2_ws/install/scara_ik/lib/python3.12/site-packages/scara_ik/srv/_scara_ik.py'...
[7.774s] -- Installing: /home/tracy/rbe500/ros2_ws/install/scara_ik/lib/python3.12/site-packages/scara_ik/scara_ik_s__rosidl_typesupport_fastrtps_c.so
[7.774s] -- Set non-toolchain portion of runtime path of "/home/tracy/rbe500/ros2_ws/install/scara_ik/lib/python3.12/site-packages/scara_ik/scara_ik_s__rosidl_typesupport_fastrtps_c.so" to ""
[7.775s] -- Installing: /home/tracy/rbe500/ros2_ws/install/scara_ik/lib/python3.12/site-packages/scara_ik/scara_ik_s__rosidl_typesupport_introspection_c.so
[7.775s] -- Set non-toolchain portion of runtime path of "/home/tracy/rbe500/ros2_ws/install/scara_ik/lib/python3.12/site-packages/scara_ik/scara_ik_s__rosidl_typesupport_introspection_c.so" to ""
[7.775s] -- Installing: /home/tracy/rbe500/ros2_ws/install/scara_ik/lib/python3.12/site-packages/scara_ik/scara_ik_s__rosidl_typesupport_c.so
[7.776s] -- Set non-toolchain portion of runtime path of "/home/tracy/rbe500/ros2_ws/install/scara_ik/lib/python3.12/site-packages/scara_ik/scara_ik_s__rosidl_typesupport_c.so" to ""
[7.776s] -- Installing: /home/tracy/rbe500/ros2_ws/install/scara_ik/lib/libscara_ik__rosidl_generator_py.so
[7.776s] -- Set non-toolchain portion of runtime path of "/home/tracy/rbe500/ros2_ws/install/scara_ik/lib/libscara_ik__rosidl_generator_py.so" to ""
[7.777s] -- Installing: /home/tracy/rbe500/ros2_ws/install/scara_ik/share/ament_index/resource_index/rust_packages/scara_ik
[7.777s] -- Installing: /home/tracy/rbe500/ros2_ws/install/scara_ik/share/scara_ik/rust
[7.777s] -- Installing: /home/tracy/rbe500/ros2_ws/install/scara_ik/share/scara_ik/rust/src
[7.778s] -- Installing: /home/tracy/rbe500/ros2_ws/install/scara_ik/share/scara_ik/rust/src/srv
[7.778s] -- Installing: /home/tracy/rbe500/ros2_ws/install/scara_ik/share/scara_ik/rust/src/srv/rmw.rs
[7.778s] -- Installing: /home/tracy/rbe500/ros2_ws/install/scara_ik/share/scara_ik/rust/src/srv.rs
[7.778s] -- Installing: /home/tracy/rbe500/ros2_ws/install/scara_ik/share/scara_ik/rust/src/lib.rs
[7.779s] -- Installing: /home/tracy/rbe500/ros2_ws/install/scara_ik/share/scara_ik/rust/Cargo.toml
[7.779s] -- Installing: /home/tracy/rbe500/ros2_ws/install/scara_ik/share/scara_ik/rust/build.rs
[7.779s] -- Installing: /home/tracy/rbe500/ros2_ws/install/scara_ik/share/scara_ik/srv/ScaraIK.idl
[7.779s] -- Installing: /home/tracy/rbe500/ros2_ws/install/scara_ik/share/scara_ik/srv/ScaraIK.srv
[7.779s] -- Installing: /home/tracy/rbe500/ros2_ws/install/scara_ik/lib/scara_ik/ik_node.py
[7.780s] -- Up-to-date: /home/tracy/rbe500/ros2_ws/install/scara_ik/lib/scara_ik
[7.780s] -- Up-to-date: /home/tracy/rbe500/ros2_ws/install/scara_ik/lib/scara_ik/ik_node.py
[7.780s] -- Installing: /home/tracy/rbe500/ros2_ws/install/scara_ik/lib/scara_ik/__init__.py
[7.780s] -- Installing: /home/tracy/rbe500/ros2_ws/install/scara_ik/share/ament_index/resource_index/package_run_dependencies/scara_ik
[7.781s] -- Installing: /home/tracy/rbe500/ros2_ws/install/scara_ik/share/ament_index/resource_index/parent_prefix_path/scara_ik
[7.781s] -- Installing: /home/tracy/rbe500/ros2_ws/install/scara_ik/share/scara_ik/environment/ament_prefix_path.sh
[7.781s] -- Installing: /home/tracy/rbe500/ros2_ws/install/scara_ik/share/scara_ik/environment/ament_prefix_path.dsv
[7.781s] -- Installing: /home/tracy/rbe500/ros2_ws/install/scara_ik/share/scara_ik/environment/path.sh
[7.782s] -- Installing: /home/tracy/rbe500/ros2_ws/install/scara_ik/share/scara_ik/environment/path.dsv
[7.782s] -- Installing: /home/tracy/rbe500/ros2_ws/install/scara_ik/share/scara_ik/local_setup.bash
[7.782s] -- Installing: /home/tracy/rbe500/ros2_ws/install/scara_ik/share/scara_ik/local_setup.sh
[7.782s] -- Installing: /home/tracy/rbe500/ros2_ws/install/scara_ik/share/scara_ik/local_setup.zsh
[7.783s] -- Installing: /home/tracy/rbe500/ros2_ws/install/scara_ik/share/scara_ik/local_setup.dsv
[7.783s] -- Installing: /home/tracy/rbe500/ros2_ws/install/scara_ik/share/scara_ik/package.dsv
[7.783s] -- Installing: /home/tracy/rbe500/ros2_ws/install/scara_ik/share/ament_index/resource_index/packages/scara_ik
[7.784s] -- Installing: /home/tracy/rbe500/ros2_ws/install/scara_ik/share/scara_ik/cmake/export_scara_ik__rosidl_generator_cExport.cmake
[7.784s] -- Installing: /home/tracy/rbe500/ros2_ws/install/scara_ik/share/scara_ik/cmake/export_scara_ik__rosidl_generator_cExport-noconfig.cmake
[7.785s] -- Installing: /home/tracy/rbe500/ros2_ws/install/scara_ik/share/scara_ik/cmake/export_scara_ik__rosidl_typesupport_fastrtps_cExport.cmake
[7.785s] -- Installing: /home/tracy/rbe500/ros2_ws/install/scara_ik/share/scara_ik/cmake/export_scara_ik__rosidl_typesupport_fastrtps_cExport-noconfig.cmake
[7.785s] -- Installing: /home/tracy/rbe500/ros2_ws/install/scara_ik/share/scara_ik/cmake/scara_ik__rosidl_typesupport_introspection_cExport.cmake
[7.786s] -- Installing: /home/tracy/rbe500/ros2_ws/install/scara_ik/share/scara_ik/cmake/scara_ik__rosidl_typesupport_introspection_cExport-noconfig.cmake
[7.786s] -- Installing: /home/tracy/rbe500/ros2_ws/install/scara_ik/share/scara_ik/cmake/scara_ik__rosidl_typesupport_cExport.cmake
[7.786s] -- Installing: /home/tracy/rbe500/ros2_ws/install/scara_ik/share/scara_ik/cmake/scara_ik__rosidl_typesupport_cExport-noconfig.cmake
[7.787s] -- Installing: /home/tracy/rbe500/ros2_ws/install/scara_ik/share/scara_ik/cmake/export_scara_ik__rosidl_generator_cppExport.cmake
[7.787s] -- Installing: /home/tracy/rbe500/ros2_ws/install/scara_ik/share/scara_ik/cmake/export_scara_ik__rosidl_typesupport_fastrtps_cppExport.cmake
[7.787s] -- Installing: /home/tracy/rbe500/ros2_ws/install/scara_ik/share/scara_ik/cmake/export_scara_ik__rosidl_typesupport_fastrtps_cppExport-noconfig.cmake
[7.788s] -- Installing: /home/tracy/rbe500/ros2_ws/install/scara_ik/share/scara_ik/cmake/scara_ik__rosidl_typesupport_introspection_cppExport.cmake
[7.788s] -- Installing: /home/tracy/rbe500/ros2_ws/install/scara_ik/share/scara_ik/cmake/scara_ik__rosidl_typesupport_introspection_cppExport-noconfig.cmake
[7.788s] -- Installing: /home/tracy/rbe500/ros2_ws/install/scara_ik/share/scara_ik/cmake/scara_ik__rosidl_typesupport_cppExport.cmake
[7.788s] -- Installing: /home/tracy/rbe500/ros2_ws/install/scara_ik/share/scara_ik/cmake/scara_ik__rosidl_typesupport_cppExport-noconfig.cmake
[7.789s] -- Installing: /home/tracy/rbe500/ros2_ws/install/scara_ik/share/scara_ik/cmake/export_scara_ik__rosidl_generator_pyExport.cmake
[7.789s] -- Installing: /home/tracy/rbe500/ros2_ws/install/scara_ik/share/scara_ik/cmake/export_scara_ik__rosidl_generator_pyExport-noconfig.cmake
[7.789s] -- Installing: /home/tracy/rbe500/ros2_ws/install/scara_ik/share/scara_ik/cmake/rosidl_cmake-extras.cmake
[7.790s] -- Installing: /home/tracy/rbe500/ros2_ws/install/scara_ik/share/scara_ik/cmake/ament_cmake_export_dependencies-extras.cmake
[7.790s] -- Installing: /home/tracy/rbe500/ros2_ws/install/scara_ik/share/scara_ik/cmake/ament_cmake_export_include_directories-extras.cmake
[7.790s] -- Installing: /home/tracy/rbe500/ros2_ws/install/scara_ik/share/scara_ik/cmake/ament_cmake_export_libraries-extras.cmake
[7.791s] -- Installing: /home/tracy/rbe500/ros2_ws/install/scara_ik/share/scara_ik/cmake/ament_cmake_export_targets-extras.cmake
[7.791s] -- Installing: /home/tracy/rbe500/ros2_ws/install/scara_ik/share/scara_ik/cmake/rosidl_cmake_export_typesupport_targets-extras.cmake
[7.791s] -- Installing: /home/tracy/rbe500/ros2_ws/install/scara_ik/share/scara_ik/cmake/rosidl_cmake_export_typesupport_libraries-extras.cmake
[7.791s] -- Installing: /home/tracy/rbe500/ros2_ws/install/scara_ik/share/scara_ik/cmake/scara_ikConfig.cmake
[7.792s] -- Installing: /home/tracy/rbe500/ros2_ws/install/scara_ik/share/scara_ik/cmake/scara_ikConfig-version.cmake
[7.792s] -- Installing: /home/tracy/rbe500/ros2_ws/install/scara_ik/share/scara_ik/package.xml
[7.795s] Invoked command in '/home/tracy/rbe500/ros2_ws/build/scara_ik' returned '0': CMAKE_PREFIX_PATH=${CMAKE_PREFIX_PATH}:/home/tracy/rbe500/ros2_ws/install/scara_fk:/home/tracy/rbe500/ros2_ws/install/rbe500_hw1:/home/tracy/rbe500/ros2_ws/install/quat_to_euler:/home/tracy/rbe500/ros2_ws/install/irb1400_fk:/opt/ros/jazzy /usr/bin/cmake --install /home/tracy/rbe500/ros2_ws/build/scara_ik
