running egg_info
writing ../../build/quat_to_euler/quat_to_euler.egg-info/PKG-INFO
writing dependency_links to ../../build/quat_to_euler/quat_to_euler.egg-info/dependency_links.txt
writing entry points to ../../build/quat_to_euler/quat_to_euler.egg-info/entry_points.txt
writing requirements to ../../build/quat_to_euler/quat_to_euler.egg-info/requires.txt
writing top-level names to ../../build/quat_to_euler/quat_to_euler.egg-info/top_level.txt
reading manifest file '../../build/quat_to_euler/quat_to_euler.egg-info/SOURCES.txt'
writing manifest file '../../build/quat_to_euler/quat_to_euler.egg-info/SOURCES.txt'
running build
running build_py
copying quat_to_euler/quat_to_euler_node.py -> /home/tracy/rbe500/ros2_ws/build/quat_to_euler/build/lib/quat_to_euler
running install
running install_lib
copying /home/tracy/rbe500/ros2_ws/build/quat_to_euler/build/lib/quat_to_euler/quat_to_euler_node.py -> /home/tracy/rbe500/ros2_ws/install/quat_to_euler/lib/python3.12/site-packages/quat_to_euler
byte-compiling /home/tracy/rbe500/ros2_ws/install/quat_to_euler/lib/python3.12/site-packages/quat_to_euler/quat_to_euler_node.py to quat_to_euler_node.cpython-312.pyc
running install_data
running install_egg_info
removing '/home/tracy/rbe500/ros2_ws/install/quat_to_euler/lib/python3.12/site-packages/quat_to_euler-0.0.0-py3.12.egg-info' (and everything under it)
Copying ../../build/quat_to_euler/quat_to_euler.egg-info to /home/tracy/rbe500/ros2_ws/install/quat_to_euler/lib/python3.12/site-packages/quat_to_euler-0.0.0-py3.12.egg-info
running install_scripts
Installing quat_to_euler_node script to /home/tracy/rbe500/ros2_ws/install/quat_to_euler/lib/quat_to_euler
writing list of installed files to '/home/tracy/rbe500/ros2_ws/build/quat_to_euler/install.log'
