[2.066s] Invoking command in '/home/tracy/rbe500/ros2_ws/src/quat_to_euler': PYTHONPATH=/home/tracy/rbe500/ros2_ws/build/quat_to_euler/prefix_override:/usr/lib/python3/dist-packages/colcon_core/task/python/colcon_distutils_commands:/home/tracy/rbe500/ros2_ws/install/quat_to_euler/lib/python3.12/site-packages:${PYTHONPATH} /usr/bin/python3 -W ignore:setup.py install is deprecated -W ignore:easy_install command is deprecated setup.py egg_info --egg-base ../../build/quat_to_euler build --build-base /home/tracy/rbe500/ros2_ws/build/quat_to_euler/build install --record /home/tracy/rbe500/ros2_ws/build/quat_to_euler/install.log --single-version-externally-managed install_data
[2.361s] running egg_info
[2.381s] writing ../../build/quat_to_euler/quat_to_euler.egg-info/PKG-INFO
[2.381s] writing dependency_links to ../../build/quat_to_euler/quat_to_euler.egg-info/dependency_links.txt
[2.382s] writing entry points to ../../build/quat_to_euler/quat_to_euler.egg-info/entry_points.txt
[2.383s] writing requirements to ../../build/quat_to_euler/quat_to_euler.egg-info/requires.txt
[2.383s] writing top-level names to ../../build/quat_to_euler/quat_to_euler.egg-info/top_level.txt
[2.426s] reading manifest file '../../build/quat_to_euler/quat_to_euler.egg-info/SOURCES.txt'
[2.427s] writing manifest file '../../build/quat_to_euler/quat_to_euler.egg-info/SOURCES.txt'
[2.428s] running build
[2.428s] running build_py
[2.428s] copying quat_to_euler/quat_to_euler_node.py -> /home/tracy/rbe500/ros2_ws/build/quat_to_euler/build/lib/quat_to_euler
[2.429s] running install
[2.434s] running install_lib
[2.457s] copying /home/tracy/rbe500/ros2_ws/build/quat_to_euler/build/lib/quat_to_euler/quat_to_euler_node.py -> /home/tracy/rbe500/ros2_ws/install/quat_to_euler/lib/python3.12/site-packages/quat_to_euler
[2.458s] byte-compiling /home/tracy/rbe500/ros2_ws/install/quat_to_euler/lib/python3.12/site-packages/quat_to_euler/quat_to_euler_node.py to quat_to_euler_node.cpython-312.pyc
[2.459s] running install_data
[2.459s] running install_egg_info
[2.483s] removing '/home/tracy/rbe500/ros2_ws/install/quat_to_euler/lib/python3.12/site-packages/quat_to_euler-0.0.0-py3.12.egg-info' (and everything under it)
[2.484s] Copying ../../build/quat_to_euler/quat_to_euler.egg-info to /home/tracy/rbe500/ros2_ws/install/quat_to_euler/lib/python3.12/site-packages/quat_to_euler-0.0.0-py3.12.egg-info
[2.486s] running install_scripts
[2.660s] Installing quat_to_euler_node script to /home/tracy/rbe500/ros2_ws/install/quat_to_euler/lib/quat_to_euler
[2.660s] writing list of installed files to '/home/tracy/rbe500/ros2_ws/build/quat_to_euler/install.log'
[2.731s] Invoked command in '/home/tracy/rbe500/ros2_ws/src/quat_to_euler' returned '0': PYTHONPATH=/home/tracy/rbe500/ros2_ws/build/quat_to_euler/prefix_override:/usr/lib/python3/dist-packages/colcon_core/task/python/colcon_distutils_commands:/home/tracy/rbe500/ros2_ws/install/quat_to_euler/lib/python3.12/site-packages:${PYTHONPATH} /usr/bin/python3 -W ignore:setup.py install is deprecated -W ignore:easy_install command is deprecated setup.py egg_info --egg-base ../../build/quat_to_euler build --build-base /home/tracy/rbe500/ros2_ws/build/quat_to_euler/build install --record /home/tracy/rbe500/ros2_ws/build/quat_to_euler/install.log --single-version-externally-managed install_data
