[0.031s] Invoking command in '/home/tracy/rbe500/ros2_ws/build/scara_ik': CMAKE_PREFIX_PATH=${CMAKE_PREFIX_PATH}:/home/tracy/rbe500/ros2_ws/install/scara_fk:/home/tracy/rbe500/ros2_ws/install/rbe500_hw1:/home/tracy/rbe500/ros2_ws/install/quat_to_euler:/home/tracy/rbe500/ros2_ws/install/irb1400_fk:/opt/ros/jazzy /usr/bin/cmake --build /home/tracy/rbe500/ros2_ws/build/scara_ik -- -j16 -l16
[0.193s] -- Found ament_cmake: 2.5.6 (/opt/ros/jazzy/share/ament_cmake/cmake)
[0.483s] -- Found rosidl_default_generators: 1.6.0 (/opt/ros/jazzy/share/rosidl_default_generators/cmake)
[0.491s] -- Using all available rosidl_typesupport_c: rosidl_typesupport_fastrtps_c;rosidl_typesupport_introspection_c
[0.999s] -- Using all available rosidl_typesupport_cpp: rosidl_typesupport_fastrtps_cpp;rosidl_typesupport_introspection_cpp
[1.090s] -- Found rosidl_adapter: 4.6.7 (/opt/ros/jazzy/share/rosidl_adapter/cmake)
[1.096s] -- Found rclpy: 7.1.11 (/opt/ros/jazzy/share/rclpy/cmake)
[1.709s] -- Found ament_cmake_ros: 0.12.0 (/opt/ros/jazzy/share/ament_cmake_ros/cmake)
[1.880s] -- Using all available rosidl_typesupport_c: rosidl_typesupport_fastrtps_c;rosidl_typesupport_introspection_c
[2.103s] -- Using all available rosidl_typesupport_cpp: rosidl_typesupport_fastrtps_cpp;rosidl_typesupport_introspection_cpp
[2.105s] -- Found python_cmake_module: 0.11.1 (/opt/ros/jazzy/share/python_cmake_module/cmake)
[2.637s] -- Found Python3: /usr/bin/python3 (found version "3.12.3") found components: Interpreter Development NumPy Development.Module Development.Embed 
[2.720s] -- Found Python3: /usr/bin/python3 (found version "3.12.3") found components: Interpreter 
[2.743s] -- Configuring done (2.6s)
[2.838s] -- Generating done (0.1s)
[2.873s] -- Build files have been written to: /home/tracy/rbe500/ros2_ws/build/scara_ik
[2.974s] [  2%] Built target scara_ik__rosidl_generator_type_description
[2.974s] [  5%] Built target scara_ik__rs
[2.994s] [  5%] Built target ament_cmake_python_copy_scara_ik
[3.014s] [  8%] Built target scara_ik__cpp
[3.038s] [ 22%] Built target scara_ik__rosidl_generator_c
[3.096s] [ 40%] Built target scara_ik__rosidl_typesupport_c
[3.096s] [ 40%] Built target scara_ik__rosidl_typesupport_introspection_c
[3.112s] [ 71%] Built target scara_ik__rosidl_typesupport_cpp
[3.112s] [ 71%] Built target scara_ik__rosidl_typesupport_fastrtps_cpp
[3.113s] [ 71%] Built target scara_ik__rosidl_typesupport_introspection_cpp
[3.113s] [ 74%] Built target scara_ik__rosidl_typesupport_fastrtps_c
[3.153s] [ 74%] Built target scara_ik
[3.195s] [ 77%] Built target scara_ik__py
[3.258s] [ 82%] Built target scara_ik__rosidl_generator_py
[3.308s] [ 97%] Built target scara_ik_s__rosidl_typesupport_fastrtps_c
[3.309s] [ 97%] Built target scara_ik_s__rosidl_typesupport_c
[3.309s] [100%] Built target scara_ik_s__rosidl_typesupport_introspection_c
[3.409s] running egg_info
[3.443s] writing scara_ik.egg-info/PKG-INFO
[3.444s] writing dependency_links to scara_ik.egg-info/dependency_links.txt
[3.444s] writing top-level names to scara_ik.egg-info/top_level.txt
[3.546s] reading manifest file 'scara_ik.egg-info/SOURCES.txt'
[3.547s] writing manifest file 'scara_ik.egg-info/SOURCES.txt'
[3.624s] [100%] Built target ament_cmake_python_build_scara_ik_egg
[3.648s] Invoked command in '/home/tracy/rbe500/ros2_ws/build/scara_ik' returned '0': CMAKE_PREFIX_PATH=${CMAKE_PREFIX_PATH}:/home/tracy/rbe500/ros2_ws/install/scara_fk:/home/tracy/rbe500/ros2_ws/install/rbe500_hw1:/home/tracy/rbe500/ros2_ws/install/quat_to_euler:/home/tracy/rbe500/ros2_ws/install/irb1400_fk:/opt/ros/jazzy /usr/bin/cmake --build /home/tracy/rbe500/ros2_ws/build/scara_ik -- -j16 -l16
[3.673s] Invoking command in '/home/tracy/rbe500/ros2_ws/build/scara_ik': CMAKE_PREFIX_PATH=${CMAKE_PREFIX_PATH}:/home/tracy/rbe500/ros2_ws/install/scara_fk:/home/tracy/rbe500/ros2_ws/install/rbe500_hw1:/home/tracy/rbe500/ros2_ws/install/quat_to_euler:/home/tracy/rbe500/ros2_ws/install/irb1400_fk:/opt/ros/jazzy /usr/bin/cmake --install /home/tracy/rbe500/ros2_ws/build/scara_ik
[3.693s] -- Install configuration: ""
[3.693s] -- Up-to-date: /home/tracy/rbe500/ros2_ws/install/scara_ik/share/ament_index/resource_index/rosidl_interfaces/scara_ik
[3.694s] -- Up-to-date: /home/tracy/rbe500/ros2_ws/install/scara_ik/share/scara_ik/srv/ScaraIK.json
[3.694s] -- Up-to-date: /home/tracy/rbe500/ros2_ws/install/scara_ik/include/scara_ik/scara_ik
[3.695s] -- Up-to-date: /home/tracy/rbe500/ros2_ws/install/scara_ik/include/scara_ik/scara_ik/srv
[3.695s] -- Up-to-date: /home/tracy/rbe500/ros2_ws/install/scara_ik/include/scara_ik/scara_ik/srv/scara_ik.h
[3.695s] -- Up-to-date: /home/tracy/rbe500/ros2_ws/install/scara_ik/include/scara_ik/scara_ik/srv/detail
[3.695s] -- Up-to-date: /home/tracy/rbe500/ros2_ws/install/scara_ik/include/scara_ik/scara_ik/srv/detail/scara_ik__type_support.c
[3.696s] -- Up-to-date: /home/tracy/rbe500/ros2_ws/install/scara_ik/include/scara_ik/scara_ik/srv/detail/scara_ik__functions.h
[3.696s] -- Up-to-date: /home/tracy/rbe500/ros2_ws/install/scara_ik/include/scara_ik/scara_ik/srv/detail/scara_ik__functions.c
[3.696s] -- Up-to-date: /home/tracy/rbe500/ros2_ws/install/scara_ik/include/scara_ik/scara_ik/srv/detail/scara_ik__description.c
[3.697s] -- Up-to-date: /home/tracy/rbe500/ros2_ws/install/scara_ik/include/scara_ik/scara_ik/srv/detail/scara_ik__type_support.h
[3.697s] -- Up-to-date: /home/tracy/rbe500/ros2_ws/install/scara_ik/include/scara_ik/scara_ik/srv/detail/scara_ik__struct.h
[3.697s] -- Up-to-date: /home/tracy/rbe500/ros2_ws/install/scara_ik/include/scara_ik/scara_ik/msg
[3.697s] -- Up-to-date: /home/tracy/rbe500/ros2_ws/install/scara_ik/include/scara_ik/scara_ik/msg/rosidl_generator_c__visibility_control.h
[3.697s] -- Up-to-date: /home/tracy/rbe500/ros2_ws/install/scara_ik/share/scara_ik/environment/library_path.sh
[3.697s] -- Up-to-date: /home/tracy/rbe500/ros2_ws/install/scara_ik/share/scara_ik/environment/library_path.dsv
[3.698s] -- Up-to-date: /home/tracy/rbe500/ros2_ws/install/scara_ik/lib/libscara_ik__rosidl_generator_c.so
[3.698s] -- Up-to-date: /home/tracy/rbe500/ros2_ws/install/scara_ik/include/scara_ik/scara_ik
[3.698s] -- Up-to-date: /home/tracy/rbe500/ros2_ws/install/scara_ik/include/scara_ik/scara_ik/srv
[3.698s] -- Up-to-date: /home/tracy/rbe500/ros2_ws/install/scara_ik/include/scara_ik/scara_ik/srv/detail
[3.698s] -- Up-to-date: /home/tracy/rbe500/ros2_ws/install/scara_ik/include/scara_ik/scara_ik/srv/detail/scara_ik__rosidl_typesupport_fastrtps_c.h
[3.699s] -- Up-to-date: /home/tracy/rbe500/ros2_ws/install/scara_ik/include/scara_ik/scara_ik/msg
[3.699s] -- Up-to-date: /home/tracy/rbe500/ros2_ws/install/scara_ik/include/scara_ik/scara_ik/msg/rosidl_typesupport_fastrtps_c__visibility_control.h
[3.699s] -- Up-to-date: /home/tracy/rbe500/ros2_ws/install/scara_ik/lib/libscara_ik__rosidl_typesupport_fastrtps_c.so
[3.699s] -- Up-to-date: /home/tracy/rbe500/ros2_ws/install/scara_ik/include/scara_ik/scara_ik
[3.699s] -- Up-to-date: /home/tracy/rbe500/ros2_ws/install/scara_ik/include/scara_ik/scara_ik/srv
[3.700s] -- Up-to-date: /home/tracy/rbe500/ros2_ws/install/scara_ik/include/scara_ik/scara_ik/srv/detail
[3.700s] -- Up-to-date: /home/tracy/rbe500/ros2_ws/install/scara_ik/include/scara_ik/scara_ik/srv/detail/scara_ik__type_support.c
[3.701s] -- Up-to-date: /home/tracy/rbe500/ros2_ws/install/scara_ik/include/scara_ik/scara_ik/srv/detail/scara_ik__rosidl_typesupport_introspection_c.h
[3.701s] -- Up-to-date: /home/tracy/rbe500/ros2_ws/install/scara_ik/include/scara_ik/scara_ik/msg
[3.701s] -- Up-to-date: /home/tracy/rbe500/ros2_ws/install/scara_ik/include/scara_ik/scara_ik/msg/rosidl_typesupport_introspection_c__visibility_control.h
[3.701s] -- Up-to-date: /home/tracy/rbe500/ros2_ws/install/scara_ik/lib/libscara_ik__rosidl_typesupport_introspection_c.so
[3.701s] -- Up-to-date: /home/tracy/rbe500/ros2_ws/install/scara_ik/lib/libscara_ik__rosidl_typesupport_c.so
[3.702s] -- Up-to-date: /home/tracy/rbe500/ros2_ws/install/scara_ik/include/scara_ik/scara_ik
[3.702s] -- Up-to-date: /home/tracy/rbe500/ros2_ws/install/scara_ik/include/scara_ik/scara_ik/srv
[3.702s] -- Up-to-date: /home/tracy/rbe500/ros2_ws/install/scara_ik/include/scara_ik/scara_ik/srv/scara_ik.hpp
[3.702s] -- Up-to-date: /home/tracy/rbe500/ros2_ws/install/scara_ik/include/scara_ik/scara_ik/srv/detail
[3.703s] -- Up-to-date: /home/tracy/rbe500/ros2_ws/install/scara_ik/include/scara_ik/scara_ik/srv/detail/scara_ik__builder.hpp
[3.703s] -- Up-to-date: /home/tracy/rbe500/ros2_ws/install/scara_ik/include/scara_ik/scara_ik/srv/detail/scara_ik__type_support.hpp
[3.703s] -- Up-to-date: /home/tracy/rbe500/ros2_ws/install/scara_ik/include/scara_ik/scara_ik/srv/detail/scara_ik__struct.hpp
[3.703s] -- Up-to-date: /home/tracy/rbe500/ros2_ws/install/scara_ik/include/scara_ik/scara_ik/srv/detail/scara_ik__traits.hpp
[3.704s] -- Up-to-date: /home/tracy/rbe500/ros2_ws/install/scara_ik/include/scara_ik/scara_ik/msg
[3.704s] -- Up-to-date: /home/tracy/rbe500/ros2_ws/install/scara_ik/include/scara_ik/scara_ik/msg/rosidl_generator_cpp__visibility_control.hpp
[3.704s] -- Up-to-date: /home/tracy/rbe500/ros2_ws/install/scara_ik/include/scara_ik/scara_ik
[3.705s] -- Up-to-date: /home/tracy/rbe500/ros2_ws/install/scara_ik/include/scara_ik/scara_ik/srv
[3.705s] -- Up-to-date: /home/tracy/rbe500/ros2_ws/install/scara_ik/include/scara_ik/scara_ik/srv/detail
[3.705s] -- Up-to-date: /home/tracy/rbe500/ros2_ws/install/scara_ik/include/scara_ik/scara_ik/srv/detail/scara_ik__rosidl_typesupport_fastrtps_cpp.hpp
[3.705s] -- Up-to-date: /home/tracy/rbe500/ros2_ws/install/scara_ik/include/scara_ik/scara_ik/srv/detail/dds_fastrtps
[3.705s] -- Up-to-date: /home/tracy/rbe500/ros2_ws/install/scara_ik/include/scara_ik/scara_ik/msg
[3.705s] -- Up-to-date: /home/tracy/rbe500/ros2_ws/install/scara_ik/include/scara_ik/scara_ik/msg/rosidl_typesupport_fastrtps_cpp__visibility_control.h
[3.706s] -- Up-to-date: /home/tracy/rbe500/ros2_ws/install/scara_ik/lib/libscara_ik__rosidl_typesupport_fastrtps_cpp.so
[3.706s] -- Up-to-date: /home/tracy/rbe500/ros2_ws/install/scara_ik/include/scara_ik/scara_ik
[3.706s] -- Up-to-date: /home/tracy/rbe500/ros2_ws/install/scara_ik/include/scara_ik/scara_ik/srv
[3.706s] -- Up-to-date: /home/tracy/rbe500/ros2_ws/install/scara_ik/include/scara_ik/scara_ik/srv/detail
[3.706s] -- Up-to-date: /home/tracy/rbe500/ros2_ws/install/scara_ik/include/scara_ik/scara_ik/srv/detail/scara_ik__rosidl_typesupport_introspection_cpp.hpp
[3.706s] -- Up-to-date: /home/tracy/rbe500/ros2_ws/install/scara_ik/include/scara_ik/scara_ik/srv/detail/scara_ik__type_support.cpp
[3.707s] -- Up-to-date: /home/tracy/rbe500/ros2_ws/install/scara_ik/lib/libscara_ik__rosidl_typesupport_introspection_cpp.so
[3.707s] -- Up-to-date: /home/tracy/rbe500/ros2_ws/install/scara_ik/lib/libscara_ik__rosidl_typesupport_cpp.so
[3.707s] -- Up-to-date: /home/tracy/rbe500/ros2_ws/install/scara_ik/share/scara_ik/environment/pythonpath.sh
[3.707s] -- Up-to-date: /home/tracy/rbe500/ros2_ws/install/scara_ik/share/scara_ik/environment/pythonpath.dsv
[3.707s] -- Up-to-date: /home/tracy/rbe500/ros2_ws/install/scara_ik/lib/python3.12/site-packages/scara_ik-0.0.0-py3.12.egg-info
[3.707s] -- Installing: /home/tracy/rbe500/ros2_ws/install/scara_ik/lib/python3.12/site-packages/scara_ik-0.0.0-py3.12.egg-info/top_level.txt
[3.708s] -- Installing: /home/tracy/rbe500/ros2_ws/install/scara_ik/lib/python3.12/site-packages/scara_ik-0.0.0-py3.12.egg-info/dependency_links.txt
[3.708s] -- Installing: /home/tracy/rbe500/ros2_ws/install/scara_ik/lib/python3.12/site-packages/scara_ik-0.0.0-py3.12.egg-info/SOURCES.txt
[3.708s] -- Installing: /home/tracy/rbe500/ros2_ws/install/scara_ik/lib/python3.12/site-packages/scara_ik-0.0.0-py3.12.egg-info/PKG-INFO
[3.708s] -- Up-to-date: /home/tracy/rbe500/ros2_ws/install/scara_ik/lib/python3.12/site-packages/scara_ik
[3.708s] -- Up-to-date: /home/tracy/rbe500/ros2_ws/install/scara_ik/lib/python3.12/site-packages/scara_ik/scara_ik_s__rosidl_typesupport_c.so
[3.708s] -- Up-to-date: /home/tracy/rbe500/ros2_ws/install/scara_ik/lib/python3.12/site-packages/scara_ik/srv
[3.709s] -- Up-to-date: /home/tracy/rbe500/ros2_ws/install/scara_ik/lib/python3.12/site-packages/scara_ik/srv/_scara_ik.py
[3.709s] -- Up-to-date: /home/tracy/rbe500/ros2_ws/install/scara_ik/lib/python3.12/site-packages/scara_ik/srv/_scara_ik_s.c
[3.709s] -- Up-to-date: /home/tracy/rbe500/ros2_ws/install/scara_ik/lib/python3.12/site-packages/scara_ik/srv/__init__.py
[3.709s] -- Up-to-date: /home/tracy/rbe500/ros2_ws/install/scara_ik/lib/python3.12/site-packages/scara_ik/scara_ik_s__rosidl_typesupport_introspection_c.so
[3.710s] -- Up-to-date: /home/tracy/rbe500/ros2_ws/install/scara_ik/lib/python3.12/site-packages/scara_ik/scara_ik_s__rosidl_typesupport_fastrtps_c.so
[3.710s] -- Up-to-date: /home/tracy/rbe500/ros2_ws/install/scara_ik/lib/python3.12/site-packages/scara_ik/_scara_ik_s.ep.rosidl_typesupport_introspection_c.c
[3.710s] -- Up-to-date: /home/tracy/rbe500/ros2_ws/install/scara_ik/lib/python3.12/site-packages/scara_ik/_scara_ik_s.ep.rosidl_typesupport_fastrtps_c.c
[3.710s] -- Installing: /home/tracy/rbe500/ros2_ws/install/scara_ik/lib/python3.12/site-packages/scara_ik/__init__.py
[3.710s] -- Up-to-date: /home/tracy/rbe500/ros2_ws/install/scara_ik/lib/python3.12/site-packages/scara_ik/_scara_ik_s.ep.rosidl_typesupport_c.c
[3.773s] Listing '/home/tracy/rbe500/ros2_ws/install/scara_ik/lib/python3.12/site-packages/scara_ik'...
[3.773s] Compiling '/home/tracy/rbe500/ros2_ws/install/scara_ik/lib/python3.12/site-packages/scara_ik/__init__.py'...
[3.773s] Listing '/home/tracy/rbe500/ros2_ws/install/scara_ik/lib/python3.12/site-packages/scara_ik/srv'...
[3.785s] -- Up-to-date: /home/tracy/rbe500/ros2_ws/install/scara_ik/lib/python3.12/site-packages/scara_ik/scara_ik_s__rosidl_typesupport_fastrtps_c.so
[3.786s] -- Up-to-date: /home/tracy/rbe500/ros2_ws/install/scara_ik/lib/python3.12/site-packages/scara_ik/scara_ik_s__rosidl_typesupport_introspection_c.so
[3.786s] -- Up-to-date: /home/tracy/rbe500/ros2_ws/install/scara_ik/lib/python3.12/site-packages/scara_ik/scara_ik_s__rosidl_typesupport_c.so
[3.787s] -- Up-to-date: /home/tracy/rbe500/ros2_ws/install/scara_ik/lib/libscara_ik__rosidl_generator_py.so
[3.787s] -- Up-to-date: /home/tracy/rbe500/ros2_ws/install/scara_ik/share/ament_index/resource_index/rust_packages/scara_ik
[3.790s] -- Up-to-date: /home/tracy/rbe500/ros2_ws/install/scara_ik/share/scara_ik/rust
[3.790s] -- Up-to-date: /home/tracy/rbe500/ros2_ws/install/scara_ik/share/scara_ik/rust/src
[3.791s] -- Up-to-date: /home/tracy/rbe500/ros2_ws/install/scara_ik/share/scara_ik/rust/src/srv
[3.791s] -- Up-to-date: /home/tracy/rbe500/ros2_ws/install/scara_ik/share/scara_ik/rust/src/srv/rmw.rs
[3.791s] -- Up-to-date: /home/tracy/rbe500/ros2_ws/install/scara_ik/share/scara_ik/rust/src/srv.rs
[3.791s] -- Up-to-date: /home/tracy/rbe500/ros2_ws/install/scara_ik/share/scara_ik/rust/src/lib.rs
[3.792s] -- Up-to-date: /home/tracy/rbe500/ros2_ws/install/scara_ik/share/scara_ik/rust/Cargo.toml
[3.792s] -- Up-to-date: /home/tracy/rbe500/ros2_ws/install/scara_ik/share/scara_ik/rust/build.rs
[3.792s] -- Up-to-date: /home/tracy/rbe500/ros2_ws/install/scara_ik/share/scara_ik/srv/ScaraIK.idl
[3.793s] -- Up-to-date: /home/tracy/rbe500/ros2_ws/install/scara_ik/share/scara_ik/srv/ScaraIK.srv
[3.793s] -- Up-to-date: /home/tracy/rbe500/ros2_ws/install/scara_ik/lib/scara_ik/ik_node.py
[3.793s] -- Up-to-date: /home/tracy/rbe500/ros2_ws/install/scara_ik/lib/scara_ik
[3.794s] -- Up-to-date: /home/tracy/rbe500/ros2_ws/install/scara_ik/lib/scara_ik/ik_node.py
[3.794s] -- Up-to-date: /home/tracy/rbe500/ros2_ws/install/scara_ik/lib/scara_ik/__init__.py
[3.794s] -- Up-to-date: /home/tracy/rbe500/ros2_ws/install/scara_ik/share/ament_index/resource_index/package_run_dependencies/scara_ik
[3.794s] -- Installing: /home/tracy/rbe500/ros2_ws/install/scara_ik/share/ament_index/resource_index/parent_prefix_path/scara_ik
[3.794s] -- Up-to-date: /home/tracy/rbe500/ros2_ws/install/scara_ik/share/scara_ik/environment/ament_prefix_path.sh
[3.794s] -- Up-to-date: /home/tracy/rbe500/ros2_ws/install/scara_ik/share/scara_ik/environment/ament_prefix_path.dsv
[3.795s] -- Up-to-date: /home/tracy/rbe500/ros2_ws/install/scara_ik/share/scara_ik/environment/path.sh
[3.795s] -- Up-to-date: /home/tracy/rbe500/ros2_ws/install/scara_ik/share/scara_ik/environment/path.dsv
[3.795s] -- Up-to-date: /home/tracy/rbe500/ros2_ws/install/scara_ik/share/scara_ik/local_setup.bash
[3.796s] -- Up-to-date: /home/tracy/rbe500/ros2_ws/install/scara_ik/share/scara_ik/local_setup.sh
[3.796s] -- Up-to-date: /home/tracy/rbe500/ros2_ws/install/scara_ik/share/scara_ik/local_setup.zsh
[3.796s] -- Up-to-date: /home/tracy/rbe500/ros2_ws/install/scara_ik/share/scara_ik/local_setup.dsv
[3.796s] -- Installing: /home/tracy/rbe500/ros2_ws/install/scara_ik/share/scara_ik/package.dsv
[3.796s] -- Up-to-date: /home/tracy/rbe500/ros2_ws/install/scara_ik/share/ament_index/resource_index/packages/scara_ik
[3.796s] -- Up-to-date: /home/tracy/rbe500/ros2_ws/install/scara_ik/share/scara_ik/cmake/export_scara_ik__rosidl_generator_cExport.cmake
[3.796s] -- Up-to-date: /home/tracy/rbe500/ros2_ws/install/scara_ik/share/scara_ik/cmake/export_scara_ik__rosidl_generator_cExport-noconfig.cmake
[3.796s] -- Up-to-date: /home/tracy/rbe500/ros2_ws/install/scara_ik/share/scara_ik/cmake/export_scara_ik__rosidl_typesupport_fastrtps_cExport.cmake
[3.796s] -- Up-to-date: /home/tracy/rbe500/ros2_ws/install/scara_ik/share/scara_ik/cmake/export_scara_ik__rosidl_typesupport_fastrtps_cExport-noconfig.cmake
[3.797s] -- Up-to-date: /home/tracy/rbe500/ros2_ws/install/scara_ik/share/scara_ik/cmake/scara_ik__rosidl_typesupport_introspection_cExport.cmake
[3.797s] -- Up-to-date: /home/tracy/rbe500/ros2_ws/install/scara_ik/share/scara_ik/cmake/scara_ik__rosidl_typesupport_introspection_cExport-noconfig.cmake
[3.797s] -- Up-to-date: /home/tracy/rbe500/ros2_ws/install/scara_ik/share/scara_ik/cmake/scara_ik__rosidl_typesupport_cExport.cmake
[3.797s] -- Up-to-date: /home/tracy/rbe500/ros2_ws/install/scara_ik/share/scara_ik/cmake/scara_ik__rosidl_typesupport_cExport-noconfig.cmake
[3.797s] -- Up-to-date: /home/tracy/rbe500/ros2_ws/install/scara_ik/share/scara_ik/cmake/export_scara_ik__rosidl_generator_cppExport.cmake
[3.797s] -- Up-to-date: /home/tracy/rbe500/ros2_ws/install/scara_ik/share/scara_ik/cmake/export_scara_ik__rosidl_typesupport_fastrtps_cppExport.cmake
[3.798s] -- Up-to-date: /home/tracy/rbe500/ros2_ws/install/scara_ik/share/scara_ik/cmake/export_scara_ik__rosidl_typesupport_fastrtps_cppExport-noconfig.cmake
[3.799s] -- Up-to-date: /home/tracy/rbe500/ros2_ws/install/scara_ik/share/scara_ik/cmake/scara_ik__rosidl_typesupport_introspection_cppExport.cmake
[3.800s] -- Up-to-date: /home/tracy/rbe500/ros2_ws/install/scara_ik/share/scara_ik/cmake/scara_ik__rosidl_typesupport_introspection_cppExport-noconfig.cmake
[3.801s] -- Up-to-date: /home/tracy/rbe500/ros2_ws/install/scara_ik/share/scara_ik/cmake/scara_ik__rosidl_typesupport_cppExport.cmake
[3.801s] -- Up-to-date: /home/tracy/rbe500/ros2_ws/install/scara_ik/share/scara_ik/cmake/scara_ik__rosidl_typesupport_cppExport-noconfig.cmake
[3.802s] -- Up-to-date: /home/tracy/rbe500/ros2_ws/install/scara_ik/share/scara_ik/cmake/export_scara_ik__rosidl_generator_pyExport.cmake
[3.802s] -- Up-to-date: /home/tracy/rbe500/ros2_ws/install/scara_ik/share/scara_ik/cmake/export_scara_ik__rosidl_generator_pyExport-noconfig.cmake
[3.803s] -- Up-to-date: /home/tracy/rbe500/ros2_ws/install/scara_ik/share/scara_ik/cmake/rosidl_cmake-extras.cmake
[3.803s] -- Up-to-date: /home/tracy/rbe500/ros2_ws/install/scara_ik/share/scara_ik/cmake/ament_cmake_export_dependencies-extras.cmake
[3.803s] -- Up-to-date: /home/tracy/rbe500/ros2_ws/install/scara_ik/share/scara_ik/cmake/ament_cmake_export_include_directories-extras.cmake
[3.803s] -- Up-to-date: /home/tracy/rbe500/ros2_ws/install/scara_ik/share/scara_ik/cmake/ament_cmake_export_libraries-extras.cmake
[3.804s] -- Up-to-date: /home/tracy/rbe500/ros2_ws/install/scara_ik/share/scara_ik/cmake/ament_cmake_export_targets-extras.cmake
[3.804s] -- Up-to-date: /home/tracy/rbe500/ros2_ws/install/scara_ik/share/scara_ik/cmake/rosidl_cmake_export_typesupport_targets-extras.cmake
[3.804s] -- Up-to-date: /home/tracy/rbe500/ros2_ws/install/scara_ik/share/scara_ik/cmake/rosidl_cmake_export_typesupport_libraries-extras.cmake
[3.804s] -- Up-to-date: /home/tracy/rbe500/ros2_ws/install/scara_ik/share/scara_ik/cmake/scara_ikConfig.cmake
[3.804s] -- Up-to-date: /home/tracy/rbe500/ros2_ws/install/scara_ik/share/scara_ik/cmake/scara_ikConfig-version.cmake
[3.804s] -- Installing: /home/tracy/rbe500/ros2_ws/install/scara_ik/share/scara_ik/package.xml
[3.805s] Invoked command in '/home/tracy/rbe500/ros2_ws/build/scara_ik' returned '0': CMAKE_PREFIX_PATH=${CMAKE_PREFIX_PATH}:/home/tracy/rbe500/ros2_ws/install/scara_fk:/home/tracy/rbe500/ros2_ws/install/rbe500_hw1:/home/tracy/rbe500/ros2_ws/install/quat_to_euler:/home/tracy/rbe500/ros2_ws/install/irb1400_fk:/opt/ros/jazzy /usr/bin/cmake --install /home/tracy/rbe500/ros2_ws/build/scara_ik
