[0.866s] Invoking command in '/home/tracy/rbe500/ros2_ws/build/scara_ik': CMAKE_PREFIX_PATH=${CMAKE_PREFIX_PATH}:/home/tracy/rbe500/ros2_ws/install/scara_fk:/home/tracy/rbe500/ros2_ws/install/rbe500_hw1:/home/tracy/rbe500/ros2_ws/install/quat_to_euler:/home/tracy/rbe500/ros2_ws/install/irb1400_fk:/opt/ros/jazzy /usr/bin/cmake --build /home/tracy/rbe500/ros2_ws/build/scara_ik -- -j16 -l16
[0.939s] [  2%] Built target scara_ik__rs
[0.939s] [  5%] Built target scara_ik__rosidl_generator_type_description
[0.958s] [  5%] Built target ament_cmake_python_copy_scara_ik
[0.971s] [  8%] Built target scara_ik__cpp
[0.980s] [ 22%] Built target scara_ik__rosidl_generator_c
[1.023s] [ 31%] Built target scara_ik__rosidl_typesupport_c
[1.023s] [ 40%] Built target scara_ik__rosidl_typesupport_introspection_c
[1.025s] [ 65%] Built target scara_ik__rosidl_typesupport_cpp
[1.026s] [ 65%] Built target scara_ik__rosidl_typesupport_introspection_cpp
[1.026s] [ 65%] Built target scara_ik__rosidl_typesupport_fastrtps_cpp
[1.026s] [ 74%] Built target scara_ik__rosidl_typesupport_fastrtps_c
[1.067s] [ 74%] Built target scara_ik
[1.097s] [ 77%] Built target scara_ik__py
[1.134s] [ 82%] Built target scara_ik__rosidl_generator_py
[1.170s] [ 88%] Built target scara_ik_s__rosidl_typesupport_introspection_c
[1.170s] [100%] Built target scara_ik_s__rosidl_typesupport_fastrtps_c
[1.171s] [100%] Built target scara_ik_s__rosidl_typesupport_c
[1.272s] running egg_info
[1.295s] writing scara_ik.egg-info/PKG-INFO
[1.295s] writing dependency_links to scara_ik.egg-info/dependency_links.txt
[1.295s] writing top-level names to scara_ik.egg-info/top_level.txt
[1.363s] reading manifest file 'scara_ik.egg-info/SOURCES.txt'
[1.364s] writing manifest file 'scara_ik.egg-info/SOURCES.txt'
[1.393s] [100%] Built target ament_cmake_python_build_scara_ik_egg
[1.409s] Invoked command in '/home/tracy/rbe500/ros2_ws/build/scara_ik' returned '0': CMAKE_PREFIX_PATH=${CMAKE_PREFIX_PATH}:/home/tracy/rbe500/ros2_ws/install/scara_fk:/home/tracy/rbe500/ros2_ws/install/rbe500_hw1:/home/tracy/rbe500/ros2_ws/install/quat_to_euler:/home/tracy/rbe500/ros2_ws/install/irb1400_fk:/opt/ros/jazzy /usr/bin/cmake --build /home/tracy/rbe500/ros2_ws/build/scara_ik -- -j16 -l16
[1.422s] Invoking command in '/home/tracy/rbe500/ros2_ws/build/scara_ik': CMAKE_PREFIX_PATH=${CMAKE_PREFIX_PATH}:/home/tracy/rbe500/ros2_ws/install/scara_fk:/home/tracy/rbe500/ros2_ws/install/rbe500_hw1:/home/tracy/rbe500/ros2_ws/install/quat_to_euler:/home/tracy/rbe500/ros2_ws/install/irb1400_fk:/opt/ros/jazzy /usr/bin/cmake --install /home/tracy/rbe500/ros2_ws/build/scara_ik
[1.434s] -- Install configuration: ""
[1.434s] -- Up-to-date: /home/tracy/rbe500/ros2_ws/install/scara_ik/share/ament_index/resource_index/rosidl_interfaces/scara_ik
[1.435s] -- Up-to-date: /home/tracy/rbe500/ros2_ws/install/scara_ik/share/scara_ik/srv/ScaraIK.json
[1.435s] -- Up-to-date: /home/tracy/rbe500/ros2_ws/install/scara_ik/include/scara_ik/scara_ik
[1.435s] -- Up-to-date: /home/tracy/rbe500/ros2_ws/install/scara_ik/include/scara_ik/scara_ik/srv
[1.436s] -- Up-to-date: /home/tracy/rbe500/ros2_ws/install/scara_ik/include/scara_ik/scara_ik/srv/scara_ik.h
[1.436s] -- Up-to-date: /home/tracy/rbe500/ros2_ws/install/scara_ik/include/scara_ik/scara_ik/srv/detail
[1.436s] -- Up-to-date: /home/tracy/rbe500/ros2_ws/install/scara_ik/include/scara_ik/scara_ik/srv/detail/scara_ik__type_support.c
[1.436s] -- Up-to-date: /home/tracy/rbe500/ros2_ws/install/scara_ik/include/scara_ik/scara_ik/srv/detail/scara_ik__functions.h
[1.437s] -- Up-to-date: /home/tracy/rbe500/ros2_ws/install/scara_ik/include/scara_ik/scara_ik/srv/detail/scara_ik__functions.c
[1.437s] -- Up-to-date: /home/tracy/rbe500/ros2_ws/install/scara_ik/include/scara_ik/scara_ik/srv/detail/scara_ik__description.c
[1.437s] -- Up-to-date: /home/tracy/rbe500/ros2_ws/install/scara_ik/include/scara_ik/scara_ik/srv/detail/scara_ik__type_support.h
[1.437s] -- Up-to-date: /home/tracy/rbe500/ros2_ws/install/scara_ik/include/scara_ik/scara_ik/srv/detail/scara_ik__struct.h
[1.438s] -- Up-to-date: /home/tracy/rbe500/ros2_ws/install/scara_ik/include/scara_ik/scara_ik/msg
[1.438s] -- Up-to-date: /home/tracy/rbe500/ros2_ws/install/scara_ik/include/scara_ik/scara_ik/msg/rosidl_generator_c__visibility_control.h
[1.438s] -- Up-to-date: /home/tracy/rbe500/ros2_ws/install/scara_ik/share/scara_ik/environment/library_path.sh
[1.438s] -- Up-to-date: /home/tracy/rbe500/ros2_ws/install/scara_ik/share/scara_ik/environment/library_path.dsv
[1.438s] -- Up-to-date: /home/tracy/rbe500/ros2_ws/install/scara_ik/lib/libscara_ik__rosidl_generator_c.so
[1.438s] -- Up-to-date: /home/tracy/rbe500/ros2_ws/install/scara_ik/include/scara_ik/scara_ik
[1.438s] -- Up-to-date: /home/tracy/rbe500/ros2_ws/install/scara_ik/include/scara_ik/scara_ik/srv
[1.438s] -- Up-to-date: /home/tracy/rbe500/ros2_ws/install/scara_ik/include/scara_ik/scara_ik/srv/detail
[1.439s] -- Up-to-date: /home/tracy/rbe500/ros2_ws/install/scara_ik/include/scara_ik/scara_ik/srv/detail/scara_ik__rosidl_typesupport_fastrtps_c.h
[1.439s] -- Up-to-date: /home/tracy/rbe500/ros2_ws/install/scara_ik/include/scara_ik/scara_ik/msg
[1.439s] -- Up-to-date: /home/tracy/rbe500/ros2_ws/install/scara_ik/include/scara_ik/scara_ik/msg/rosidl_typesupport_fastrtps_c__visibility_control.h
[1.439s] -- Up-to-date: /home/tracy/rbe500/ros2_ws/install/scara_ik/lib/libscara_ik__rosidl_typesupport_fastrtps_c.so
[1.439s] -- Up-to-date: /home/tracy/rbe500/ros2_ws/install/scara_ik/include/scara_ik/scara_ik
[1.440s] -- Up-to-date: /home/tracy/rbe500/ros2_ws/install/scara_ik/include/scara_ik/scara_ik/srv
[1.440s] -- Up-to-date: /home/tracy/rbe500/ros2_ws/install/scara_ik/include/scara_ik/scara_ik/srv/detail
[1.440s] -- Up-to-date: /home/tracy/rbe500/ros2_ws/install/scara_ik/include/scara_ik/scara_ik/srv/detail/scara_ik__type_support.c
[1.440s] -- Up-to-date: /home/tracy/rbe500/ros2_ws/install/scara_ik/include/scara_ik/scara_ik/srv/detail/scara_ik__rosidl_typesupport_introspection_c.h
[1.440s] -- Up-to-date: /home/tracy/rbe500/ros2_ws/install/scara_ik/include/scara_ik/scara_ik/msg
[1.440s] -- Up-to-date: /home/tracy/rbe500/ros2_ws/install/scara_ik/include/scara_ik/scara_ik/msg/rosidl_typesupport_introspection_c__visibility_control.h
[1.440s] -- Up-to-date: /home/tracy/rbe500/ros2_ws/install/scara_ik/lib/libscara_ik__rosidl_typesupport_introspection_c.so
[1.441s] -- Up-to-date: /home/tracy/rbe500/ros2_ws/install/scara_ik/lib/libscara_ik__rosidl_typesupport_c.so
[1.441s] -- Up-to-date: /home/tracy/rbe500/ros2_ws/install/scara_ik/include/scara_ik/scara_ik
[1.441s] -- Up-to-date: /home/tracy/rbe500/ros2_ws/install/scara_ik/include/scara_ik/scara_ik/srv
[1.442s] -- Up-to-date: /home/tracy/rbe500/ros2_ws/install/scara_ik/include/scara_ik/scara_ik/srv/scara_ik.hpp
[1.442s] -- Up-to-date: /home/tracy/rbe500/ros2_ws/install/scara_ik/include/scara_ik/scara_ik/srv/detail
[1.442s] -- Up-to-date: /home/tracy/rbe500/ros2_ws/install/scara_ik/include/scara_ik/scara_ik/srv/detail/scara_ik__builder.hpp
[1.442s] -- Up-to-date: /home/tracy/rbe500/ros2_ws/install/scara_ik/include/scara_ik/scara_ik/srv/detail/scara_ik__type_support.hpp
[1.443s] -- Up-to-date: /home/tracy/rbe500/ros2_ws/install/scara_ik/include/scara_ik/scara_ik/srv/detail/scara_ik__struct.hpp
[1.443s] -- Up-to-date: /home/tracy/rbe500/ros2_ws/install/scara_ik/include/scara_ik/scara_ik/srv/detail/scara_ik__traits.hpp
[1.443s] -- Up-to-date: /home/tracy/rbe500/ros2_ws/install/scara_ik/include/scara_ik/scara_ik/msg
[1.443s] -- Up-to-date: /home/tracy/rbe500/ros2_ws/install/scara_ik/include/scara_ik/scara_ik/msg/rosidl_generator_cpp__visibility_control.hpp
[1.443s] -- Up-to-date: /home/tracy/rbe500/ros2_ws/install/scara_ik/include/scara_ik/scara_ik
[1.443s] -- Up-to-date: /home/tracy/rbe500/ros2_ws/install/scara_ik/include/scara_ik/scara_ik/srv
[1.443s] -- Up-to-date: /home/tracy/rbe500/ros2_ws/install/scara_ik/include/scara_ik/scara_ik/srv/detail
[1.443s] -- Up-to-date: /home/tracy/rbe500/ros2_ws/install/scara_ik/include/scara_ik/scara_ik/srv/detail/scara_ik__rosidl_typesupport_fastrtps_cpp.hpp
[1.443s] -- Up-to-date: /home/tracy/rbe500/ros2_ws/install/scara_ik/include/scara_ik/scara_ik/srv/detail/dds_fastrtps
[1.444s] -- Up-to-date: /home/tracy/rbe500/ros2_ws/install/scara_ik/include/scara_ik/scara_ik/msg
[1.444s] -- Up-to-date: /home/tracy/rbe500/ros2_ws/install/scara_ik/include/scara_ik/scara_ik/msg/rosidl_typesupport_fastrtps_cpp__visibility_control.h
[1.444s] -- Up-to-date: /home/tracy/rbe500/ros2_ws/install/scara_ik/lib/libscara_ik__rosidl_typesupport_fastrtps_cpp.so
[1.444s] -- Up-to-date: /home/tracy/rbe500/ros2_ws/install/scara_ik/include/scara_ik/scara_ik
[1.444s] -- Up-to-date: /home/tracy/rbe500/ros2_ws/install/scara_ik/include/scara_ik/scara_ik/srv
[1.445s] -- Up-to-date: /home/tracy/rbe500/ros2_ws/install/scara_ik/include/scara_ik/scara_ik/srv/detail
[1.445s] -- Up-to-date: /home/tracy/rbe500/ros2_ws/install/scara_ik/include/scara_ik/scara_ik/srv/detail/scara_ik__rosidl_typesupport_introspection_cpp.hpp
[1.445s] -- Up-to-date: /home/tracy/rbe500/ros2_ws/install/scara_ik/include/scara_ik/scara_ik/srv/detail/scara_ik__type_support.cpp
[1.445s] -- Up-to-date: /home/tracy/rbe500/ros2_ws/install/scara_ik/lib/libscara_ik__rosidl_typesupport_introspection_cpp.so
[1.446s] -- Up-to-date: /home/tracy/rbe500/ros2_ws/install/scara_ik/lib/libscara_ik__rosidl_typesupport_cpp.so
[1.446s] -- Up-to-date: /home/tracy/rbe500/ros2_ws/install/scara_ik/share/scara_ik/environment/pythonpath.sh
[1.447s] -- Up-to-date: /home/tracy/rbe500/ros2_ws/install/scara_ik/share/scara_ik/environment/pythonpath.dsv
[1.447s] -- Up-to-date: /home/tracy/rbe500/ros2_ws/install/scara_ik/lib/python3.12/site-packages/scara_ik-0.0.0-py3.12.egg-info
[1.447s] -- Installing: /home/tracy/rbe500/ros2_ws/install/scara_ik/lib/python3.12/site-packages/scara_ik-0.0.0-py3.12.egg-info/top_level.txt
[1.447s] -- Installing: /home/tracy/rbe500/ros2_ws/install/scara_ik/lib/python3.12/site-packages/scara_ik-0.0.0-py3.12.egg-info/dependency_links.txt
[1.448s] -- Installing: /home/tracy/rbe500/ros2_ws/install/scara_ik/lib/python3.12/site-packages/scara_ik-0.0.0-py3.12.egg-info/SOURCES.txt
[1.448s] -- Installing: /home/tracy/rbe500/ros2_ws/install/scara_ik/lib/python3.12/site-packages/scara_ik-0.0.0-py3.12.egg-info/PKG-INFO
[1.448s] -- Up-to-date: /home/tracy/rbe500/ros2_ws/install/scara_ik/lib/python3.12/site-packages/scara_ik
[1.449s] -- Up-to-date: /home/tracy/rbe500/ros2_ws/install/scara_ik/lib/python3.12/site-packages/scara_ik/scara_ik_s__rosidl_typesupport_c.so
[1.449s] -- Up-to-date: /home/tracy/rbe500/ros2_ws/install/scara_ik/lib/python3.12/site-packages/scara_ik/srv
[1.449s] -- Up-to-date: /home/tracy/rbe500/ros2_ws/install/scara_ik/lib/python3.12/site-packages/scara_ik/srv/_scara_ik.py
[1.449s] -- Up-to-date: /home/tracy/rbe500/ros2_ws/install/scara_ik/lib/python3.12/site-packages/scara_ik/srv/_scara_ik_s.c
[1.449s] -- Up-to-date: /home/tracy/rbe500/ros2_ws/install/scara_ik/lib/python3.12/site-packages/scara_ik/srv/__init__.py
[1.450s] -- Up-to-date: /home/tracy/rbe500/ros2_ws/install/scara_ik/lib/python3.12/site-packages/scara_ik/scara_ik_s__rosidl_typesupport_introspection_c.so
[1.450s] -- Up-to-date: /home/tracy/rbe500/ros2_ws/install/scara_ik/lib/python3.12/site-packages/scara_ik/scara_ik_s__rosidl_typesupport_fastrtps_c.so
[1.450s] -- Up-to-date: /home/tracy/rbe500/ros2_ws/install/scara_ik/lib/python3.12/site-packages/scara_ik/_scara_ik_s.ep.rosidl_typesupport_introspection_c.c
[1.450s] -- Up-to-date: /home/tracy/rbe500/ros2_ws/install/scara_ik/lib/python3.12/site-packages/scara_ik/_scara_ik_s.ep.rosidl_typesupport_fastrtps_c.c
[1.450s] -- Up-to-date: /home/tracy/rbe500/ros2_ws/install/scara_ik/lib/python3.12/site-packages/scara_ik/__init__.py
[1.450s] -- Up-to-date: /home/tracy/rbe500/ros2_ws/install/scara_ik/lib/python3.12/site-packages/scara_ik/_scara_ik_s.ep.rosidl_typesupport_c.c
[1.488s] Listing '/home/tracy/rbe500/ros2_ws/install/scara_ik/lib/python3.12/site-packages/scara_ik'...
[1.488s] Listing '/home/tracy/rbe500/ros2_ws/install/scara_ik/lib/python3.12/site-packages/scara_ik/srv'...
[1.494s] -- Up-to-date: /home/tracy/rbe500/ros2_ws/install/scara_ik/lib/python3.12/site-packages/scara_ik/scara_ik_s__rosidl_typesupport_fastrtps_c.so
[1.495s] -- Up-to-date: /home/tracy/rbe500/ros2_ws/install/scara_ik/lib/python3.12/site-packages/scara_ik/scara_ik_s__rosidl_typesupport_introspection_c.so
[1.496s] -- Up-to-date: /home/tracy/rbe500/ros2_ws/install/scara_ik/lib/python3.12/site-packages/scara_ik/scara_ik_s__rosidl_typesupport_c.so
[1.496s] -- Up-to-date: /home/tracy/rbe500/ros2_ws/install/scara_ik/lib/libscara_ik__rosidl_generator_py.so
[1.497s] -- Up-to-date: /home/tracy/rbe500/ros2_ws/install/scara_ik/share/ament_index/resource_index/rust_packages/scara_ik
[1.497s] -- Up-to-date: /home/tracy/rbe500/ros2_ws/install/scara_ik/share/scara_ik/rust
[1.497s] -- Up-to-date: /home/tracy/rbe500/ros2_ws/install/scara_ik/share/scara_ik/rust/src
[1.498s] -- Up-to-date: /home/tracy/rbe500/ros2_ws/install/scara_ik/share/scara_ik/rust/src/srv
[1.498s] -- Up-to-date: /home/tracy/rbe500/ros2_ws/install/scara_ik/share/scara_ik/rust/src/srv/rmw.rs
[1.499s] -- Up-to-date: /home/tracy/rbe500/ros2_ws/install/scara_ik/share/scara_ik/rust/src/srv.rs
[1.499s] -- Up-to-date: /home/tracy/rbe500/ros2_ws/install/scara_ik/share/scara_ik/rust/src/lib.rs
[1.499s] -- Up-to-date: /home/tracy/rbe500/ros2_ws/install/scara_ik/share/scara_ik/rust/Cargo.toml
[1.499s] -- Up-to-date: /home/tracy/rbe500/ros2_ws/install/scara_ik/share/scara_ik/rust/build.rs
[1.500s] -- Up-to-date: /home/tracy/rbe500/ros2_ws/install/scara_ik/share/scara_ik/srv/ScaraIK.idl
[1.500s] -- Up-to-date: /home/tracy/rbe500/ros2_ws/install/scara_ik/share/scara_ik/srv/ScaraIK.srv
[1.500s] -- Up-to-date: /home/tracy/rbe500/ros2_ws/install/scara_ik/lib/scara_ik/ik_node.py
[1.500s] -- Up-to-date: /home/tracy/rbe500/ros2_ws/install/scara_ik/lib/scara_ik
[1.500s] -- Up-to-date: /home/tracy/rbe500/ros2_ws/install/scara_ik/lib/scara_ik/ik_node.py
[1.500s] -- Up-to-date: /home/tracy/rbe500/ros2_ws/install/scara_ik/lib/scara_ik/__init__.py
[1.500s] -- Up-to-date: /home/tracy/rbe500/ros2_ws/install/scara_ik/share/ament_index/resource_index/package_run_dependencies/scara_ik
[1.500s] -- Up-to-date: /home/tracy/rbe500/ros2_ws/install/scara_ik/share/ament_index/resource_index/parent_prefix_path/scara_ik
[1.501s] -- Up-to-date: /home/tracy/rbe500/ros2_ws/install/scara_ik/share/scara_ik/environment/ament_prefix_path.sh
[1.501s] -- Up-to-date: /home/tracy/rbe500/ros2_ws/install/scara_ik/share/scara_ik/environment/ament_prefix_path.dsv
[1.501s] -- Up-to-date: /home/tracy/rbe500/ros2_ws/install/scara_ik/share/scara_ik/environment/path.sh
[1.501s] -- Up-to-date: /home/tracy/rbe500/ros2_ws/install/scara_ik/share/scara_ik/environment/path.dsv
[1.501s] -- Up-to-date: /home/tracy/rbe500/ros2_ws/install/scara_ik/share/scara_ik/local_setup.bash
[1.501s] -- Up-to-date: /home/tracy/rbe500/ros2_ws/install/scara_ik/share/scara_ik/local_setup.sh
[1.501s] -- Up-to-date: /home/tracy/rbe500/ros2_ws/install/scara_ik/share/scara_ik/local_setup.zsh
[1.501s] -- Up-to-date: /home/tracy/rbe500/ros2_ws/install/scara_ik/share/scara_ik/local_setup.dsv
[1.501s] -- Installing: /home/tracy/rbe500/ros2_ws/install/scara_ik/share/scara_ik/package.dsv
[1.501s] -- Up-to-date: /home/tracy/rbe500/ros2_ws/install/scara_ik/share/ament_index/resource_index/packages/scara_ik
[1.501s] -- Up-to-date: /home/tracy/rbe500/ros2_ws/install/scara_ik/share/scara_ik/cmake/export_scara_ik__rosidl_generator_cExport.cmake
[1.501s] -- Up-to-date: /home/tracy/rbe500/ros2_ws/install/scara_ik/share/scara_ik/cmake/export_scara_ik__rosidl_generator_cExport-noconfig.cmake
[1.502s] -- Up-to-date: /home/tracy/rbe500/ros2_ws/install/scara_ik/share/scara_ik/cmake/export_scara_ik__rosidl_typesupport_fastrtps_cExport.cmake
[1.502s] -- Up-to-date: /home/tracy/rbe500/ros2_ws/install/scara_ik/share/scara_ik/cmake/export_scara_ik__rosidl_typesupport_fastrtps_cExport-noconfig.cmake
[1.502s] -- Up-to-date: /home/tracy/rbe500/ros2_ws/install/scara_ik/share/scara_ik/cmake/scara_ik__rosidl_typesupport_introspection_cExport.cmake
[1.502s] -- Up-to-date: /home/tracy/rbe500/ros2_ws/install/scara_ik/share/scara_ik/cmake/scara_ik__rosidl_typesupport_introspection_cExport-noconfig.cmake
[1.503s] -- Up-to-date: /home/tracy/rbe500/ros2_ws/install/scara_ik/share/scara_ik/cmake/scara_ik__rosidl_typesupport_cExport.cmake
[1.503s] -- Up-to-date: /home/tracy/rbe500/ros2_ws/install/scara_ik/share/scara_ik/cmake/scara_ik__rosidl_typesupport_cExport-noconfig.cmake
[1.503s] -- Up-to-date: /home/tracy/rbe500/ros2_ws/install/scara_ik/share/scara_ik/cmake/export_scara_ik__rosidl_generator_cppExport.cmake
[1.504s] -- Up-to-date: /home/tracy/rbe500/ros2_ws/install/scara_ik/share/scara_ik/cmake/export_scara_ik__rosidl_typesupport_fastrtps_cppExport.cmake
[1.504s] -- Up-to-date: /home/tracy/rbe500/ros2_ws/install/scara_ik/share/scara_ik/cmake/export_scara_ik__rosidl_typesupport_fastrtps_cppExport-noconfig.cmake
[1.505s] -- Up-to-date: /home/tracy/rbe500/ros2_ws/install/scara_ik/share/scara_ik/cmake/scara_ik__rosidl_typesupport_introspection_cppExport.cmake
[1.505s] -- Up-to-date: /home/tracy/rbe500/ros2_ws/install/scara_ik/share/scara_ik/cmake/scara_ik__rosidl_typesupport_introspection_cppExport-noconfig.cmake
[1.506s] -- Up-to-date: /home/tracy/rbe500/ros2_ws/install/scara_ik/share/scara_ik/cmake/scara_ik__rosidl_typesupport_cppExport.cmake
[1.506s] -- Up-to-date: /home/tracy/rbe500/ros2_ws/install/scara_ik/share/scara_ik/cmake/scara_ik__rosidl_typesupport_cppExport-noconfig.cmake
[1.507s] -- Up-to-date: /home/tracy/rbe500/ros2_ws/install/scara_ik/share/scara_ik/cmake/export_scara_ik__rosidl_generator_pyExport.cmake
[1.507s] -- Up-to-date: /home/tracy/rbe500/ros2_ws/install/scara_ik/share/scara_ik/cmake/export_scara_ik__rosidl_generator_pyExport-noconfig.cmake
[1.507s] -- Up-to-date: /home/tracy/rbe500/ros2_ws/install/scara_ik/share/scara_ik/cmake/rosidl_cmake-extras.cmake
[1.508s] -- Up-to-date: /home/tracy/rbe500/ros2_ws/install/scara_ik/share/scara_ik/cmake/ament_cmake_export_dependencies-extras.cmake
[1.508s] -- Up-to-date: /home/tracy/rbe500/ros2_ws/install/scara_ik/share/scara_ik/cmake/ament_cmake_export_include_directories-extras.cmake
[1.508s] -- Up-to-date: /home/tracy/rbe500/ros2_ws/install/scara_ik/share/scara_ik/cmake/ament_cmake_export_libraries-extras.cmake
[1.508s] -- Up-to-date: /home/tracy/rbe500/ros2_ws/install/scara_ik/share/scara_ik/cmake/ament_cmake_export_targets-extras.cmake
[1.508s] -- Up-to-date: /home/tracy/rbe500/ros2_ws/install/scara_ik/share/scara_ik/cmake/rosidl_cmake_export_typesupport_targets-extras.cmake
[1.509s] -- Up-to-date: /home/tracy/rbe500/ros2_ws/install/scara_ik/share/scara_ik/cmake/rosidl_cmake_export_typesupport_libraries-extras.cmake
[1.509s] -- Up-to-date: /home/tracy/rbe500/ros2_ws/install/scara_ik/share/scara_ik/cmake/scara_ikConfig.cmake
[1.509s] -- Up-to-date: /home/tracy/rbe500/ros2_ws/install/scara_ik/share/scara_ik/cmake/scara_ikConfig-version.cmake
[1.509s] -- Up-to-date: /home/tracy/rbe500/ros2_ws/install/scara_ik/share/scara_ik/package.xml
[1.514s] Invoked command in '/home/tracy/rbe500/ros2_ws/build/scara_ik' returned '0': CMAKE_PREFIX_PATH=${CMAKE_PREFIX_PATH}:/home/tracy/rbe500/ros2_ws/install/scara_fk:/home/tracy/rbe500/ros2_ws/install/rbe500_hw1:/home/tracy/rbe500/ros2_ws/install/quat_to_euler:/home/tracy/rbe500/ros2_ws/install/irb1400_fk:/opt/ros/jazzy /usr/bin/cmake --install /home/tracy/rbe500/ros2_ws/build/scara_ik
