[1.147s] Invoking command in '/home/tracy/rbe500/ros2_ws/src/irb1400_fk': PYTHONPATH=/home/tracy/rbe500/ros2_ws/build/irb1400_fk/prefix_override:/usr/lib/python3/dist-packages/colcon_core/task/python/colcon_distutils_commands:/home/tracy/rbe500/ros2_ws/install/irb1400_fk/lib/python3.12/site-packages:${PYTHONPATH} /usr/bin/python3 -W ignore:setup.py install is deprecated -W ignore:easy_install command is deprecated setup.py egg_info --egg-base ../../build/irb1400_fk build --build-base /home/tracy/rbe500/ros2_ws/build/irb1400_fk/build install --record /home/tracy/rbe500/ros2_ws/build/irb1400_fk/install.log --single-version-externally-managed install_data
[1.413s] running egg_info
[1.434s] writing ../../build/irb1400_fk/irb1400_fk.egg-info/PKG-INFO
[1.434s] writing dependency_links to ../../build/irb1400_fk/irb1400_fk.egg-info/dependency_links.txt
[1.434s] writing entry points to ../../build/irb1400_fk/irb1400_fk.egg-info/entry_points.txt
[1.435s] writing requirements to ../../build/irb1400_fk/irb1400_fk.egg-info/requires.txt
[1.435s] writing top-level names to ../../build/irb1400_fk/irb1400_fk.egg-info/top_level.txt
[1.477s] reading manifest file '../../build/irb1400_fk/irb1400_fk.egg-info/SOURCES.txt'
[1.478s] writing manifest file '../../build/irb1400_fk/irb1400_fk.egg-info/SOURCES.txt'
[1.478s] running build
[1.478s] running build_py
[1.478s] copying irb1400_fk/fk_node.py -> /home/tracy/rbe500/ros2_ws/build/irb1400_fk/build/lib/irb1400_fk
[1.479s] running install
[1.485s] running install_lib
[1.506s] copying /home/tracy/rbe500/ros2_ws/build/irb1400_fk/build/lib/irb1400_fk/fk_node.py -> /home/tracy/rbe500/ros2_ws/install/irb1400_fk/lib/python3.12/site-packages/irb1400_fk
[1.507s] byte-compiling /home/tracy/rbe500/ros2_ws/install/irb1400_fk/lib/python3.12/site-packages/irb1400_fk/fk_node.py to fk_node.cpython-312.pyc
[1.509s] running install_data
[1.509s] running install_egg_info
[1.532s] removing '/home/tracy/rbe500/ros2_ws/install/irb1400_fk/lib/python3.12/site-packages/irb1400_fk-0.0.0-py3.12.egg-info' (and everything under it)
[1.532s] Copying ../../build/irb1400_fk/irb1400_fk.egg-info to /home/tracy/rbe500/ros2_ws/install/irb1400_fk/lib/python3.12/site-packages/irb1400_fk-0.0.0-py3.12.egg-info
[1.534s] running install_scripts
[1.669s] Installing fk_node script to /home/tracy/rbe500/ros2_ws/install/irb1400_fk/lib/irb1400_fk
[1.669s] writing list of installed files to '/home/tracy/rbe500/ros2_ws/build/irb1400_fk/install.log'
[1.700s] Invoked command in '/home/tracy/rbe500/ros2_ws/src/irb1400_fk' returned '0': PYTHONPATH=/home/tracy/rbe500/ros2_ws/build/irb1400_fk/prefix_override:/usr/lib/python3/dist-packages/colcon_core/task/python/colcon_distutils_commands:/home/tracy/rbe500/ros2_ws/install/irb1400_fk/lib/python3.12/site-packages:${PYTHONPATH} /usr/bin/python3 -W ignore:setup.py install is deprecated -W ignore:easy_install command is deprecated setup.py egg_info --egg-base ../../build/irb1400_fk build --build-base /home/tracy/rbe500/ros2_ws/build/irb1400_fk/build install --record /home/tracy/rbe500/ros2_ws/build/irb1400_fk/install.log --single-version-externally-managed install_data
