[0.015s] Invoking command in '/home/tracy/rbe500/ros2_ws/build/scara_description': CMAKE_PREFIX_PATH=${CMAKE_PREFIX_PATH}:/home/tracy/rbe500/ros2_ws/install/scara_ik_node:/home/tracy/rbe500/ros2_ws/install/scara_fk:/home/tracy/rbe500/ros2_ws/install/rbe500_hw1:/home/tracy/rbe500/ros2_ws/install/quat_to_euler:/home/tracy/rbe500/ros2_ws/install/irb1400_fk:/opt/ros/jazzy /usr/bin/cmake --build /home/tracy/rbe500/ros2_ws/build/scara_description -- -j16 -l16
[0.078s] Invoked command in '/home/tracy/rbe500/ros2_ws/build/scara_description' returned '0': CMAKE_PREFIX_PATH=${CMAKE_PREFIX_PATH}:/home/tracy/rbe500/ros2_ws/install/scara_ik_node:/home/tracy/rbe500/ros2_ws/install/scara_fk:/home/tracy/rbe500/ros2_ws/install/rbe500_hw1:/home/tracy/rbe500/ros2_ws/install/quat_to_euler:/home/tracy/rbe500/ros2_ws/install/irb1400_fk:/opt/ros/jazzy /usr/bin/cmake --build /home/tracy/rbe500/ros2_ws/build/scara_description -- -j16 -l16
[0.089s] Invoking command in '/home/tracy/rbe500/ros2_ws/build/scara_description': CMAKE_PREFIX_PATH=${CMAKE_PREFIX_PATH}:/home/tracy/rbe500/ros2_ws/install/scara_ik_node:/home/tracy/rbe500/ros2_ws/install/scara_fk:/home/tracy/rbe500/ros2_ws/install/rbe500_hw1:/home/tracy/rbe500/ros2_ws/install/quat_to_euler:/home/tracy/rbe500/ros2_ws/install/irb1400_fk:/opt/ros/jazzy /usr/bin/cmake --install /home/tracy/rbe500/ros2_ws/build/scara_description
[0.099s] -- Install configuration: ""
[0.100s] -- Up-to-date: /home/tracy/rbe500/ros2_ws/install/scara_description/share/scara_description/config
[0.100s] -- Up-to-date: /home/tracy/rbe500/ros2_ws/install/scara_description/share/scara_description/config/scara.config.xacro
[0.100s] -- Up-to-date: /home/tracy/rbe500/ros2_ws/install/scara_description/share/scara_description/config/materials.urdf
[0.100s] -- Up-to-date: /home/tracy/rbe500/ros2_ws/install/scara_description/share/scara_description/urdf
[0.100s] -- Installing: /home/tracy/rbe500/ros2_ws/install/scara_description/share/scara_description/urdf/scara.urdf
[0.101s] -- Up-to-date: /home/tracy/rbe500/ros2_ws/install/scara_description/share/scara_description/ros2_control
[0.101s] -- Up-to-date: /home/tracy/rbe500/ros2_ws/install/scara_description/share/scara_description/ros2_control/scara.ros2_control.urdf
[0.101s] -- Up-to-date: /home/tracy/rbe500/ros2_ws/install/scara_description/share/scara_description/launch
[0.101s] -- Up-to-date: /home/tracy/rbe500/ros2_ws/install/scara_description/share/scara_description/launch/scara.launch.py
[0.101s] -- Up-to-date: /home/tracy/rbe500/ros2_ws/install/scara_description/share/ament_index/resource_index/package_run_dependencies/scara_description
[0.101s] -- Up-to-date: /home/tracy/rbe500/ros2_ws/install/scara_description/share/ament_index/resource_index/parent_prefix_path/scara_description
[0.102s] -- Up-to-date: /home/tracy/rbe500/ros2_ws/install/scara_description/share/scara_description/environment/ament_prefix_path.sh
[0.102s] -- Up-to-date: /home/tracy/rbe500/ros2_ws/install/scara_description/share/scara_description/environment/ament_prefix_path.dsv
[0.102s] -- Up-to-date: /home/tracy/rbe500/ros2_ws/install/scara_description/share/scara_description/environment/path.sh
[0.102s] -- Up-to-date: /home/tracy/rbe500/ros2_ws/install/scara_description/share/scara_description/environment/path.dsv
[0.102s] -- Up-to-date: /home/tracy/rbe500/ros2_ws/install/scara_description/share/scara_description/local_setup.bash
[0.102s] -- Up-to-date: /home/tracy/rbe500/ros2_ws/install/scara_description/share/scara_description/local_setup.sh
[0.102s] -- Up-to-date: /home/tracy/rbe500/ros2_ws/install/scara_description/share/scara_description/local_setup.zsh
[0.102s] -- Up-to-date: /home/tracy/rbe500/ros2_ws/install/scara_description/share/scara_description/local_setup.dsv
[0.102s] -- Installing: /home/tracy/rbe500/ros2_ws/install/scara_description/share/scara_description/package.dsv
[0.103s] -- Up-to-date: /home/tracy/rbe500/ros2_ws/install/scara_description/share/ament_index/resource_index/packages/scara_description
[0.103s] -- Up-to-date: /home/tracy/rbe500/ros2_ws/install/scara_description/share/scara_description/cmake/scara_descriptionConfig.cmake
[0.103s] -- Up-to-date: /home/tracy/rbe500/ros2_ws/install/scara_description/share/scara_description/cmake/scara_descriptionConfig-version.cmake
[0.103s] -- Up-to-date: /home/tracy/rbe500/ros2_ws/install/scara_description/share/scara_description/package.xml
[0.105s] Invoked command in '/home/tracy/rbe500/ros2_ws/build/scara_description' returned '0': CMAKE_PREFIX_PATH=${CMAKE_PREFIX_PATH}:/home/tracy/rbe500/ros2_ws/install/scara_ik_node:/home/tracy/rbe500/ros2_ws/install/scara_fk:/home/tracy/rbe500/ros2_ws/install/rbe500_hw1:/home/tracy/rbe500/ros2_ws/install/quat_to_euler:/home/tracy/rbe500/ros2_ws/install/irb1400_fk:/opt/ros/jazzy /usr/bin/cmake --install /home/tracy/rbe500/ros2_ws/build/scara_description
