running egg_info
creating ../../build/rbe500_hw1/rbe500_hw1.egg-info
writing ../../build/rbe500_hw1/rbe500_hw1.egg-info/PKG-INFO
writing dependency_links to ../../build/rbe500_hw1/rbe500_hw1.egg-info/dependency_links.txt
writing entry points to ../../build/rbe500_hw1/rbe500_hw1.egg-info/entry_points.txt
writing requirements to ../../build/rbe500_hw1/rbe500_hw1.egg-info/requires.txt
writing top-level names to ../../build/rbe500_hw1/rbe500_hw1.egg-info/top_level.txt
writing manifest file '../../build/rbe500_hw1/rbe500_hw1.egg-info/SOURCES.txt'
reading manifest file '../../build/rbe500_hw1/rbe500_hw1.egg-info/SOURCES.txt'
writing manifest file '../../build/rbe500_hw1/rbe500_hw1.egg-info/SOURCES.txt'
running build
running build_py
creating /home/tracy/ros2_ws/build/rbe500_hw1/build
creating /home/tracy/ros2_ws/build/rbe500_hw1/build/lib
creating /home/tracy/ros2_ws/build/rbe500_hw1/build/lib/rbe500_hw1
copying rbe500_hw1/subscriber.py -> /home/tracy/ros2_ws/build/rbe500_hw1/build/lib/rbe500_hw1
copying rbe500_hw1/publisher.py -> /home/tracy/ros2_ws/build/rbe500_hw1/build/lib/rbe500_hw1
copying rbe500_hw1/__init__.py -> /home/tracy/ros2_ws/build/rbe500_hw1/build/lib/rbe500_hw1
running install
running install_lib
creating /home/tracy/ros2_ws/install/rbe500_hw1/lib/python3.12/site-packages/rbe500_hw1
copying /home/tracy/ros2_ws/build/rbe500_hw1/build/lib/rbe500_hw1/subscriber.py -> /home/tracy/ros2_ws/install/rbe500_hw1/lib/python3.12/site-packages/rbe500_hw1
copying /home/tracy/ros2_ws/build/rbe500_hw1/build/lib/rbe500_hw1/publisher.py -> /home/tracy/ros2_ws/install/rbe500_hw1/lib/python3.12/site-packages/rbe500_hw1
copying /home/tracy/ros2_ws/build/rbe500_hw1/build/lib/rbe500_hw1/__init__.py -> /home/tracy/ros2_ws/install/rbe500_hw1/lib/python3.12/site-packages/rbe500_hw1
byte-compiling /home/tracy/ros2_ws/install/rbe500_hw1/lib/python3.12/site-packages/rbe500_hw1/subscriber.py to subscriber.cpython-312.pyc
byte-compiling /home/tracy/ros2_ws/install/rbe500_hw1/lib/python3.12/site-packages/rbe500_hw1/publisher.py to publisher.cpython-312.pyc
byte-compiling /home/tracy/ros2_ws/install/rbe500_hw1/lib/python3.12/site-packages/rbe500_hw1/__init__.py to __init__.cpython-312.pyc
running install_data
creating /home/tracy/ros2_ws/install/rbe500_hw1/share/ament_index
creating /home/tracy/ros2_ws/install/rbe500_hw1/share/ament_index/resource_index
creating /home/tracy/ros2_ws/install/rbe500_hw1/share/ament_index/resource_index/packages
copying resource/rbe500_hw1 -> /home/tracy/ros2_ws/install/rbe500_hw1/share/ament_index/resource_index/packages
copying package.xml -> /home/tracy/ros2_ws/install/rbe500_hw1/share/rbe500_hw1
running install_egg_info
Copying ../../build/rbe500_hw1/rbe500_hw1.egg-info to /home/tracy/ros2_ws/install/rbe500_hw1/lib/python3.12/site-packages/rbe500_hw1-0.0.0-py3.12.egg-info
running install_scripts
Installing publisher script to /home/tracy/ros2_ws/install/rbe500_hw1/lib/rbe500_hw1
Installing subscriber script to /home/tracy/ros2_ws/install/rbe500_hw1/lib/rbe500_hw1
writing list of installed files to '/home/tracy/ros2_ws/build/rbe500_hw1/install.log'
