[0.629s] Invoking command in '/home/tracy/ros2_ws/src/rbe500_hw1': PYTHONPATH=/home/tracy/ros2_ws/build/rbe500_hw1/prefix_override:/usr/lib/python3/dist-packages/colcon_core/task/python/colcon_distutils_commands:/home/tracy/ros2_ws/install/rbe500_hw1/lib/python3.12/site-packages:${PYTHONPATH} /usr/bin/python3 -W ignore:setup.py install is deprecated -W ignore:easy_install command is deprecated setup.py egg_info --egg-base ../../build/rbe500_hw1 build --build-base /home/tracy/ros2_ws/build/rbe500_hw1/build install --record /home/tracy/ros2_ws/build/rbe500_hw1/install.log --single-version-externally-managed install_data
[0.832s] running egg_info
[0.833s] creating ../../build/rbe500_hw1/rbe500_hw1.egg-info
[0.848s] writing ../../build/rbe500_hw1/rbe500_hw1.egg-info/PKG-INFO
[0.848s] writing dependency_links to ../../build/rbe500_hw1/rbe500_hw1.egg-info/dependency_links.txt
[0.848s] writing entry points to ../../build/rbe500_hw1/rbe500_hw1.egg-info/entry_points.txt
[0.849s] writing requirements to ../../build/rbe500_hw1/rbe500_hw1.egg-info/requires.txt
[0.849s] writing top-level names to ../../build/rbe500_hw1/rbe500_hw1.egg-info/top_level.txt
[0.849s] writing manifest file '../../build/rbe500_hw1/rbe500_hw1.egg-info/SOURCES.txt'
[0.881s] reading manifest file '../../build/rbe500_hw1/rbe500_hw1.egg-info/SOURCES.txt'
[0.881s] writing manifest file '../../build/rbe500_hw1/rbe500_hw1.egg-info/SOURCES.txt'
[0.882s] running build
[0.882s] running build_py
[0.882s] creating /home/tracy/ros2_ws/build/rbe500_hw1/build
[0.882s] creating /home/tracy/ros2_ws/build/rbe500_hw1/build/lib
[0.882s] creating /home/tracy/ros2_ws/build/rbe500_hw1/build/lib/rbe500_hw1
[0.883s] copying rbe500_hw1/subscriber.py -> /home/tracy/ros2_ws/build/rbe500_hw1/build/lib/rbe500_hw1
[0.883s] copying rbe500_hw1/publisher.py -> /home/tracy/ros2_ws/build/rbe500_hw1/build/lib/rbe500_hw1
[0.883s] copying rbe500_hw1/__init__.py -> /home/tracy/ros2_ws/build/rbe500_hw1/build/lib/rbe500_hw1
[0.883s] running install
[0.887s] running install_lib
[0.903s] creating /home/tracy/ros2_ws/install/rbe500_hw1/lib/python3.12/site-packages/rbe500_hw1
[0.903s] copying /home/tracy/ros2_ws/build/rbe500_hw1/build/lib/rbe500_hw1/subscriber.py -> /home/tracy/ros2_ws/install/rbe500_hw1/lib/python3.12/site-packages/rbe500_hw1
[0.904s] copying /home/tracy/ros2_ws/build/rbe500_hw1/build/lib/rbe500_hw1/publisher.py -> /home/tracy/ros2_ws/install/rbe500_hw1/lib/python3.12/site-packages/rbe500_hw1
[0.904s] copying /home/tracy/ros2_ws/build/rbe500_hw1/build/lib/rbe500_hw1/__init__.py -> /home/tracy/ros2_ws/install/rbe500_hw1/lib/python3.12/site-packages/rbe500_hw1
[0.904s] byte-compiling /home/tracy/ros2_ws/install/rbe500_hw1/lib/python3.12/site-packages/rbe500_hw1/subscriber.py to subscriber.cpython-312.pyc
[0.905s] byte-compiling /home/tracy/ros2_ws/install/rbe500_hw1/lib/python3.12/site-packages/rbe500_hw1/publisher.py to publisher.cpython-312.pyc
[0.905s] byte-compiling /home/tracy/ros2_ws/install/rbe500_hw1/lib/python3.12/site-packages/rbe500_hw1/__init__.py to __init__.cpython-312.pyc
[0.905s] running install_data
[0.905s] creating /home/tracy/ros2_ws/install/rbe500_hw1/share/ament_index
[0.905s] creating /home/tracy/ros2_ws/install/rbe500_hw1/share/ament_index/resource_index
[0.906s] creating /home/tracy/ros2_ws/install/rbe500_hw1/share/ament_index/resource_index/packages
[0.906s] copying resource/rbe500_hw1 -> /home/tracy/ros2_ws/install/rbe500_hw1/share/ament_index/resource_index/packages
[0.906s] copying package.xml -> /home/tracy/ros2_ws/install/rbe500_hw1/share/rbe500_hw1
[0.906s] running install_egg_info
[0.924s] Copying ../../build/rbe500_hw1/rbe500_hw1.egg-info to /home/tracy/ros2_ws/install/rbe500_hw1/lib/python3.12/site-packages/rbe500_hw1-0.0.0-py3.12.egg-info
[0.925s] running install_scripts
[1.026s] Installing publisher script to /home/tracy/ros2_ws/install/rbe500_hw1/lib/rbe500_hw1
[1.026s] Installing subscriber script to /home/tracy/ros2_ws/install/rbe500_hw1/lib/rbe500_hw1
[1.026s] writing list of installed files to '/home/tracy/ros2_ws/build/rbe500_hw1/install.log'
[1.056s] Invoked command in '/home/tracy/ros2_ws/src/rbe500_hw1' returned '0': PYTHONPATH=/home/tracy/ros2_ws/build/rbe500_hw1/prefix_override:/usr/lib/python3/dist-packages/colcon_core/task/python/colcon_distutils_commands:/home/tracy/ros2_ws/install/rbe500_hw1/lib/python3.12/site-packages:${PYTHONPATH} /usr/bin/python3 -W ignore:setup.py install is deprecated -W ignore:easy_install command is deprecated setup.py egg_info --egg-base ../../build/rbe500_hw1 build --build-base /home/tracy/ros2_ws/build/rbe500_hw1/build install --record /home/tracy/ros2_ws/build/rbe500_hw1/install.log --single-version-externally-managed install_data
