running egg_info
creating ../../build/scara_ik_node/scara_ik_node.egg-info
writing ../../build/scara_ik_node/scara_ik_node.egg-info/PKG-INFO
writing dependency_links to ../../build/scara_ik_node/scara_ik_node.egg-info/dependency_links.txt
writing entry points to ../../build/scara_ik_node/scara_ik_node.egg-info/entry_points.txt
writing requirements to ../../build/scara_ik_node/scara_ik_node.egg-info/requires.txt
writing top-level names to ../../build/scara_ik_node/scara_ik_node.egg-info/top_level.txt
writing manifest file '../../build/scara_ik_node/scara_ik_node.egg-info/SOURCES.txt'
reading manifest file '../../build/scara_ik_node/scara_ik_node.egg-info/SOURCES.txt'
writing manifest file '../../build/scara_ik_node/scara_ik_node.egg-info/SOURCES.txt'
running build
running build_py
creating /home/tracy/rbe500/ros2_ws/build/scara_ik_node/build
creating /home/tracy/rbe500/ros2_ws/build/scara_ik_node/build/lib
creating /home/tracy/rbe500/ros2_ws/build/scara_ik_node/build/lib/scara_ik_node
copying scara_ik_node/ik_node.py -> /home/tracy/rbe500/ros2_ws/build/scara_ik_node/build/lib/scara_ik_node
copying scara_ik_node/__init__.py -> /home/tracy/rbe500/ros2_ws/build/scara_ik_node/build/lib/scara_ik_node
running install
running install_lib
creating /home/tracy/rbe500/ros2_ws/install/scara_ik_node/lib/python3.12/site-packages/scara_ik_node
copying /home/tracy/rbe500/ros2_ws/build/scara_ik_node/build/lib/scara_ik_node/ik_node.py -> /home/tracy/rbe500/ros2_ws/install/scara_ik_node/lib/python3.12/site-packages/scara_ik_node
copying /home/tracy/rbe500/ros2_ws/build/scara_ik_node/build/lib/scara_ik_node/__init__.py -> /home/tracy/rbe500/ros2_ws/install/scara_ik_node/lib/python3.12/site-packages/scara_ik_node
byte-compiling /home/tracy/rbe500/ros2_ws/install/scara_ik_node/lib/python3.12/site-packages/scara_ik_node/ik_node.py to ik_node.cpython-312.pyc
byte-compiling /home/tracy/rbe500/ros2_ws/install/scara_ik_node/lib/python3.12/site-packages/scara_ik_node/__init__.py to __init__.cpython-312.pyc
running install_data
creating /home/tracy/rbe500/ros2_ws/install/scara_ik_node/share/ament_index
creating /home/tracy/rbe500/ros2_ws/install/scara_ik_node/share/ament_index/resource_index
creating /home/tracy/rbe500/ros2_ws/install/scara_ik_node/share/ament_index/resource_index/packages
copying resource/scara_ik_node -> /home/tracy/rbe500/ros2_ws/install/scara_ik_node/share/ament_index/resource_index/packages
copying package.xml -> /home/tracy/rbe500/ros2_ws/install/scara_ik_node/share/scara_ik_node
running install_egg_info
Copying ../../build/scara_ik_node/scara_ik_node.egg-info to /home/tracy/rbe500/ros2_ws/install/scara_ik_node/lib/python3.12/site-packages/scara_ik_node-0.0.0-py3.12.egg-info
running install_scripts
Installing ik_node script to /home/tracy/rbe500/ros2_ws/install/scara_ik_node/lib/scara_ik_node
writing list of installed files to '/home/tracy/rbe500/ros2_ws/build/scara_ik_node/install.log'
