[2.380s] Invoking command in '/home/tracy/rbe500/ros2_ws/src/scara_ik_node': PYTHONPATH=/home/tracy/rbe500/ros2_ws/build/scara_ik_node/prefix_override:/usr/lib/python3/dist-packages/colcon_core/task/python/colcon_distutils_commands:/home/tracy/rbe500/ros2_ws/install/scara_ik_node/lib/python3.12/site-packages:${PYTHONPATH} /usr/bin/python3 -W ignore:setup.py install is deprecated -W ignore:easy_install command is deprecated setup.py egg_info --egg-base ../../build/scara_ik_node build --build-base /home/tracy/rbe500/ros2_ws/build/scara_ik_node/build install --record /home/tracy/rbe500/ros2_ws/build/scara_ik_node/install.log --single-version-externally-managed install_data
[2.892s] running egg_info
[2.892s] creating ../../build/scara_ik_node/scara_ik_node.egg-info
[2.939s] writing ../../build/scara_ik_node/scara_ik_node.egg-info/PKG-INFO
[2.939s] writing dependency_links to ../../build/scara_ik_node/scara_ik_node.egg-info/dependency_links.txt
[2.940s] writing entry points to ../../build/scara_ik_node/scara_ik_node.egg-info/entry_points.txt
[2.940s] writing requirements to ../../build/scara_ik_node/scara_ik_node.egg-info/requires.txt
[2.941s] writing top-level names to ../../build/scara_ik_node/scara_ik_node.egg-info/top_level.txt
[2.941s] writing manifest file '../../build/scara_ik_node/scara_ik_node.egg-info/SOURCES.txt'
[3.031s] reading manifest file '../../build/scara_ik_node/scara_ik_node.egg-info/SOURCES.txt'
[3.035s] writing manifest file '../../build/scara_ik_node/scara_ik_node.egg-info/SOURCES.txt'
[3.036s] running build
[3.036s] running build_py
[3.036s] creating /home/tracy/rbe500/ros2_ws/build/scara_ik_node/build
[3.036s] creating /home/tracy/rbe500/ros2_ws/build/scara_ik_node/build/lib
[3.037s] creating /home/tracy/rbe500/ros2_ws/build/scara_ik_node/build/lib/scara_ik_node
[3.037s] copying scara_ik_node/ik_node.py -> /home/tracy/rbe500/ros2_ws/build/scara_ik_node/build/lib/scara_ik_node
[3.038s] copying scara_ik_node/__init__.py -> /home/tracy/rbe500/ros2_ws/build/scara_ik_node/build/lib/scara_ik_node
[3.038s] running install
[3.050s] running install_lib
[3.097s] creating /home/tracy/rbe500/ros2_ws/install/scara_ik_node/lib/python3.12/site-packages/scara_ik_node
[3.098s] copying /home/tracy/rbe500/ros2_ws/build/scara_ik_node/build/lib/scara_ik_node/ik_node.py -> /home/tracy/rbe500/ros2_ws/install/scara_ik_node/lib/python3.12/site-packages/scara_ik_node
[3.099s] copying /home/tracy/rbe500/ros2_ws/build/scara_ik_node/build/lib/scara_ik_node/__init__.py -> /home/tracy/rbe500/ros2_ws/install/scara_ik_node/lib/python3.12/site-packages/scara_ik_node
[3.101s] byte-compiling /home/tracy/rbe500/ros2_ws/install/scara_ik_node/lib/python3.12/site-packages/scara_ik_node/ik_node.py to ik_node.cpython-312.pyc
[3.104s] byte-compiling /home/tracy/rbe500/ros2_ws/install/scara_ik_node/lib/python3.12/site-packages/scara_ik_node/__init__.py to __init__.cpython-312.pyc
[3.104s] running install_data
[3.104s] creating /home/tracy/rbe500/ros2_ws/install/scara_ik_node/share/ament_index
[3.105s] creating /home/tracy/rbe500/ros2_ws/install/scara_ik_node/share/ament_index/resource_index
[3.105s] creating /home/tracy/rbe500/ros2_ws/install/scara_ik_node/share/ament_index/resource_index/packages
[3.106s] copying resource/scara_ik_node -> /home/tracy/rbe500/ros2_ws/install/scara_ik_node/share/ament_index/resource_index/packages
[3.106s] copying package.xml -> /home/tracy/rbe500/ros2_ws/install/scara_ik_node/share/scara_ik_node
[3.106s] running install_egg_info
[3.150s] Copying ../../build/scara_ik_node/scara_ik_node.egg-info to /home/tracy/rbe500/ros2_ws/install/scara_ik_node/lib/python3.12/site-packages/scara_ik_node-0.0.0-py3.12.egg-info
[3.153s] running install_scripts
[3.441s] Installing ik_node script to /home/tracy/rbe500/ros2_ws/install/scara_ik_node/lib/scara_ik_node
[3.443s] writing list of installed files to '/home/tracy/rbe500/ros2_ws/build/scara_ik_node/install.log'
[3.582s] Invoked command in '/home/tracy/rbe500/ros2_ws/src/scara_ik_node' returned '0': PYTHONPATH=/home/tracy/rbe500/ros2_ws/build/scara_ik_node/prefix_override:/usr/lib/python3/dist-packages/colcon_core/task/python/colcon_distutils_commands:/home/tracy/rbe500/ros2_ws/install/scara_ik_node/lib/python3.12/site-packages:${PYTHONPATH} /usr/bin/python3 -W ignore:setup.py install is deprecated -W ignore:easy_install command is deprecated setup.py egg_info --egg-base ../../build/scara_ik_node build --build-base /home/tracy/rbe500/ros2_ws/build/scara_ik_node/build install --record /home/tracy/rbe500/ros2_ws/build/scara_ik_node/install.log --single-version-externally-managed install_data
