[0.236s] DEBUG:colcon:Command line arguments: ['/usr/bin/colcon', 'build', '--packages-select', 'irb1400_fk']
[0.237s] DEBUG:colcon:Parsed command line arguments: Namespace(log_base=None, log_level=None, verb_name='build', build_base='build', install_base='install', merge_install=False, symlink_install=False, test_result_base=None, continue_on_error=False, executor='parallel', parallel_workers=16, event_handlers=None, ignore_user_meta=False, metas=['./colcon.meta'], base_paths=['.'], packages_ignore=None, packages_ignore_regex=None, paths=None, packages_up_to=None, packages_up_to_regex=None, packages_above=None, packages_above_and_dependencies=None, packages_above_depth=None, packages_select_by_dep=None, packages_skip_by_dep=None, packages_skip_up_to=None, packages_select_build_failed=False, packages_skip_build_finished=False, packages_select_test_failures=False, packages_skip_test_passed=False, packages_select=['irb1400_fk'], packages_skip=None, packages_select_regex=None, packages_skip_regex=None, packages_start=None, packages_end=None, allow_overriding=[], cmake_args=None, cmake_target=None, cmake_target_skip_unavailable=False, cmake_clean_cache=False, cmake_clean_first=False, cmake_force_configure=False, ament_cmake_args=None, catkin_cmake_args=None, catkin_skip_building_tests=False, mixin_files=None, mixin=None, verb_parser=<colcon_mixin.mixin.mixin_argument.MixinArgumentDecorator object at 0x7f6dca598e90>, verb_extension=<colcon_core.verb.build.BuildVerb object at 0x7f6dca598b30>, main=<bound method BuildVerb.main of <colcon_core.verb.build.BuildVerb object at 0x7f6dca598b30>>, mixin_verb=('build',))
[0.266s] Level 1:colcon.colcon_core.package_discovery:discover_packages(colcon_meta) check parameters
[0.266s] Level 1:colcon.colcon_core.package_discovery:discover_packages(recursive) check parameters
[0.266s] Level 1:colcon.colcon_core.package_discovery:discover_packages(ignore) check parameters
[0.266s] Level 1:colcon.colcon_core.package_discovery:discover_packages(path) check parameters
[0.266s] Level 1:colcon.colcon_core.package_discovery:discover_packages(colcon_meta) discover
[0.266s] Level 1:colcon.colcon_core.package_discovery:discover_packages(recursive) discover
[0.266s] INFO:colcon.colcon_core.package_discovery:Crawling recursively for packages in '/home/tracy/rbe500/ros2_ws'
[0.266s] Level 1:colcon.colcon_core.package_identification:_identify(.) by extensions ['ignore', 'ignore_ament_install']
[0.266s] Level 1:colcon.colcon_core.package_identification:_identify(.) by extension 'ignore'
[0.266s] Level 1:colcon.colcon_core.package_identification:_identify(.) by extension 'ignore_ament_install'
[0.267s] Level 1:colcon.colcon_core.package_identification:_identify(.) by extensions ['colcon_pkg']
[0.267s] Level 1:colcon.colcon_core.package_identification:_identify(.) by extension 'colcon_pkg'
[0.267s] Level 1:colcon.colcon_core.package_identification:_identify(.) by extensions ['colcon_meta']
[0.267s] Level 1:colcon.colcon_core.package_identification:_identify(.) by extension 'colcon_meta'
[0.267s] Level 1:colcon.colcon_core.package_identification:_identify(.) by extensions ['ros']
[0.267s] Level 1:colcon.colcon_core.package_identification:_identify(.) by extension 'ros'
[0.286s] Level 1:colcon.colcon_core.package_identification:_identify(.) by extensions ['cmake', 'python']
[0.286s] Level 1:colcon.colcon_core.package_identification:_identify(.) by extension 'cmake'
[0.287s] Level 1:colcon.colcon_core.package_identification:_identify(.) by extension 'python'
[0.287s] Level 1:colcon.colcon_core.package_identification:_identify(.) by extensions ['python_setup_py']
[0.287s] Level 1:colcon.colcon_core.package_identification:_identify(.) by extension 'python_setup_py'
[0.287s] Level 1:colcon.colcon_core.package_identification:_identify(build) by extensions ['ignore', 'ignore_ament_install']
[0.287s] Level 1:colcon.colcon_core.package_identification:_identify(build) by extension 'ignore'
[0.287s] Level 1:colcon.colcon_core.package_identification:_identify(build) ignored
[0.287s] Level 1:colcon.colcon_core.package_identification:_identify(install) by extensions ['ignore', 'ignore_ament_install']
[0.287s] Level 1:colcon.colcon_core.package_identification:_identify(install) by extension 'ignore'
[0.287s] Level 1:colcon.colcon_core.package_identification:_identify(install) ignored
[0.287s] Level 1:colcon.colcon_core.package_identification:_identify(log) by extensions ['ignore', 'ignore_ament_install']
[0.287s] Level 1:colcon.colcon_core.package_identification:_identify(log) by extension 'ignore'
[0.288s] Level 1:colcon.colcon_core.package_identification:_identify(log) ignored
[0.288s] Level 1:colcon.colcon_core.package_identification:_identify(src) by extensions ['ignore', 'ignore_ament_install']
[0.288s] Level 1:colcon.colcon_core.package_identification:_identify(src) by extension 'ignore'
[0.288s] Level 1:colcon.colcon_core.package_identification:_identify(src) by extension 'ignore_ament_install'
[0.288s] Level 1:colcon.colcon_core.package_identification:_identify(src) by extensions ['colcon_pkg']
[0.288s] Level 1:colcon.colcon_core.package_identification:_identify(src) by extension 'colcon_pkg'
[0.288s] Level 1:colcon.colcon_core.package_identification:_identify(src) by extensions ['colcon_meta']
[0.288s] Level 1:colcon.colcon_core.package_identification:_identify(src) by extension 'colcon_meta'
[0.288s] Level 1:colcon.colcon_core.package_identification:_identify(src) by extensions ['ros']
[0.288s] Level 1:colcon.colcon_core.package_identification:_identify(src) by extension 'ros'
[0.288s] Level 1:colcon.colcon_core.package_identification:_identify(src) by extensions ['cmake', 'python']
[0.288s] Level 1:colcon.colcon_core.package_identification:_identify(src) by extension 'cmake'
[0.288s] Level 1:colcon.colcon_core.package_identification:_identify(src) by extension 'python'
[0.289s] Level 1:colcon.colcon_core.package_identification:_identify(src) by extensions ['python_setup_py']
[0.289s] Level 1:colcon.colcon_core.package_identification:_identify(src) by extension 'python_setup_py'
[0.289s] Level 1:colcon.colcon_core.package_identification:_identify(src/irb1400_fk) by extensions ['ignore', 'ignore_ament_install']
[0.289s] Level 1:colcon.colcon_core.package_identification:_identify(src/irb1400_fk) by extension 'ignore'
[0.289s] Level 1:colcon.colcon_core.package_identification:_identify(src/irb1400_fk) by extension 'ignore_ament_install'
[0.289s] Level 1:colcon.colcon_core.package_identification:_identify(src/irb1400_fk) by extensions ['colcon_pkg']
[0.289s] Level 1:colcon.colcon_core.package_identification:_identify(src/irb1400_fk) by extension 'colcon_pkg'
[0.289s] Level 1:colcon.colcon_core.package_identification:_identify(src/irb1400_fk) by extensions ['colcon_meta']
[0.289s] Level 1:colcon.colcon_core.package_identification:_identify(src/irb1400_fk) by extension 'colcon_meta'
[0.289s] Level 1:colcon.colcon_core.package_identification:_identify(src/irb1400_fk) by extensions ['ros']
[0.289s] Level 1:colcon.colcon_core.package_identification:_identify(src/irb1400_fk) by extension 'ros'
[0.292s] DEBUG:colcon.colcon_core.package_identification:Package 'src/irb1400_fk' with type 'ros.ament_python' and name 'irb1400_fk'
[0.292s] Level 1:colcon.colcon_core.package_identification:_identify(src/quat_to_euler) by extensions ['ignore', 'ignore_ament_install']
[0.292s] Level 1:colcon.colcon_core.package_identification:_identify(src/quat_to_euler) by extension 'ignore'
[0.293s] Level 1:colcon.colcon_core.package_identification:_identify(src/quat_to_euler) by extension 'ignore_ament_install'
[0.293s] Level 1:colcon.colcon_core.package_identification:_identify(src/quat_to_euler) by extensions ['colcon_pkg']
[0.293s] Level 1:colcon.colcon_core.package_identification:_identify(src/quat_to_euler) by extension 'colcon_pkg'
[0.293s] Level 1:colcon.colcon_core.package_identification:_identify(src/quat_to_euler) by extensions ['colcon_meta']
[0.293s] Level 1:colcon.colcon_core.package_identification:_identify(src/quat_to_euler) by extension 'colcon_meta'
[0.293s] Level 1:colcon.colcon_core.package_identification:_identify(src/quat_to_euler) by extensions ['ros']
[0.293s] Level 1:colcon.colcon_core.package_identification:_identify(src/quat_to_euler) by extension 'ros'
[0.294s] DEBUG:colcon.colcon_core.package_identification:Package 'src/quat_to_euler' with type 'ros.ament_python' and name 'quat_to_euler'
[0.294s] Level 1:colcon.colcon_core.package_identification:_identify(src/rbe500_hw1) by extensions ['ignore', 'ignore_ament_install']
[0.294s] Level 1:colcon.colcon_core.package_identification:_identify(src/rbe500_hw1) by extension 'ignore'
[0.294s] Level 1:colcon.colcon_core.package_identification:_identify(src/rbe500_hw1) by extension 'ignore_ament_install'
[0.294s] Level 1:colcon.colcon_core.package_identification:_identify(src/rbe500_hw1) by extensions ['colcon_pkg']
[0.294s] Level 1:colcon.colcon_core.package_identification:_identify(src/rbe500_hw1) by extension 'colcon_pkg'
[0.294s] Level 1:colcon.colcon_core.package_identification:_identify(src/rbe500_hw1) by extensions ['colcon_meta']
[0.294s] Level 1:colcon.colcon_core.package_identification:_identify(src/rbe500_hw1) by extension 'colcon_meta'
[0.294s] Level 1:colcon.colcon_core.package_identification:_identify(src/rbe500_hw1) by extensions ['ros']
[0.294s] Level 1:colcon.colcon_core.package_identification:_identify(src/rbe500_hw1) by extension 'ros'
[0.295s] DEBUG:colcon.colcon_core.package_identification:Package 'src/rbe500_hw1' with type 'ros.ament_python' and name 'rbe500_hw1'
[0.295s] Level 1:colcon.colcon_core.package_discovery:discover_packages(recursive) using defaults
[0.295s] Level 1:colcon.colcon_core.package_discovery:discover_packages(ignore) discover
[0.295s] Level 1:colcon.colcon_core.package_discovery:discover_packages(ignore) using defaults
[0.295s] Level 1:colcon.colcon_core.package_discovery:discover_packages(path) discover
[0.295s] Level 1:colcon.colcon_core.package_discovery:discover_packages(path) using defaults
[0.310s] INFO:colcon.colcon_core.package_selection:Skipping not selected package 'quat_to_euler' in 'src/quat_to_euler'
[0.310s] INFO:colcon.colcon_core.package_selection:Skipping not selected package 'rbe500_hw1' in 'src/rbe500_hw1'
[0.311s] Level 1:colcon.colcon_core.package_discovery:discover_packages(prefix_path) check parameters
[0.311s] Level 1:colcon.colcon_core.package_discovery:discover_packages(prefix_path) discover
[0.312s] DEBUG:colcon.colcon_installed_package_information.package_discovery:Found 0 installed packages in /home/tracy/rbe500/ros2_ws/src/irb1400_fk/irb1400_fk/install
[0.313s] DEBUG:colcon.colcon_installed_package_information.package_discovery:Found 287 installed packages in /opt/ros/jazzy
[0.314s] Level 1:colcon.colcon_core.package_discovery:discover_packages(prefix_path) using defaults
[0.346s] Level 5:colcon.colcon_core.verb:set package 'irb1400_fk' build argument 'cmake_args' from command line to 'None'
[0.346s] Level 5:colcon.colcon_core.verb:set package 'irb1400_fk' build argument 'cmake_target' from command line to 'None'
[0.347s] Level 5:colcon.colcon_core.verb:set package 'irb1400_fk' build argument 'cmake_target_skip_unavailable' from command line to 'False'
[0.347s] Level 5:colcon.colcon_core.verb:set package 'irb1400_fk' build argument 'cmake_clean_cache' from command line to 'False'
[0.347s] Level 5:colcon.colcon_core.verb:set package 'irb1400_fk' build argument 'cmake_clean_first' from command line to 'False'
[0.347s] Level 5:colcon.colcon_core.verb:set package 'irb1400_fk' build argument 'cmake_force_configure' from command line to 'False'
[0.347s] Level 5:colcon.colcon_core.verb:set package 'irb1400_fk' build argument 'ament_cmake_args' from command line to 'None'
[0.347s] Level 5:colcon.colcon_core.verb:set package 'irb1400_fk' build argument 'catkin_cmake_args' from command line to 'None'
[0.347s] Level 5:colcon.colcon_core.verb:set package 'irb1400_fk' build argument 'catkin_skip_building_tests' from command line to 'False'
[0.347s] DEBUG:colcon.colcon_core.verb:Building package 'irb1400_fk' with the following arguments: {'ament_cmake_args': None, 'build_base': '/home/tracy/rbe500/ros2_ws/build/irb1400_fk', 'catkin_cmake_args': None, 'catkin_skip_building_tests': False, 'cmake_args': None, 'cmake_clean_cache': False, 'cmake_clean_first': False, 'cmake_force_configure': False, 'cmake_target': None, 'cmake_target_skip_unavailable': False, 'install_base': '/home/tracy/rbe500/ros2_ws/install/irb1400_fk', 'merge_install': False, 'path': '/home/tracy/rbe500/ros2_ws/src/irb1400_fk', 'symlink_install': False, 'test_result_base': None}
[0.347s] INFO:colcon.colcon_core.executor:Executing jobs using 'parallel' executor
[0.348s] DEBUG:colcon.colcon_parallel_executor.executor.parallel:run_until_complete
[0.348s] INFO:colcon.colcon_ros.task.ament_python.build:Building ROS package in '/home/tracy/rbe500/ros2_ws/src/irb1400_fk' with build type 'ament_python'
[0.348s] Level 1:colcon.colcon_core.shell:create_environment_hook('irb1400_fk', 'ament_prefix_path')
[0.350s] INFO:colcon.colcon_core.plugin_system:Skipping extension 'colcon_core.shell.bat': Not used on non-Windows systems
[0.351s] INFO:colcon.colcon_core.shell:Creating environment hook '/home/tracy/rbe500/ros2_ws/install/irb1400_fk/share/irb1400_fk/hook/ament_prefix_path.ps1'
[0.353s] INFO:colcon.colcon_core.shell:Creating environment descriptor '/home/tracy/rbe500/ros2_ws/install/irb1400_fk/share/irb1400_fk/hook/ament_prefix_path.dsv'
[0.353s] INFO:colcon.colcon_core.shell:Creating environment hook '/home/tracy/rbe500/ros2_ws/install/irb1400_fk/share/irb1400_fk/hook/ament_prefix_path.sh'
[0.354s] INFO:colcon.colcon_core.shell:Skip shell extension 'powershell' for command environment: Not usable outside of PowerShell
[0.354s] DEBUG:colcon.colcon_core.shell:Skip shell extension 'dsv' for command environment
[0.553s] INFO:colcon.colcon_core.task.python.build:Building Python package in '/home/tracy/rbe500/ros2_ws/src/irb1400_fk'
[0.553s] INFO:colcon.colcon_core.shell:Skip shell extension 'powershell' for command environment: Not usable outside of PowerShell
[0.554s] DEBUG:colcon.colcon_core.shell:Skip shell extension 'dsv' for command environment
[1.287s] DEBUG:colcon.colcon_core.event_handler.log_command:Invoking command in '/home/tracy/rbe500/ros2_ws/src/irb1400_fk': PYTHONPATH=/home/tracy/rbe500/ros2_ws/build/irb1400_fk/prefix_override:/usr/lib/python3/dist-packages/colcon_core/task/python/colcon_distutils_commands:/home/tracy/rbe500/ros2_ws/install/irb1400_fk/lib/python3.12/site-packages:${PYTHONPATH} /usr/bin/python3 -W ignore:setup.py install is deprecated -W ignore:easy_install command is deprecated setup.py egg_info --egg-base ../../build/irb1400_fk build --build-base /home/tracy/rbe500/ros2_ws/build/irb1400_fk/build install --record /home/tracy/rbe500/ros2_ws/build/irb1400_fk/install.log --single-version-externally-managed install_data
[1.755s] DEBUG:colcon.colcon_core.event_handler.log_command:Invoked command in '/home/tracy/rbe500/ros2_ws/src/irb1400_fk' returned '0': PYTHONPATH=/home/tracy/rbe500/ros2_ws/build/irb1400_fk/prefix_override:/usr/lib/python3/dist-packages/colcon_core/task/python/colcon_distutils_commands:/home/tracy/rbe500/ros2_ws/install/irb1400_fk/lib/python3.12/site-packages:${PYTHONPATH} /usr/bin/python3 -W ignore:setup.py install is deprecated -W ignore:easy_install command is deprecated setup.py egg_info --egg-base ../../build/irb1400_fk build --build-base /home/tracy/rbe500/ros2_ws/build/irb1400_fk/build install --record /home/tracy/rbe500/ros2_ws/build/irb1400_fk/install.log --single-version-externally-managed install_data
[1.759s] Level 1:colcon.colcon_core.environment:checking '/home/tracy/rbe500/ros2_ws/install/irb1400_fk' for CMake module files
[1.759s] Level 1:colcon.colcon_core.environment:checking '/home/tracy/rbe500/ros2_ws/install/irb1400_fk' for CMake config files
[1.760s] Level 1:colcon.colcon_core.environment:checking '/home/tracy/rbe500/ros2_ws/install/irb1400_fk/lib'
[1.760s] Level 1:colcon.colcon_core.environment:checking '/home/tracy/rbe500/ros2_ws/install/irb1400_fk/bin'
[1.760s] Level 1:colcon.colcon_core.environment:checking '/home/tracy/rbe500/ros2_ws/install/irb1400_fk/lib/pkgconfig/irb1400_fk.pc'
[1.760s] Level 1:colcon.colcon_core.environment:checking '/home/tracy/rbe500/ros2_ws/install/irb1400_fk/lib/python3.12/site-packages'
[1.760s] Level 1:colcon.colcon_core.shell:create_environment_hook('irb1400_fk', 'pythonpath')
[1.761s] INFO:colcon.colcon_core.shell:Creating environment hook '/home/tracy/rbe500/ros2_ws/install/irb1400_fk/share/irb1400_fk/hook/pythonpath.ps1'
[1.761s] INFO:colcon.colcon_core.shell:Creating environment descriptor '/home/tracy/rbe500/ros2_ws/install/irb1400_fk/share/irb1400_fk/hook/pythonpath.dsv'
[1.761s] INFO:colcon.colcon_core.shell:Creating environment hook '/home/tracy/rbe500/ros2_ws/install/irb1400_fk/share/irb1400_fk/hook/pythonpath.sh'
[1.762s] Level 1:colcon.colcon_core.environment:checking '/home/tracy/rbe500/ros2_ws/install/irb1400_fk/bin'
[1.762s] Level 1:colcon.colcon_core.environment:create_environment_scripts_only(irb1400_fk)
[1.762s] INFO:colcon.colcon_core.shell:Creating package script '/home/tracy/rbe500/ros2_ws/install/irb1400_fk/share/irb1400_fk/package.ps1'
[1.764s] INFO:colcon.colcon_core.shell:Creating package descriptor '/home/tracy/rbe500/ros2_ws/install/irb1400_fk/share/irb1400_fk/package.dsv'
[1.765s] INFO:colcon.colcon_core.shell:Creating package script '/home/tracy/rbe500/ros2_ws/install/irb1400_fk/share/irb1400_fk/package.sh'
[1.766s] INFO:colcon.colcon_core.shell:Creating package script '/home/tracy/rbe500/ros2_ws/install/irb1400_fk/share/irb1400_fk/package.bash'
[1.767s] INFO:colcon.colcon_core.shell:Creating package script '/home/tracy/rbe500/ros2_ws/install/irb1400_fk/share/irb1400_fk/package.zsh'
[1.768s] Level 1:colcon.colcon_core.environment:create_file_with_runtime_dependencies(/home/tracy/rbe500/ros2_ws/install/irb1400_fk/share/colcon-core/packages/irb1400_fk)
[1.769s] DEBUG:colcon.colcon_parallel_executor.executor.parallel:closing loop
[1.769s] DEBUG:colcon.colcon_parallel_executor.executor.parallel:loop closed
[1.770s] DEBUG:colcon.colcon_parallel_executor.executor.parallel:run_until_complete finished with '0'
[1.770s] DEBUG:colcon.colcon_core.event_reactor:joining thread
[1.833s] INFO:colcon.colcon_core.plugin_system:Skipping extension 'colcon_notification.desktop_notification.notify_send': Could not find 'notify-send'
[1.833s] INFO:colcon.colcon_core.plugin_system:Skipping extension 'colcon_notification.desktop_notification.terminal_notifier': Not used on non-Darwin systems
[1.833s] INFO:colcon.colcon_core.plugin_system:Skipping extension 'colcon_notification.desktop_notification.win32': Not used on non-Windows systems
[1.833s] INFO:colcon.colcon_notification.desktop_notification:Sending desktop notification using 'notify2'
[1.838s] DEBUG:colcon.colcon_notification.desktop_notification.notify2:Failed to initialize notify2: org.freedesktop.DBus.Error.ServiceUnknown: The name org.freedesktop.Notifications was not provided by any .service files
[1.839s] DEBUG:colcon.colcon_core.event_reactor:joined thread
[1.839s] INFO:colcon.colcon_core.shell:Creating prefix script '/home/tracy/rbe500/ros2_ws/install/local_setup.ps1'
[1.841s] INFO:colcon.colcon_core.shell:Creating prefix util module '/home/tracy/rbe500/ros2_ws/install/_local_setup_util_ps1.py'
[1.842s] INFO:colcon.colcon_core.shell:Creating prefix chain script '/home/tracy/rbe500/ros2_ws/install/setup.ps1'
[1.842s] INFO:colcon.colcon_core.shell:Creating prefix script '/home/tracy/rbe500/ros2_ws/install/local_setup.sh'
[1.844s] INFO:colcon.colcon_core.shell:Creating prefix util module '/home/tracy/rbe500/ros2_ws/install/_local_setup_util_sh.py'
[1.845s] INFO:colcon.colcon_core.shell:Creating prefix chain script '/home/tracy/rbe500/ros2_ws/install/setup.sh'
[1.846s] INFO:colcon.colcon_core.shell:Creating prefix script '/home/tracy/rbe500/ros2_ws/install/local_setup.bash'
[1.847s] INFO:colcon.colcon_core.shell:Creating prefix chain script '/home/tracy/rbe500/ros2_ws/install/setup.bash'
[1.848s] INFO:colcon.colcon_core.shell:Creating prefix script '/home/tracy/rbe500/ros2_ws/install/local_setup.zsh'
[1.848s] INFO:colcon.colcon_core.shell:Creating prefix chain script '/home/tracy/rbe500/ros2_ws/install/setup.zsh'
