running egg_info
creating ../../build/scara_fk/scara_fk.egg-info
writing ../../build/scara_fk/scara_fk.egg-info/PKG-INFO
writing dependency_links to ../../build/scara_fk/scara_fk.egg-info/dependency_links.txt
writing entry points to ../../build/scara_fk/scara_fk.egg-info/entry_points.txt
writing requirements to ../../build/scara_fk/scara_fk.egg-info/requires.txt
writing top-level names to ../../build/scara_fk/scara_fk.egg-info/top_level.txt
writing manifest file '../../build/scara_fk/scara_fk.egg-info/SOURCES.txt'
reading manifest file '../../build/scara_fk/scara_fk.egg-info/SOURCES.txt'
writing manifest file '../../build/scara_fk/scara_fk.egg-info/SOURCES.txt'
running build
running build_py
creating /home/tracy/rbe500/ros2_ws/build/scara_fk/build
creating /home/tracy/rbe500/ros2_ws/build/scara_fk/build/lib
creating /home/tracy/rbe500/ros2_ws/build/scara_fk/build/lib/scara_fk
copying scara_fk/fk_node.py -> /home/tracy/rbe500/ros2_ws/build/scara_fk/build/lib/scara_fk
copying scara_fk/__init__.py -> /home/tracy/rbe500/ros2_ws/build/scara_fk/build/lib/scara_fk
running install
running install_lib
creating /home/tracy/rbe500/ros2_ws/install/scara_fk/lib/python3.12/site-packages/scara_fk
copying /home/tracy/rbe500/ros2_ws/build/scara_fk/build/lib/scara_fk/fk_node.py -> /home/tracy/rbe500/ros2_ws/install/scara_fk/lib/python3.12/site-packages/scara_fk
copying /home/tracy/rbe500/ros2_ws/build/scara_fk/build/lib/scara_fk/__init__.py -> /home/tracy/rbe500/ros2_ws/install/scara_fk/lib/python3.12/site-packages/scara_fk
byte-compiling /home/tracy/rbe500/ros2_ws/install/scara_fk/lib/python3.12/site-packages/scara_fk/fk_node.py to fk_node.cpython-312.pyc
byte-compiling /home/tracy/rbe500/ros2_ws/install/scara_fk/lib/python3.12/site-packages/scara_fk/__init__.py to __init__.cpython-312.pyc
running install_data
creating /home/tracy/rbe500/ros2_ws/install/scara_fk/share/ament_index
creating /home/tracy/rbe500/ros2_ws/install/scara_fk/share/ament_index/resource_index
creating /home/tracy/rbe500/ros2_ws/install/scara_fk/share/ament_index/resource_index/packages
copying resource/scara_fk -> /home/tracy/rbe500/ros2_ws/install/scara_fk/share/ament_index/resource_index/packages
copying package.xml -> /home/tracy/rbe500/ros2_ws/install/scara_fk/share/scara_fk
running install_egg_info
Copying ../../build/scara_fk/scara_fk.egg-info to /home/tracy/rbe500/ros2_ws/install/scara_fk/lib/python3.12/site-packages/scara_fk-0.0.0-py3.12.egg-info
running install_scripts
Installing fk_node script to /home/tracy/rbe500/ros2_ws/install/scara_fk/bin
writing list of installed files to '/home/tracy/rbe500/ros2_ws/build/scara_fk/install.log'
