[3.118s] Invoking command in '/home/tracy/rbe500/ros2_ws/src/scara_ik_node': PYTHONPATH=/home/tracy/rbe500/ros2_ws/build/scara_ik_node/prefix_override:/usr/lib/python3/dist-packages/colcon_core/task/python/colcon_distutils_commands:/home/tracy/rbe500/ros2_ws/install/scara_ik_node/lib/python3.12/site-packages:/home/tracy/rbe500/ros2_ws/install/scara_ik/lib/python3.12/site-packages:/home/tracy/rbe500/ros2_ws/install/scara_ik_node/lib/python3.12/site-packages:/home/tracy/rbe500/ros2_ws/install/scara_fk/lib/python3.12/site-packages:/home/tracy/rbe500/ros2_ws/install/rbe500_hw1/lib/python3.12/site-packages:/home/tracy/rbe500/ros2_ws/install/quat_to_euler/lib/python3.12/site-packages:/home/tracy/rbe500/ros2_ws/install/irb1400_fk/lib/python3.12/site-packages:/opt/ros/jazzy/lib/python3.12/site-packages /usr/bin/python3 -W ignore:setup.py install is deprecated -W ignore:easy_install command is deprecated setup.py egg_info --egg-base ../../build/scara_ik_node build --build-base /home/tracy/rbe500/ros2_ws/build/scara_ik_node/build install --record /home/tracy/rbe500/ros2_ws/build/scara_ik_node/install.log --single-version-externally-managed install_data
[3.677s] running egg_info
[3.723s] writing ../../build/scara_ik_node/scara_ik_node.egg-info/PKG-INFO
[3.724s] writing dependency_links to ../../build/scara_ik_node/scara_ik_node.egg-info/dependency_links.txt
[3.725s] writing entry points to ../../build/scara_ik_node/scara_ik_node.egg-info/entry_points.txt
[3.725s] writing requirements to ../../build/scara_ik_node/scara_ik_node.egg-info/requires.txt
[3.726s] writing top-level names to ../../build/scara_ik_node/scara_ik_node.egg-info/top_level.txt
[3.803s] reading manifest file '../../build/scara_ik_node/scara_ik_node.egg-info/SOURCES.txt'
[3.804s] writing manifest file '../../build/scara_ik_node/scara_ik_node.egg-info/SOURCES.txt'
[3.804s] running build
[3.804s] running build_py
[3.804s] running install
[3.819s] running install_lib
[3.859s] running install_data
[3.860s] running install_egg_info
[3.899s] removing '/home/tracy/rbe500/ros2_ws/install/scara_ik_node/lib/python3.12/site-packages/scara_ik_node-0.0.0-py3.12.egg-info' (and everything under it)
[3.899s] Copying ../../build/scara_ik_node/scara_ik_node.egg-info to /home/tracy/rbe500/ros2_ws/install/scara_ik_node/lib/python3.12/site-packages/scara_ik_node-0.0.0-py3.12.egg-info
[3.900s] running install_scripts
[4.192s] Installing ik_node script to /home/tracy/rbe500/ros2_ws/install/scara_ik_node/lib/scara_ik_node
[4.193s] writing list of installed files to '/home/tracy/rbe500/ros2_ws/build/scara_ik_node/install.log'
[4.325s] Invoked command in '/home/tracy/rbe500/ros2_ws/src/scara_ik_node' returned '0': PYTHONPATH=/home/tracy/rbe500/ros2_ws/build/scara_ik_node/prefix_override:/usr/lib/python3/dist-packages/colcon_core/task/python/colcon_distutils_commands:/home/tracy/rbe500/ros2_ws/install/scara_ik_node/lib/python3.12/site-packages:/home/tracy/rbe500/ros2_ws/install/scara_ik/lib/python3.12/site-packages:/home/tracy/rbe500/ros2_ws/install/scara_ik_node/lib/python3.12/site-packages:/home/tracy/rbe500/ros2_ws/install/scara_fk/lib/python3.12/site-packages:/home/tracy/rbe500/ros2_ws/install/rbe500_hw1/lib/python3.12/site-packages:/home/tracy/rbe500/ros2_ws/install/quat_to_euler/lib/python3.12/site-packages:/home/tracy/rbe500/ros2_ws/install/irb1400_fk/lib/python3.12/site-packages:/opt/ros/jazzy/lib/python3.12/site-packages /usr/bin/python3 -W ignore:setup.py install is deprecated -W ignore:easy_install command is deprecated setup.py egg_info --egg-base ../../build/scara_ik_node build --build-base /home/tracy/rbe500/ros2_ws/build/scara_ik_node/build install --record /home/tracy/rbe500/ros2_ws/build/scara_ik_node/install.log --single-version-externally-managed install_data
