[0.036s] Invoking command in '/home/tracy/rbe500/ros2_ws/build/scara_ik': CMAKE_PREFIX_PATH=${CMAKE_PREFIX_PATH}:/home/tracy/rbe500/ros2_ws/install/scara_ik_node:/home/tracy/rbe500/ros2_ws/install/scara_fk:/home/tracy/rbe500/ros2_ws/install/rbe500_hw1:/home/tracy/rbe500/ros2_ws/install/quat_to_euler:/home/tracy/rbe500/ros2_ws/install/irb1400_fk:/opt/ros/jazzy /usr/bin/cmake --build /home/tracy/rbe500/ros2_ws/build/scara_ik -- -j16 -l16
[0.188s] [  2%] Built target scara_ik__rs
[0.188s] [  5%] Built target scara_ik__rosidl_generator_type_description
[0.212s] [  5%] Built target ament_cmake_python_copy_scara_ik
[0.242s] [ 11%] Built target scara_ik__cpp
[0.242s] [ 22%] Built target scara_ik__rosidl_generator_c
[0.292s] [ 31%] Built target scara_ik__rosidl_typesupport_c
[0.293s] [ 40%] Built target scara_ik__rosidl_typesupport_introspection_c
[0.293s] [ 48%] Built target scara_ik__rosidl_typesupport_fastrtps_c
[0.301s] [ 57%] Built target scara_ik__rosidl_typesupport_fastrtps_cpp
[0.301s] [ 68%] Built target scara_ik__rosidl_typesupport_cpp
[0.301s] [ 74%] Built target scara_ik__rosidl_typesupport_introspection_cpp
[0.357s] [ 74%] Built target scara_ik
[0.407s] [ 77%] Built target scara_ik__py
[0.470s] [ 82%] Built target scara_ik__rosidl_generator_py
[0.544s] [ 88%] Built target scara_ik_s__rosidl_typesupport_fastrtps_c
[0.550s] [ 94%] Built target scara_ik_s__rosidl_typesupport_c
[0.563s] [100%] Built target scara_ik_s__rosidl_typesupport_introspection_c
[0.800s] running egg_info
[0.863s] writing scara_ik.egg-info/PKG-INFO
[0.866s] writing dependency_links to scara_ik.egg-info/dependency_links.txt
[0.867s] writing top-level names to scara_ik.egg-info/top_level.txt
[1.020s] reading manifest file 'scara_ik.egg-info/SOURCES.txt'
[1.022s] writing manifest file 'scara_ik.egg-info/SOURCES.txt'
[1.159s] [100%] Built target ament_cmake_python_build_scara_ik_egg
[1.198s] Invoked command in '/home/tracy/rbe500/ros2_ws/build/scara_ik' returned '0': CMAKE_PREFIX_PATH=${CMAKE_PREFIX_PATH}:/home/tracy/rbe500/ros2_ws/install/scara_ik_node:/home/tracy/rbe500/ros2_ws/install/scara_fk:/home/tracy/rbe500/ros2_ws/install/rbe500_hw1:/home/tracy/rbe500/ros2_ws/install/quat_to_euler:/home/tracy/rbe500/ros2_ws/install/irb1400_fk:/opt/ros/jazzy /usr/bin/cmake --build /home/tracy/rbe500/ros2_ws/build/scara_ik -- -j16 -l16
[1.229s] Invoking command in '/home/tracy/rbe500/ros2_ws/build/scara_ik': CMAKE_PREFIX_PATH=${CMAKE_PREFIX_PATH}:/home/tracy/rbe500/ros2_ws/install/scara_ik_node:/home/tracy/rbe500/ros2_ws/install/scara_fk:/home/tracy/rbe500/ros2_ws/install/rbe500_hw1:/home/tracy/rbe500/ros2_ws/install/quat_to_euler:/home/tracy/rbe500/ros2_ws/install/irb1400_fk:/opt/ros/jazzy /usr/bin/cmake --install /home/tracy/rbe500/ros2_ws/build/scara_ik
[1.256s] -- Install configuration: ""
[1.257s] -- Up-to-date: /home/tracy/rbe500/ros2_ws/install/scara_ik/share/ament_index/resource_index/rosidl_interfaces/scara_ik
[1.257s] -- Up-to-date: /home/tracy/rbe500/ros2_ws/install/scara_ik/share/scara_ik/srv/ScaraIK.json
[1.257s] -- Up-to-date: /home/tracy/rbe500/ros2_ws/install/scara_ik/include/scara_ik/scara_ik
[1.258s] -- Up-to-date: /home/tracy/rbe500/ros2_ws/install/scara_ik/include/scara_ik/scara_ik/srv
[1.258s] -- Up-to-date: /home/tracy/rbe500/ros2_ws/install/scara_ik/include/scara_ik/scara_ik/srv/scara_ik.h
[1.258s] -- Up-to-date: /home/tracy/rbe500/ros2_ws/install/scara_ik/include/scara_ik/scara_ik/srv/detail
[1.259s] -- Up-to-date: /home/tracy/rbe500/ros2_ws/install/scara_ik/include/scara_ik/scara_ik/srv/detail/scara_ik__type_support.c
[1.259s] -- Up-to-date: /home/tracy/rbe500/ros2_ws/install/scara_ik/include/scara_ik/scara_ik/srv/detail/scara_ik__functions.h
[1.259s] -- Up-to-date: /home/tracy/rbe500/ros2_ws/install/scara_ik/include/scara_ik/scara_ik/srv/detail/scara_ik__functions.c
[1.259s] -- Up-to-date: /home/tracy/rbe500/ros2_ws/install/scara_ik/include/scara_ik/scara_ik/srv/detail/scara_ik__description.c
[1.260s] -- Up-to-date: /home/tracy/rbe500/ros2_ws/install/scara_ik/include/scara_ik/scara_ik/srv/detail/scara_ik__type_support.h
[1.260s] -- Up-to-date: /home/tracy/rbe500/ros2_ws/install/scara_ik/include/scara_ik/scara_ik/srv/detail/scara_ik__struct.h
[1.260s] -- Up-to-date: /home/tracy/rbe500/ros2_ws/install/scara_ik/include/scara_ik/scara_ik/msg
[1.260s] -- Up-to-date: /home/tracy/rbe500/ros2_ws/install/scara_ik/include/scara_ik/scara_ik/msg/rosidl_generator_c__visibility_control.h
[1.260s] -- Up-to-date: /home/tracy/rbe500/ros2_ws/install/scara_ik/share/scara_ik/environment/library_path.sh
[1.261s] -- Up-to-date: /home/tracy/rbe500/ros2_ws/install/scara_ik/share/scara_ik/environment/library_path.dsv
[1.261s] -- Up-to-date: /home/tracy/rbe500/ros2_ws/install/scara_ik/lib/libscara_ik__rosidl_generator_c.so
[1.261s] -- Up-to-date: /home/tracy/rbe500/ros2_ws/install/scara_ik/include/scara_ik/scara_ik
[1.261s] -- Up-to-date: /home/tracy/rbe500/ros2_ws/install/scara_ik/include/scara_ik/scara_ik/srv
[1.262s] -- Up-to-date: /home/tracy/rbe500/ros2_ws/install/scara_ik/include/scara_ik/scara_ik/srv/detail
[1.262s] -- Up-to-date: /home/tracy/rbe500/ros2_ws/install/scara_ik/include/scara_ik/scara_ik/srv/detail/scara_ik__rosidl_typesupport_fastrtps_c.h
[1.262s] -- Up-to-date: /home/tracy/rbe500/ros2_ws/install/scara_ik/include/scara_ik/scara_ik/msg
[1.265s] -- Up-to-date: /home/tracy/rbe500/ros2_ws/install/scara_ik/include/scara_ik/scara_ik/msg/rosidl_typesupport_fastrtps_c__visibility_control.h
[1.266s] -- Up-to-date: /home/tracy/rbe500/ros2_ws/install/scara_ik/lib/libscara_ik__rosidl_typesupport_fastrtps_c.so
[1.266s] -- Up-to-date: /home/tracy/rbe500/ros2_ws/install/scara_ik/include/scara_ik/scara_ik
[1.266s] -- Up-to-date: /home/tracy/rbe500/ros2_ws/install/scara_ik/include/scara_ik/scara_ik/srv
[1.266s] -- Up-to-date: /home/tracy/rbe500/ros2_ws/install/scara_ik/include/scara_ik/scara_ik/srv/detail
[1.267s] -- Up-to-date: /home/tracy/rbe500/ros2_ws/install/scara_ik/include/scara_ik/scara_ik/srv/detail/scara_ik__type_support.c
[1.267s] -- Up-to-date: /home/tracy/rbe500/ros2_ws/install/scara_ik/include/scara_ik/scara_ik/srv/detail/scara_ik__rosidl_typesupport_introspection_c.h
[1.267s] -- Up-to-date: /home/tracy/rbe500/ros2_ws/install/scara_ik/include/scara_ik/scara_ik/msg
[1.267s] -- Up-to-date: /home/tracy/rbe500/ros2_ws/install/scara_ik/include/scara_ik/scara_ik/msg/rosidl_typesupport_introspection_c__visibility_control.h
[1.268s] -- Up-to-date: /home/tracy/rbe500/ros2_ws/install/scara_ik/lib/libscara_ik__rosidl_typesupport_introspection_c.so
[1.268s] -- Up-to-date: /home/tracy/rbe500/ros2_ws/install/scara_ik/lib/libscara_ik__rosidl_typesupport_c.so
[1.268s] -- Up-to-date: /home/tracy/rbe500/ros2_ws/install/scara_ik/include/scara_ik/scara_ik
[1.268s] -- Up-to-date: /home/tracy/rbe500/ros2_ws/install/scara_ik/include/scara_ik/scara_ik/srv
[1.268s] -- Up-to-date: /home/tracy/rbe500/ros2_ws/install/scara_ik/include/scara_ik/scara_ik/srv/scara_ik.hpp
[1.268s] -- Up-to-date: /home/tracy/rbe500/ros2_ws/install/scara_ik/include/scara_ik/scara_ik/srv/detail
[1.268s] -- Up-to-date: /home/tracy/rbe500/ros2_ws/install/scara_ik/include/scara_ik/scara_ik/srv/detail/scara_ik__builder.hpp
[1.269s] -- Up-to-date: /home/tracy/rbe500/ros2_ws/install/scara_ik/include/scara_ik/scara_ik/srv/detail/scara_ik__type_support.hpp
[1.269s] -- Up-to-date: /home/tracy/rbe500/ros2_ws/install/scara_ik/include/scara_ik/scara_ik/srv/detail/scara_ik__struct.hpp
[1.269s] -- Up-to-date: /home/tracy/rbe500/ros2_ws/install/scara_ik/include/scara_ik/scara_ik/srv/detail/scara_ik__traits.hpp
[1.270s] -- Up-to-date: /home/tracy/rbe500/ros2_ws/install/scara_ik/include/scara_ik/scara_ik/msg
[1.270s] -- Up-to-date: /home/tracy/rbe500/ros2_ws/install/scara_ik/include/scara_ik/scara_ik/msg/rosidl_generator_cpp__visibility_control.hpp
[1.270s] -- Up-to-date: /home/tracy/rbe500/ros2_ws/install/scara_ik/include/scara_ik/scara_ik
[1.270s] -- Up-to-date: /home/tracy/rbe500/ros2_ws/install/scara_ik/include/scara_ik/scara_ik/srv
[1.270s] -- Up-to-date: /home/tracy/rbe500/ros2_ws/install/scara_ik/include/scara_ik/scara_ik/srv/detail
[1.271s] -- Up-to-date: /home/tracy/rbe500/ros2_ws/install/scara_ik/include/scara_ik/scara_ik/srv/detail/scara_ik__rosidl_typesupport_fastrtps_cpp.hpp
[1.271s] -- Up-to-date: /home/tracy/rbe500/ros2_ws/install/scara_ik/include/scara_ik/scara_ik/srv/detail/dds_fastrtps
[1.271s] -- Up-to-date: /home/tracy/rbe500/ros2_ws/install/scara_ik/include/scara_ik/scara_ik/msg
[1.271s] -- Up-to-date: /home/tracy/rbe500/ros2_ws/install/scara_ik/include/scara_ik/scara_ik/msg/rosidl_typesupport_fastrtps_cpp__visibility_control.h
[1.272s] -- Up-to-date: /home/tracy/rbe500/ros2_ws/install/scara_ik/lib/libscara_ik__rosidl_typesupport_fastrtps_cpp.so
[1.272s] -- Up-to-date: /home/tracy/rbe500/ros2_ws/install/scara_ik/include/scara_ik/scara_ik
[1.272s] -- Up-to-date: /home/tracy/rbe500/ros2_ws/install/scara_ik/include/scara_ik/scara_ik/srv
[1.273s] -- Up-to-date: /home/tracy/rbe500/ros2_ws/install/scara_ik/include/scara_ik/scara_ik/srv/detail
[1.273s] -- Up-to-date: /home/tracy/rbe500/ros2_ws/install/scara_ik/include/scara_ik/scara_ik/srv/detail/scara_ik__rosidl_typesupport_introspection_cpp.hpp
[1.273s] -- Up-to-date: /home/tracy/rbe500/ros2_ws/install/scara_ik/include/scara_ik/scara_ik/srv/detail/scara_ik__type_support.cpp
[1.274s] -- Up-to-date: /home/tracy/rbe500/ros2_ws/install/scara_ik/lib/libscara_ik__rosidl_typesupport_introspection_cpp.so
[1.274s] -- Up-to-date: /home/tracy/rbe500/ros2_ws/install/scara_ik/lib/libscara_ik__rosidl_typesupport_cpp.so
[1.274s] -- Up-to-date: /home/tracy/rbe500/ros2_ws/install/scara_ik/share/scara_ik/environment/pythonpath.sh
[1.274s] -- Up-to-date: /home/tracy/rbe500/ros2_ws/install/scara_ik/share/scara_ik/environment/pythonpath.dsv
[1.274s] -- Up-to-date: /home/tracy/rbe500/ros2_ws/install/scara_ik/lib/python3.12/site-packages/scara_ik-0.0.0-py3.12.egg-info
[1.274s] -- Installing: /home/tracy/rbe500/ros2_ws/install/scara_ik/lib/python3.12/site-packages/scara_ik-0.0.0-py3.12.egg-info/top_level.txt
[1.274s] -- Installing: /home/tracy/rbe500/ros2_ws/install/scara_ik/lib/python3.12/site-packages/scara_ik-0.0.0-py3.12.egg-info/dependency_links.txt
[1.275s] -- Installing: /home/tracy/rbe500/ros2_ws/install/scara_ik/lib/python3.12/site-packages/scara_ik-0.0.0-py3.12.egg-info/SOURCES.txt
[1.275s] -- Installing: /home/tracy/rbe500/ros2_ws/install/scara_ik/lib/python3.12/site-packages/scara_ik-0.0.0-py3.12.egg-info/PKG-INFO
[1.275s] -- Up-to-date: /home/tracy/rbe500/ros2_ws/install/scara_ik/lib/python3.12/site-packages/scara_ik
[1.275s] -- Up-to-date: /home/tracy/rbe500/ros2_ws/install/scara_ik/lib/python3.12/site-packages/scara_ik/scara_ik_s__rosidl_typesupport_c.so
[1.275s] -- Up-to-date: /home/tracy/rbe500/ros2_ws/install/scara_ik/lib/python3.12/site-packages/scara_ik/srv
[1.275s] -- Up-to-date: /home/tracy/rbe500/ros2_ws/install/scara_ik/lib/python3.12/site-packages/scara_ik/srv/_scara_ik.py
[1.275s] -- Up-to-date: /home/tracy/rbe500/ros2_ws/install/scara_ik/lib/python3.12/site-packages/scara_ik/srv/_scara_ik_s.c
[1.275s] -- Up-to-date: /home/tracy/rbe500/ros2_ws/install/scara_ik/lib/python3.12/site-packages/scara_ik/srv/__init__.py
[1.275s] -- Up-to-date: /home/tracy/rbe500/ros2_ws/install/scara_ik/lib/python3.12/site-packages/scara_ik/scara_ik_s__rosidl_typesupport_introspection_c.so
[1.276s] -- Up-to-date: /home/tracy/rbe500/ros2_ws/install/scara_ik/lib/python3.12/site-packages/scara_ik/scara_ik_s__rosidl_typesupport_fastrtps_c.so
[1.276s] -- Up-to-date: /home/tracy/rbe500/ros2_ws/install/scara_ik/lib/python3.12/site-packages/scara_ik/_scara_ik_s.ep.rosidl_typesupport_introspection_c.c
[1.276s] -- Up-to-date: /home/tracy/rbe500/ros2_ws/install/scara_ik/lib/python3.12/site-packages/scara_ik/_scara_ik_s.ep.rosidl_typesupport_fastrtps_c.c
[1.276s] -- Up-to-date: /home/tracy/rbe500/ros2_ws/install/scara_ik/lib/python3.12/site-packages/scara_ik/__init__.py
[1.276s] -- Up-to-date: /home/tracy/rbe500/ros2_ws/install/scara_ik/lib/python3.12/site-packages/scara_ik/_scara_ik_s.ep.rosidl_typesupport_c.c
[1.371s] Listing '/home/tracy/rbe500/ros2_ws/install/scara_ik/lib/python3.12/site-packages/scara_ik'...
[1.371s] Listing '/home/tracy/rbe500/ros2_ws/install/scara_ik/lib/python3.12/site-packages/scara_ik/srv'...
[1.389s] -- Up-to-date: /home/tracy/rbe500/ros2_ws/install/scara_ik/lib/python3.12/site-packages/scara_ik/scara_ik_s__rosidl_typesupport_fastrtps_c.so
[1.390s] -- Up-to-date: /home/tracy/rbe500/ros2_ws/install/scara_ik/lib/python3.12/site-packages/scara_ik/scara_ik_s__rosidl_typesupport_introspection_c.so
[1.390s] -- Up-to-date: /home/tracy/rbe500/ros2_ws/install/scara_ik/lib/python3.12/site-packages/scara_ik/scara_ik_s__rosidl_typesupport_c.so
[1.391s] -- Up-to-date: /home/tracy/rbe500/ros2_ws/install/scara_ik/lib/libscara_ik__rosidl_generator_py.so
[1.391s] -- Up-to-date: /home/tracy/rbe500/ros2_ws/install/scara_ik/share/ament_index/resource_index/rust_packages/scara_ik
[1.392s] -- Up-to-date: /home/tracy/rbe500/ros2_ws/install/scara_ik/share/scara_ik/rust
[1.392s] -- Up-to-date: /home/tracy/rbe500/ros2_ws/install/scara_ik/share/scara_ik/rust/src
[1.392s] -- Up-to-date: /home/tracy/rbe500/ros2_ws/install/scara_ik/share/scara_ik/rust/src/srv
[1.392s] -- Up-to-date: /home/tracy/rbe500/ros2_ws/install/scara_ik/share/scara_ik/rust/src/srv/rmw.rs
[1.392s] -- Up-to-date: /home/tracy/rbe500/ros2_ws/install/scara_ik/share/scara_ik/rust/src/srv.rs
[1.392s] -- Up-to-date: /home/tracy/rbe500/ros2_ws/install/scara_ik/share/scara_ik/rust/src/lib.rs
[1.392s] -- Up-to-date: /home/tracy/rbe500/ros2_ws/install/scara_ik/share/scara_ik/rust/Cargo.toml
[1.392s] -- Up-to-date: /home/tracy/rbe500/ros2_ws/install/scara_ik/share/scara_ik/rust/build.rs
[1.393s] -- Up-to-date: /home/tracy/rbe500/ros2_ws/install/scara_ik/share/scara_ik/srv/ScaraIK.idl
[1.394s] -- Up-to-date: /home/tracy/rbe500/ros2_ws/install/scara_ik/share/scara_ik/srv/ScaraIK.srv
[1.394s] -- Up-to-date: /home/tracy/rbe500/ros2_ws/install/scara_ik/lib/scara_ik/ik_node.py
[1.394s] -- Up-to-date: /home/tracy/rbe500/ros2_ws/install/scara_ik/lib/scara_ik
[1.394s] -- Up-to-date: /home/tracy/rbe500/ros2_ws/install/scara_ik/lib/scara_ik/ik_node.py
[1.394s] -- Up-to-date: /home/tracy/rbe500/ros2_ws/install/scara_ik/lib/scara_ik/__init__.py
[1.395s] -- Up-to-date: /home/tracy/rbe500/ros2_ws/install/scara_ik/share/ament_index/resource_index/package_run_dependencies/scara_ik
[1.395s] -- Up-to-date: /home/tracy/rbe500/ros2_ws/install/scara_ik/share/ament_index/resource_index/parent_prefix_path/scara_ik
[1.395s] -- Up-to-date: /home/tracy/rbe500/ros2_ws/install/scara_ik/share/scara_ik/environment/ament_prefix_path.sh
[1.396s] -- Up-to-date: /home/tracy/rbe500/ros2_ws/install/scara_ik/share/scara_ik/environment/ament_prefix_path.dsv
[1.396s] -- Up-to-date: /home/tracy/rbe500/ros2_ws/install/scara_ik/share/scara_ik/environment/path.sh
[1.396s] -- Up-to-date: /home/tracy/rbe500/ros2_ws/install/scara_ik/share/scara_ik/environment/path.dsv
[1.397s] -- Up-to-date: /home/tracy/rbe500/ros2_ws/install/scara_ik/share/scara_ik/local_setup.bash
[1.397s] -- Up-to-date: /home/tracy/rbe500/ros2_ws/install/scara_ik/share/scara_ik/local_setup.sh
[1.397s] -- Up-to-date: /home/tracy/rbe500/ros2_ws/install/scara_ik/share/scara_ik/local_setup.zsh
[1.397s] -- Up-to-date: /home/tracy/rbe500/ros2_ws/install/scara_ik/share/scara_ik/local_setup.dsv
[1.398s] -- Installing: /home/tracy/rbe500/ros2_ws/install/scara_ik/share/scara_ik/package.dsv
[1.398s] -- Up-to-date: /home/tracy/rbe500/ros2_ws/install/scara_ik/share/ament_index/resource_index/packages/scara_ik
[1.399s] -- Up-to-date: /home/tracy/rbe500/ros2_ws/install/scara_ik/share/scara_ik/cmake/export_scara_ik__rosidl_generator_cExport.cmake
[1.399s] -- Up-to-date: /home/tracy/rbe500/ros2_ws/install/scara_ik/share/scara_ik/cmake/export_scara_ik__rosidl_generator_cExport-noconfig.cmake
[1.399s] -- Up-to-date: /home/tracy/rbe500/ros2_ws/install/scara_ik/share/scara_ik/cmake/export_scara_ik__rosidl_typesupport_fastrtps_cExport.cmake
[1.399s] -- Up-to-date: /home/tracy/rbe500/ros2_ws/install/scara_ik/share/scara_ik/cmake/export_scara_ik__rosidl_typesupport_fastrtps_cExport-noconfig.cmake
[1.399s] -- Up-to-date: /home/tracy/rbe500/ros2_ws/install/scara_ik/share/scara_ik/cmake/scara_ik__rosidl_typesupport_introspection_cExport.cmake
[1.399s] -- Up-to-date: /home/tracy/rbe500/ros2_ws/install/scara_ik/share/scara_ik/cmake/scara_ik__rosidl_typesupport_introspection_cExport-noconfig.cmake
[1.399s] -- Up-to-date: /home/tracy/rbe500/ros2_ws/install/scara_ik/share/scara_ik/cmake/scara_ik__rosidl_typesupport_cExport.cmake
[1.399s] -- Up-to-date: /home/tracy/rbe500/ros2_ws/install/scara_ik/share/scara_ik/cmake/scara_ik__rosidl_typesupport_cExport-noconfig.cmake
[1.400s] -- Up-to-date: /home/tracy/rbe500/ros2_ws/install/scara_ik/share/scara_ik/cmake/export_scara_ik__rosidl_generator_cppExport.cmake
[1.400s] -- Up-to-date: /home/tracy/rbe500/ros2_ws/install/scara_ik/share/scara_ik/cmake/export_scara_ik__rosidl_typesupport_fastrtps_cppExport.cmake
[1.400s] -- Up-to-date: /home/tracy/rbe500/ros2_ws/install/scara_ik/share/scara_ik/cmake/export_scara_ik__rosidl_typesupport_fastrtps_cppExport-noconfig.cmake
[1.400s] -- Up-to-date: /home/tracy/rbe500/ros2_ws/install/scara_ik/share/scara_ik/cmake/scara_ik__rosidl_typesupport_introspection_cppExport.cmake
[1.401s] -- Up-to-date: /home/tracy/rbe500/ros2_ws/install/scara_ik/share/scara_ik/cmake/scara_ik__rosidl_typesupport_introspection_cppExport-noconfig.cmake
[1.401s] -- Up-to-date: /home/tracy/rbe500/ros2_ws/install/scara_ik/share/scara_ik/cmake/scara_ik__rosidl_typesupport_cppExport.cmake
[1.401s] -- Up-to-date: /home/tracy/rbe500/ros2_ws/install/scara_ik/share/scara_ik/cmake/scara_ik__rosidl_typesupport_cppExport-noconfig.cmake
[1.402s] -- Up-to-date: /home/tracy/rbe500/ros2_ws/install/scara_ik/share/scara_ik/cmake/export_scara_ik__rosidl_generator_pyExport.cmake
[1.403s] -- Up-to-date: /home/tracy/rbe500/ros2_ws/install/scara_ik/share/scara_ik/cmake/export_scara_ik__rosidl_generator_pyExport-noconfig.cmake
[1.403s] -- Up-to-date: /home/tracy/rbe500/ros2_ws/install/scara_ik/share/scara_ik/cmake/rosidl_cmake-extras.cmake
[1.403s] -- Up-to-date: /home/tracy/rbe500/ros2_ws/install/scara_ik/share/scara_ik/cmake/ament_cmake_export_dependencies-extras.cmake
[1.404s] -- Up-to-date: /home/tracy/rbe500/ros2_ws/install/scara_ik/share/scara_ik/cmake/ament_cmake_export_include_directories-extras.cmake
[1.405s] -- Up-to-date: /home/tracy/rbe500/ros2_ws/install/scara_ik/share/scara_ik/cmake/ament_cmake_export_libraries-extras.cmake
[1.406s] -- Up-to-date: /home/tracy/rbe500/ros2_ws/install/scara_ik/share/scara_ik/cmake/ament_cmake_export_targets-extras.cmake
[1.407s] -- Up-to-date: /home/tracy/rbe500/ros2_ws/install/scara_ik/share/scara_ik/cmake/rosidl_cmake_export_typesupport_targets-extras.cmake
[1.408s] -- Up-to-date: /home/tracy/rbe500/ros2_ws/install/scara_ik/share/scara_ik/cmake/rosidl_cmake_export_typesupport_libraries-extras.cmake
[1.409s] -- Up-to-date: /home/tracy/rbe500/ros2_ws/install/scara_ik/share/scara_ik/cmake/scara_ikConfig.cmake
[1.409s] -- Up-to-date: /home/tracy/rbe500/ros2_ws/install/scara_ik/share/scara_ik/cmake/scara_ikConfig-version.cmake
[1.410s] -- Up-to-date: /home/tracy/rbe500/ros2_ws/install/scara_ik/share/scara_ik/package.xml
[1.411s] Invoked command in '/home/tracy/rbe500/ros2_ws/build/scara_ik' returned '0': CMAKE_PREFIX_PATH=${CMAKE_PREFIX_PATH}:/home/tracy/rbe500/ros2_ws/install/scara_ik_node:/home/tracy/rbe500/ros2_ws/install/scara_fk:/home/tracy/rbe500/ros2_ws/install/rbe500_hw1:/home/tracy/rbe500/ros2_ws/install/quat_to_euler:/home/tracy/rbe500/ros2_ws/install/irb1400_fk:/opt/ros/jazzy /usr/bin/cmake --install /home/tracy/rbe500/ros2_ws/build/scara_ik
