[0.018s] Invoking command in '/home/tracy/rbe500/ros2_ws/build/scara_description': CMAKE_PREFIX_PATH=${CMAKE_PREFIX_PATH}:/home/tracy/rbe500/ros2_ws/install/scara_fk:/home/tracy/rbe500/ros2_ws/install/rbe500_hw1:/home/tracy/rbe500/ros2_ws/install/quat_to_euler:/home/tracy/rbe500/ros2_ws/install/irb1400_fk:/opt/ros/jazzy /usr/bin/cmake /home/tracy/rbe500/ros2_ws/src/scara_description -DCMAKE_INSTALL_PREFIX=/home/tracy/rbe500/ros2_ws/install/scara_description
[0.367s] -- The C compiler identification is GNU 13.3.0
[1.647s] -- The CXX compiler identification is GNU 13.3.0
[2.945s] -- Detecting C compiler ABI info
[3.384s] -- Detecting C compiler ABI info - done
[3.393s] -- Check for working C compiler: /usr/bin/cc - skipped
[3.393s] -- Detecting C compile features
[3.394s] -- Detecting C compile features - done
[3.571s] -- Detecting CXX compiler ABI info
[4.011s] -- Detecting CXX compiler ABI info - done
[4.020s] -- Check for working CXX compiler: /usr/bin/c++ - skipped
[4.020s] -- Detecting CXX compile features
[4.021s] -- Detecting CXX compile features - done
[4.032s] -- Found ament_cmake: 2.5.6 (/opt/ros/jazzy/share/ament_cmake/cmake)
[4.189s] -- Found Python3: /usr/bin/python3 (found version "3.12.3") found components: Interpreter 
[4.329s] -- Found ament_lint_auto: 0.17.5 (/opt/ros/jazzy/share/ament_lint_auto/cmake)
[4.452s] -- Added test 'flake8' to check Python code syntax and style conventions
[4.452s] -- Configured 'flake8' exclude dirs and/or files: 
[4.453s] -- Added test 'lint_cmake' to check CMake code style
[4.454s] -- Added test 'pep257' to check Python code against some of the docstring style conventions in PEP 257
[4.457s] -- Added test 'xmllint' to check XML markup files
[4.459s] -- Configuring done (4.4s)
[4.465s] -- Generating done (0.0s)
[4.468s] -- Build files have been written to: /home/tracy/rbe500/ros2_ws/build/scara_description
[4.474s] Invoked command in '/home/tracy/rbe500/ros2_ws/build/scara_description' returned '0': CMAKE_PREFIX_PATH=${CMAKE_PREFIX_PATH}:/home/tracy/rbe500/ros2_ws/install/scara_fk:/home/tracy/rbe500/ros2_ws/install/rbe500_hw1:/home/tracy/rbe500/ros2_ws/install/quat_to_euler:/home/tracy/rbe500/ros2_ws/install/irb1400_fk:/opt/ros/jazzy /usr/bin/cmake /home/tracy/rbe500/ros2_ws/src/scara_description -DCMAKE_INSTALL_PREFIX=/home/tracy/rbe500/ros2_ws/install/scara_description
[4.475s] Invoking command in '/home/tracy/rbe500/ros2_ws/build/scara_description': CMAKE_PREFIX_PATH=${CMAKE_PREFIX_PATH}:/home/tracy/rbe500/ros2_ws/install/scara_fk:/home/tracy/rbe500/ros2_ws/install/rbe500_hw1:/home/tracy/rbe500/ros2_ws/install/quat_to_euler:/home/tracy/rbe500/ros2_ws/install/irb1400_fk:/opt/ros/jazzy /usr/bin/cmake --build /home/tracy/rbe500/ros2_ws/build/scara_description -- -j16 -l16
[4.518s] Invoked command in '/home/tracy/rbe500/ros2_ws/build/scara_description' returned '0': CMAKE_PREFIX_PATH=${CMAKE_PREFIX_PATH}:/home/tracy/rbe500/ros2_ws/install/scara_fk:/home/tracy/rbe500/ros2_ws/install/rbe500_hw1:/home/tracy/rbe500/ros2_ws/install/quat_to_euler:/home/tracy/rbe500/ros2_ws/install/irb1400_fk:/opt/ros/jazzy /usr/bin/cmake --build /home/tracy/rbe500/ros2_ws/build/scara_description -- -j16 -l16
[4.528s] Invoking command in '/home/tracy/rbe500/ros2_ws/build/scara_description': CMAKE_PREFIX_PATH=${CMAKE_PREFIX_PATH}:/home/tracy/rbe500/ros2_ws/install/scara_fk:/home/tracy/rbe500/ros2_ws/install/rbe500_hw1:/home/tracy/rbe500/ros2_ws/install/quat_to_euler:/home/tracy/rbe500/ros2_ws/install/irb1400_fk:/opt/ros/jazzy /usr/bin/cmake --install /home/tracy/rbe500/ros2_ws/build/scara_description
[4.537s] -- Install configuration: ""
[4.537s] -- Installing: /home/tracy/rbe500/ros2_ws/install/scara_description/share/scara_description/config
[4.538s] -- Installing: /home/tracy/rbe500/ros2_ws/install/scara_description/share/scara_description/config/scara.config.xacro
[4.540s] -- Installing: /home/tracy/rbe500/ros2_ws/install/scara_description/share/scara_description/config/materials.urdf
[4.540s] -- Installing: /home/tracy/rbe500/ros2_ws/install/scara_description/share/scara_description/urdf
[4.541s] -- Installing: /home/tracy/rbe500/ros2_ws/install/scara_description/share/scara_description/urdf/scara.urdf
[4.541s] -- Installing: /home/tracy/rbe500/ros2_ws/install/scara_description/share/scara_description/ros2_control
[4.541s] -- Installing: /home/tracy/rbe500/ros2_ws/install/scara_description/share/scara_description/ros2_control/scara.ros2_control.urdf
[4.542s] -- Installing: /home/tracy/rbe500/ros2_ws/install/scara_description/share/scara_description/launch
[4.542s] -- Installing: /home/tracy/rbe500/ros2_ws/install/scara_description/share/scara_description/launch/scara.launch.py
[4.543s] -- Installing: /home/tracy/rbe500/ros2_ws/install/scara_description/share/ament_index/resource_index/package_run_dependencies/scara_description
[4.544s] -- Installing: /home/tracy/rbe500/ros2_ws/install/scara_description/share/ament_index/resource_index/parent_prefix_path/scara_description
[4.544s] -- Installing: /home/tracy/rbe500/ros2_ws/install/scara_description/share/scara_description/environment/ament_prefix_path.sh
[4.544s] -- Installing: /home/tracy/rbe500/ros2_ws/install/scara_description/share/scara_description/environment/ament_prefix_path.dsv
[4.545s] -- Installing: /home/tracy/rbe500/ros2_ws/install/scara_description/share/scara_description/environment/path.sh
[4.545s] -- Installing: /home/tracy/rbe500/ros2_ws/install/scara_description/share/scara_description/environment/path.dsv
[4.545s] -- Installing: /home/tracy/rbe500/ros2_ws/install/scara_description/share/scara_description/local_setup.bash
[4.545s] -- Installing: /home/tracy/rbe500/ros2_ws/install/scara_description/share/scara_description/local_setup.sh
[4.545s] -- Installing: /home/tracy/rbe500/ros2_ws/install/scara_description/share/scara_description/local_setup.zsh
[4.546s] -- Installing: /home/tracy/rbe500/ros2_ws/install/scara_description/share/scara_description/local_setup.dsv
[4.546s] -- Installing: /home/tracy/rbe500/ros2_ws/install/scara_description/share/scara_description/package.dsv
[4.547s] -- Installing: /home/tracy/rbe500/ros2_ws/install/scara_description/share/ament_index/resource_index/packages/scara_description
[4.547s] -- Installing: /home/tracy/rbe500/ros2_ws/install/scara_description/share/scara_description/cmake/scara_descriptionConfig.cmake
[4.547s] -- Installing: /home/tracy/rbe500/ros2_ws/install/scara_description/share/scara_description/cmake/scara_descriptionConfig-version.cmake
[4.547s] -- Installing: /home/tracy/rbe500/ros2_ws/install/scara_description/share/scara_description/package.xml
[4.550s] Invoked command in '/home/tracy/rbe500/ros2_ws/build/scara_description' returned '0': CMAKE_PREFIX_PATH=${CMAKE_PREFIX_PATH}:/home/tracy/rbe500/ros2_ws/install/scara_fk:/home/tracy/rbe500/ros2_ws/install/rbe500_hw1:/home/tracy/rbe500/ros2_ws/install/quat_to_euler:/home/tracy/rbe500/ros2_ws/install/irb1400_fk:/opt/ros/jazzy /usr/bin/cmake --install /home/tracy/rbe500/ros2_ws/build/scara_description
